2025-10-30 15:50:27,353 - __main__ - INFO - 🤖 启动 Bot (Polling 模式)...
2025-10-30 15:50:27,354 - __main__ - INFO - 🚀 初始化 Telegram Bot...
2025-10-30 15:50:27,392 - __main__ - INFO - ✅ 数据库初始化完成
2025-10-30 15:50:27,393 - __main__ - INFO - ✅ Redis 连接成功
2025-10-30 15:50:27,440 - __main__ - INFO - ✅ 钱包管理器初始化完成
2025-10-30 15:50:27,440 - __main__ - INFO - ✅ 处理器初始化完成
2025-10-30 15:50:27,440 - __main__ - INFO - 📝 注册处理器...
/workspaces/tg_dgn_bot/src/bot_admin/handler.py:689: PTBUserWarning: If 'per_message=False', 'CallbackQueryHandler' will not be tracked for every message. Read this FAQ entry to learn more about the per_* settings: https://github.com/python-telegram-bot/python-telegram-bot/wiki/Frequently-Asked-Questions#what-do-the-per_-settings-in-conversationhandler-do.
  return ConversationHandler(
2025-10-30 15:50:27,441 - __main__ - INFO - ✅ 管理员面板处理器已注册
/workspaces/tg_dgn_bot/src/premium/handler.py:65: PTBUserWarning: If 'per_message=False', 'CallbackQueryHandler' will not be tracked for every message. Read this FAQ entry to learn more about the per_* settings: https://github.com/python-telegram-bot/python-telegram-bot/wiki/Frequently-Asked-Questions#what-do-the-per_-settings-in-conversationhandler-do.
  return ConversationHandler(
/workspaces/tg_dgn_bot/src/energy/handler_direct.py:447: PTBUserWarning: If 'per_message=False', 'CallbackQueryHandler' will not be tracked for every message. Read this FAQ entry to learn more about the per_* settings: https://github.com/python-telegram-bot/python-telegram-bot/wiki/Frequently-Asked-Questions#what-do-the-per_-settings-in-conversationhandler-do.
  return ConversationHandler(
2025-10-30 15:50:27,443 - __main__ - INFO - ✅ 能量兑换处理器已注册（TRX/USDT 直转模式）
2025-10-30 15:50:27,443 - src.trx_exchange.trx_sender - INFO - TRXSender initialized in TEST MODE (no real transfers)
/workspaces/tg_dgn_bot/src/trx_exchange/handler.py:350: PTBUserWarning: If 'per_message=False', 'CallbackQueryHandler' will not be tracked for every message. Read this FAQ entry to learn more about the per_* settings: https://github.com/python-telegram-bot/python-telegram-bot/wiki/Frequently-Asked-Questions#what-do-the-per_-settings-in-conversationhandler-do.
  return ConversationHandler(
2025-10-30 15:50:27,443 - __main__ - INFO - ✅ TRX 兑换处理器已注册
2025-10-30 15:50:27,443 - __main__ - INFO - ✅ 所有处理器注册完成
2025-10-30 15:50:27,935 - httpx - INFO - HTTP Request: POST https://api.telegram.org/bot8229132294:AAGIgDjK-q5AdTQyQQ9RplbJYkW3zvaFVdQ/getMe "HTTP/1.1 200 OK"
2025-10-30 15:50:27,935 - telegram.ext.Application - INFO - Application started
2025-10-30 15:50:28,216 - httpx - INFO - HTTP Request: POST https://api.telegram.org/bot8229132294:AAGIgDjK-q5AdTQyQQ9RplbJYkW3zvaFVdQ/setMyCommands "HTTP/1.1 200 OK"
2025-10-30 15:50:28,217 - __main__ - INFO - ✅ 已设置通用用户命令
2025-10-30 15:50:28,500 - httpx - INFO - HTTP Request: POST https://api.telegram.org/bot8229132294:AAGIgDjK-q5AdTQyQQ9RplbJYkW3zvaFVdQ/setMyCommands "HTTP/1.1 200 OK"
2025-10-30 15:50:28,501 - __main__ - INFO - ✅ 已设置 Owner 管理员命令（User ID: 8306752124）
2025-10-30 15:50:28,501 - __main__ - INFO - ✅ Bot 菜单命令已设置
2025-10-30 15:50:28,663 - httpx - INFO - HTTP Request: POST https://api.telegram.org/bot8229132294:AAGIgDjK-q5AdTQyQQ9RplbJYkW3zvaFVdQ/deleteWebhook "HTTP/1.1 200 OK"
2025-10-30 15:50:28,663 - __main__ - INFO - ✅ Bot 启动成功！
2025-10-30 15:50:28,823 - httpx - INFO - HTTP Request: POST https://api.telegram.org/bot8229132294:AAGIgDjK-q5AdTQyQQ9RplbJYkW3zvaFVdQ/getMe "HTTP/1.1 200 OK"
2025-10-30 15:50:28,823 - __main__ - INFO - 📱 Bot 用户名: @Dhdjdbrj_bot
2025-10-30 15:50:28,824 - __main__ - INFO - 🎯 等待用户消息...
2025-10-30 15:50:39,150 - httpx - INFO - HTTP Request: POST https://api.telegram.org/bot8229132294:AAGIgDjK-q5AdTQyQQ9RplbJYkW3zvaFVdQ/getUpdates "HTTP/1.1 200 OK"
2025-10-30 15:50:49,311 - httpx - INFO - HTTP Request: POST https://api.telegram.org/bot8229132294:AAGIgDjK-q5AdTQyQQ9RplbJYkW3zvaFVdQ/getUpdates "HTTP/1.1 200 OK"
2025-10-30 15:50:59,472 - httpx - INFO - HTTP Request: POST https://api.telegram.org/bot8229132294:AAGIgDjK-q5AdTQyQQ9RplbJYkW3zvaFVdQ/getUpdates "HTTP/1.1 200 OK"
2025-10-30 15:51:09,635 - httpx - INFO - HTTP Request: POST https://api.telegram.org/bot8229132294:AAGIgDjK-q5AdTQyQQ9RplbJYkW3zvaFVdQ/getUpdates "HTTP/1.1 200 OK"
2025-10-30 15:51:19,797 - httpx - INFO - HTTP Request: POST https://api.telegram.org/bot8229132294:AAGIgDjK-q5AdTQyQQ9RplbJYkW3zvaFVdQ/getUpdates "HTTP/1.1 200 OK"
2025-10-30 15:51:29,959 - httpx - INFO - HTTP Request: POST https://api.telegram.org/bot8229132294:AAGIgDjK-q5AdTQyQQ9RplbJYkW3zvaFVdQ/getUpdates "HTTP/1.1 200 OK"
2025-10-30 15:51:40,120 - httpx - INFO - HTTP Request: POST https://api.telegram.org/bot8229132294:AAGIgDjK-q5AdTQyQQ9RplbJYkW3zvaFVdQ/getUpdates "HTTP/1.1 200 OK"
2025-10-30 15:51:50,282 - httpx - INFO - HTTP Request: POST https://api.telegram.org/bot8229132294:AAGIgDjK-q5AdTQyQQ9RplbJYkW3zvaFVdQ/getUpdates "HTTP/1.1 200 OK"
2025-10-30 15:52:00,444 - httpx - INFO - HTTP Request: POST https://api.telegram.org/bot8229132294:AAGIgDjK-q5AdTQyQQ9RplbJYkW3zvaFVdQ/getUpdates "HTTP/1.1 200 OK"
2025-10-30 15:52:09,021 - httpx - INFO - HTTP Request: POST https://api.telegram.org/bot8229132294:AAGIgDjK-q5AdTQyQQ9RplbJYkW3zvaFVdQ/getUpdates "HTTP/1.1 200 OK"
2025-10-30 15:52:10,082 - httpx - INFO - HTTP Request: POST https://api.telegram.org/bot8229132294:AAGIgDjK-q5AdTQyQQ9RplbJYkW3zvaFVdQ/sendMessage "HTTP/1.1 200 OK"
2025-10-30 15:52:10,380 - httpx - INFO - HTTP Request: POST https://api.telegram.org/bot8229132294:AAGIgDjK-q5AdTQyQQ9RplbJYkW3zvaFVdQ/sendMessage "HTTP/1.1 200 OK"
2025-10-30 15:52:19,282 - httpx - INFO - HTTP Request: POST https://api.telegram.org/bot8229132294:AAGIgDjK-q5AdTQyQQ9RplbJYkW3zvaFVdQ/getUpdates "HTTP/1.1 200 OK"
2025-10-30 15:52:20,776 - httpx - INFO - HTTP Request: POST https://api.telegram.org/bot8229132294:AAGIgDjK-q5AdTQyQQ9RplbJYkW3zvaFVdQ/getUpdates "HTTP/1.1 200 OK"
2025-10-30 15:52:21,388 - httpx - INFO - HTTP Request: POST https://api.telegram.org/bot8229132294:AAGIgDjK-q5AdTQyQQ9RplbJYkW3zvaFVdQ/sendMessage "HTTP/1.1 200 OK"
2025-10-30 15:52:29,261 - httpx - INFO - HTTP Request: POST https://api.telegram.org/bot8229132294:AAGIgDjK-q5AdTQyQQ9RplbJYkW3zvaFVdQ/getUpdates "HTTP/1.1 200 OK"
2025-10-30 15:52:29,405 - httpx - INFO - HTTP Request: GET https://www.okx.com/v3/c2c/tradingOrders/books?quoteCurrency=CNY&baseCurrency=USDT&side=sell&paymentMethod=all&limit=10 "HTTP/1.1 200 OK"
2025-10-30 15:52:30,024 - httpx - INFO - HTTP Request: POST https://api.telegram.org/bot8229132294:AAGIgDjK-q5AdTQyQQ9RplbJYkW3zvaFVdQ/sendMessage "HTTP/1.1 200 OK"
2025-10-30 15:52:35,651 - httpx - INFO - HTTP Request: POST https://api.telegram.org/bot8229132294:AAGIgDjK-q5AdTQyQQ9RplbJYkW3zvaFVdQ/getUpdates "HTTP/1.1 200 OK"
2025-10-30 15:52:36,255 - httpx - INFO - HTTP Request: POST https://api.telegram.org/bot8229132294:AAGIgDjK-q5AdTQyQQ9RplbJYkW3zvaFVdQ/answerCallbackQuery "HTTP/1.1 200 OK"
2025-10-30 15:52:37,808 - httpx - INFO - HTTP Request: POST https://api.telegram.org/bot8229132294:AAGIgDjK-q5AdTQyQQ9RplbJYkW3zvaFVdQ/getUpdates "HTTP/1.1 200 OK"
2025-10-30 15:52:38,089 - httpx - INFO - HTTP Request: POST https://api.telegram.org/bot8229132294:AAGIgDjK-q5AdTQyQQ9RplbJYkW3zvaFVdQ/answerCallbackQuery "HTTP/1.1 200 OK"
2025-10-30 15:52:40,701 - httpx - INFO - HTTP Request: POST https://api.telegram.org/bot8229132294:AAGIgDjK-q5AdTQyQQ9RplbJYkW3zvaFVdQ/getUpdates "HTTP/1.1 200 OK"
2025-10-30 15:52:40,982 - httpx - INFO - HTTP Request: POST https://api.telegram.org/bot8229132294:AAGIgDjK-q5AdTQyQQ9RplbJYkW3zvaFVdQ/answerCallbackQuery "HTTP/1.1 200 OK"
2025-10-30 15:52:43,642 - httpx - INFO - HTTP Request: POST https://api.telegram.org/bot8229132294:AAGIgDjK-q5AdTQyQQ9RplbJYkW3zvaFVdQ/getUpdates "HTTP/1.1 200 OK"
2025-10-30 15:52:43,922 - httpx - INFO - HTTP Request: POST https://api.telegram.org/bot8229132294:AAGIgDjK-q5AdTQyQQ9RplbJYkW3zvaFVdQ/answerCallbackQuery "HTTP/1.1 200 OK"
2025-10-30 15:52:49,095 - httpx - INFO - HTTP Request: POST https://api.telegram.org/bot8229132294:AAGIgDjK-q5AdTQyQQ9RplbJYkW3zvaFVdQ/getUpdates "HTTP/1.1 200 OK"
2025-10-30 15:52:49,714 - httpx - INFO - HTTP Request: POST https://api.telegram.org/bot8229132294:AAGIgDjK-q5AdTQyQQ9RplbJYkW3zvaFVdQ/sendMessage "HTTP/1.1 200 OK"
2025-10-30 15:52:58,914 - httpx - INFO - HTTP Request: POST https://api.telegram.org/bot8229132294:AAGIgDjK-q5AdTQyQQ9RplbJYkW3zvaFVdQ/getUpdates "HTTP/1.1 200 OK"
2025-10-30 15:52:59,525 - httpx - INFO - HTTP Request: POST https://api.telegram.org/bot8229132294:AAGIgDjK-q5AdTQyQQ9RplbJYkW3zvaFVdQ/sendMessage "HTTP/1.1 200 OK"
2025-10-30 15:53:09,078 - httpx - INFO - HTTP Request: POST https://api.telegram.org/bot8229132294:AAGIgDjK-q5AdTQyQQ9RplbJYkW3zvaFVdQ/getUpdates "HTTP/1.1 200 OK"
2025-10-30 15:53:16,549 - httpx - INFO - HTTP Request: POST https://api.telegram.org/bot8229132294:AAGIgDjK-q5AdTQyQQ9RplbJYkW3zvaFVdQ/getUpdates "HTTP/1.1 200 OK"
2025-10-30 15:53:16,550 - src.bot_admin.middleware - INFO - Admin 8306752124 executing: admin_command
2025-10-30 15:53:16,558 - src.bot_admin.audit_log - INFO - Audit: admin=8306752124, action=open_admin_panel, target=, result=success
2025-10-30 15:53:17,208 - httpx - INFO - HTTP Request: POST https://api.telegram.org/bot8229132294:AAGIgDjK-q5AdTQyQQ9RplbJYkW3zvaFVdQ/sendMessage "HTTP/1.1 200 OK"
2025-10-30 15:53:20,409 - httpx - INFO - HTTP Request: POST https://api.telegram.org/bot8229132294:AAGIgDjK-q5AdTQyQQ9RplbJYkW3zvaFVdQ/getUpdates "HTTP/1.1 200 OK"
2025-10-30 15:53:20,693 - httpx - INFO - HTTP Request: POST https://api.telegram.org/bot8229132294:AAGIgDjK-q5AdTQyQQ9RplbJYkW3zvaFVdQ/answerCallbackQuery "HTTP/1.1 200 OK"
2025-10-30 15:53:20,982 - httpx - INFO - HTTP Request: POST https://api.telegram.org/bot8229132294:AAGIgDjK-q5AdTQyQQ9RplbJYkW3zvaFVdQ/editMessageText "HTTP/1.1 200 OK"
2025-10-30 15:53:25,245 - httpx - INFO - HTTP Request: POST https://api.telegram.org/bot8229132294:AAGIgDjK-q5AdTQyQQ9RplbJYkW3zvaFVdQ/getUpdates "HTTP/1.1 200 OK"
2025-10-30 15:53:25,528 - httpx - INFO - HTTP Request: POST https://api.telegram.org/bot8229132294:AAGIgDjK-q5AdTQyQQ9RplbJYkW3zvaFVdQ/answerCallbackQuery "HTTP/1.1 200 OK"
2025-10-30 15:53:25,828 - httpx - INFO - HTTP Request: POST https://api.telegram.org/bot8229132294:AAGIgDjK-q5AdTQyQQ9RplbJYkW3zvaFVdQ/editMessageText "HTTP/1.1 200 OK"
/home/codespace/.python/current/lib/python3.12/site-packages/telegram/ext/_handlers/conversationhandler.py:904: PTBUserWarning: 'handle_callback' returned state 7 which is unknown to the ConversationHandler.
  self._update_state(new_state, conversation_key, handler)
2025-10-30 15:53:35,411 - httpx - INFO - HTTP Request: POST https://api.telegram.org/bot8229132294:AAGIgDjK-q5AdTQyQQ9RplbJYkW3zvaFVdQ/getUpdates "HTTP/1.1 200 OK"
2025-10-30 15:53:39,753 - httpx - INFO - HTTP Request: POST https://api.telegram.org/bot8229132294:AAGIgDjK-q5AdTQyQQ9RplbJYkW3zvaFVdQ/getUpdates "HTTP/1.1 200 OK"
2025-10-30 15:53:39,754 - src.bot_admin.middleware - INFO - Admin 8306752124 executing: admin_command
2025-10-30 15:53:39,758 - src.bot_admin.audit_log - INFO - Audit: admin=8306752124, action=open_admin_panel, target=, result=success
2025-10-30 15:53:40,417 - httpx - INFO - HTTP Request: POST https://api.telegram.org/bot8229132294:AAGIgDjK-q5AdTQyQQ9RplbJYkW3zvaFVdQ/sendMessage "HTTP/1.1 200 OK"
2025-10-30 15:53:49,153 - httpx - INFO - HTTP Request: POST https://api.telegram.org/bot8229132294:AAGIgDjK-q5AdTQyQQ9RplbJYkW3zvaFVdQ/getUpdates "HTTP/1.1 200 OK"
2025-10-30 15:53:49,805 - httpx - INFO - HTTP Request: POST https://api.telegram.org/bot8229132294:AAGIgDjK-q5AdTQyQQ9RplbJYkW3zvaFVdQ/answerCallbackQuery "HTTP/1.1 200 OK"
2025-10-30 15:53:50,140 - httpx - INFO - HTTP Request: POST https://api.telegram.org/bot8229132294:AAGIgDjK-q5AdTQyQQ9RplbJYkW3zvaFVdQ/editMessageText "HTTP/1.1 200 OK"
2025-10-30 15:53:50,891 - src.bot_admin.audit_log - INFO - Audit: admin=8306752124, action=view_stats, target=, result=success
2025-10-30 15:53:52,753 - httpx - INFO - HTTP Request: POST https://api.telegram.org/bot8229132294:AAGIgDjK-q5AdTQyQQ9RplbJYkW3zvaFVdQ/getUpdates "HTTP/1.1 200 OK"
2025-10-30 15:53:53,051 - httpx - INFO - HTTP Request: POST https://api.telegram.org/bot8229132294:AAGIgDjK-q5AdTQyQQ9RplbJYkW3zvaFVdQ/answerCallbackQuery "HTTP/1.1 200 OK"
2025-10-30 15:53:53,352 - httpx - INFO - HTTP Request: POST https://api.telegram.org/bot8229132294:AAGIgDjK-q5AdTQyQQ9RplbJYkW3zvaFVdQ/editMessageText "HTTP/1.1 200 OK"
2025-10-30 15:53:55,830 - httpx - INFO - HTTP Request: POST https://api.telegram.org/bot8229132294:AAGIgDjK-q5AdTQyQQ9RplbJYkW3zvaFVdQ/getUpdates "HTTP/1.1 200 OK"
2025-10-30 15:53:56,115 - httpx - INFO - HTTP Request: POST https://api.telegram.org/bot8229132294:AAGIgDjK-q5AdTQyQQ9RplbJYkW3zvaFVdQ/answerCallbackQuery "HTTP/1.1 200 OK"
2025-10-30 15:53:56,406 - httpx - INFO - HTTP Request: POST https://api.telegram.org/bot8229132294:AAGIgDjK-q5AdTQyQQ9RplbJYkW3zvaFVdQ/editMessageText "HTTP/1.1 200 OK"
2025-10-30 15:53:59,445 - httpx - INFO - HTTP Request: POST https://api.telegram.org/bot8229132294:AAGIgDjK-q5AdTQyQQ9RplbJYkW3zvaFVdQ/getUpdates "HTTP/1.1 200 OK"
2025-10-30 15:53:59,729 - httpx - INFO - HTTP Request: POST https://api.telegram.org/bot8229132294:AAGIgDjK-q5AdTQyQQ9RplbJYkW3zvaFVdQ/answerCallbackQuery "HTTP/1.1 200 OK"
2025-10-30 15:54:00,018 - httpx - INFO - HTTP Request: POST https://api.telegram.org/bot8229132294:AAGIgDjK-q5AdTQyQQ9RplbJYkW3zvaFVdQ/editMessageText "HTTP/1.1 200 OK"
/home/codespace/.python/current/lib/python3.12/site-packages/telegram/ext/_handlers/conversationhandler.py:904: PTBUserWarning: 'handle_callback' returned state 8 which is unknown to the ConversationHandler.
  self._update_state(new_state, conversation_key, handler)
2025-10-30 15:54:09,609 - httpx - INFO - HTTP Request: POST https://api.telegram.org/bot8229132294:AAGIgDjK-q5AdTQyQQ9RplbJYkW3zvaFVdQ/getUpdates "HTTP/1.1 200 OK"
2025-10-30 15:54:11,178 - httpx - INFO - HTTP Request: POST https://api.telegram.org/bot8229132294:AAGIgDjK-q5AdTQyQQ9RplbJYkW3zvaFVdQ/getUpdates "HTTP/1.1 200 OK"
2025-10-30 15:54:11,179 - src.bot_admin.middleware - INFO - Admin 8306752124 executing: admin_command
2025-10-30 15:54:11,183 - src.bot_admin.audit_log - INFO - Audit: admin=8306752124, action=open_admin_panel, target=, result=success
2025-10-30 15:54:11,794 - httpx - INFO - HTTP Request: POST https://api.telegram.org/bot8229132294:AAGIgDjK-q5AdTQyQQ9RplbJYkW3zvaFVdQ/sendMessage "HTTP/1.1 200 OK"
2025-10-30 15:54:13,483 - httpx - INFO - HTTP Request: POST https://api.telegram.org/bot8229132294:AAGIgDjK-q5AdTQyQQ9RplbJYkW3zvaFVdQ/getUpdates "HTTP/1.1 200 OK"
2025-10-30 15:54:13,785 - httpx - INFO - HTTP Request: POST https://api.telegram.org/bot8229132294:AAGIgDjK-q5AdTQyQQ9RplbJYkW3zvaFVdQ/sendMessage "HTTP/1.1 200 OK"
2025-10-30 15:54:23,645 - httpx - INFO - HTTP Request: POST https://api.telegram.org/bot8229132294:AAGIgDjK-q5AdTQyQQ9RplbJYkW3zvaFVdQ/getUpdates "HTTP/1.1 200 OK"
2025-10-30 15:54:33,810 - httpx - INFO - HTTP Request: POST https://api.telegram.org/bot8229132294:AAGIgDjK-q5AdTQyQQ9RplbJYkW3zvaFVdQ/getUpdates "HTTP/1.1 200 OK"
2025-10-30 15:54:43,975 - httpx - INFO - HTTP Request: POST https://api.telegram.org/bot8229132294:AAGIgDjK-q5AdTQyQQ9RplbJYkW3zvaFVdQ/getUpdates "HTTP/1.1 200 OK"
2025-10-30 15:54:54,136 - httpx - INFO - HTTP Request: POST https://api.telegram.org/bot8229132294:AAGIgDjK-q5AdTQyQQ9RplbJYkW3zvaFVdQ/getUpdates "HTTP/1.1 200 OK"
2025-10-30 15:55:04,296 - httpx - INFO - HTTP Request: POST https://api.telegram.org/bot8229132294:AAGIgDjK-q5AdTQyQQ9RplbJYkW3zvaFVdQ/getUpdates "HTTP/1.1 200 OK"
2025-10-30 15:55:14,459 - httpx - INFO - HTTP Request: POST https://api.telegram.org/bot8229132294:AAGIgDjK-q5AdTQyQQ9RplbJYkW3zvaFVdQ/getUpdates "HTTP/1.1 200 OK"
2025-10-30 15:55:24,620 - httpx - INFO - HTTP Request: POST https://api.telegram.org/bot8229132294:AAGIgDjK-q5AdTQyQQ9RplbJYkW3zvaFVdQ/getUpdates "HTTP/1.1 200 OK"
2025-10-30 15:55:34,781 - httpx - INFO - HTTP Request: POST https://api.telegram.org/bot8229132294:AAGIgDjK-q5AdTQyQQ9RplbJYkW3zvaFVdQ/getUpdates "HTTP/1.1 200 OK"
2025-10-30 15:55:44,944 - httpx - INFO - HTTP Request: POST https://api.telegram.org/bot8229132294:AAGIgDjK-q5AdTQyQQ9RplbJYkW3zvaFVdQ/getUpdates "HTTP/1.1 200 OK"
2025-10-30 15:55:55,107 - httpx - INFO - HTTP Request: POST https://api.telegram.org/bot8229132294:AAGIgDjK-q5AdTQyQQ9RplbJYkW3zvaFVdQ/getUpdates "HTTP/1.1 200 OK"
2025-10-30 15:56:05,268 - httpx - INFO - HTTP Request: POST https://api.telegram.org/bot8229132294:AAGIgDjK-q5AdTQyQQ9RplbJYkW3zvaFVdQ/getUpdates "HTTP/1.1 200 OK"
2025-10-30 15:56:15,432 - httpx - INFO - HTTP Request: POST https://api.telegram.org/bot8229132294:AAGIgDjK-q5AdTQyQQ9RplbJYkW3zvaFVdQ/getUpdates "HTTP/1.1 200 OK"
2025-10-30 15:56:25,595 - httpx - INFO - HTTP Request: POST https://api.telegram.org/bot8229132294:AAGIgDjK-q5AdTQyQQ9RplbJYkW3zvaFVdQ/getUpdates "HTTP/1.1 200 OK"
2025-10-30 15:56:35,757 - httpx - INFO - HTTP Request: POST https://api.telegram.org/bot8229132294:AAGIgDjK-q5AdTQyQQ9RplbJYkW3zvaFVdQ/getUpdates "HTTP/1.1 200 OK"
2025-10-30 15:56:45,918 - httpx - INFO - HTTP Request: POST https://api.telegram.org/bot8229132294:AAGIgDjK-q5AdTQyQQ9RplbJYkW3zvaFVdQ/getUpdates "HTTP/1.1 200 OK"
2025-10-30 15:56:56,082 - httpx - INFO - HTTP Request: POST https://api.telegram.org/bot8229132294:AAGIgDjK-q5AdTQyQQ9RplbJYkW3zvaFVdQ/getUpdates "HTTP/1.1 200 OK"
2025-10-30 15:57:06,247 - httpx - INFO - HTTP Request: POST https://api.telegram.org/bot8229132294:AAGIgDjK-q5AdTQyQQ9RplbJYkW3zvaFVdQ/getUpdates "HTTP/1.1 200 OK"
2025-10-30 15:57:16,421 - httpx - INFO - HTTP Request: POST https://api.telegram.org/bot8229132294:AAGIgDjK-q5AdTQyQQ9RplbJYkW3zvaFVdQ/getUpdates "HTTP/1.1 200 OK"
2025-10-30 15:57:26,583 - httpx - INFO - HTTP Request: POST https://api.telegram.org/bot8229132294:AAGIgDjK-q5AdTQyQQ9RplbJYkW3zvaFVdQ/getUpdates "HTTP/1.1 200 OK"
2025-10-30 15:57:36,744 - httpx - INFO - HTTP Request: POST https://api.telegram.org/bot8229132294:AAGIgDjK-q5AdTQyQQ9RplbJYkW3zvaFVdQ/getUpdates "HTTP/1.1 200 OK"
2025-10-30 15:57:46,907 - httpx - INFO - HTTP Request: POST https://api.telegram.org/bot8229132294:AAGIgDjK-q5AdTQyQQ9RplbJYkW3zvaFVdQ/getUpdates "HTTP/1.1 200 OK"
2025-10-30 15:57:57,069 - httpx - INFO - HTTP Request: POST https://api.telegram.org/bot8229132294:AAGIgDjK-q5AdTQyQQ9RplbJYkW3zvaFVdQ/getUpdates "HTTP/1.1 200 OK"
2025-10-30 15:58:07,234 - httpx - INFO - HTTP Request: POST https://api.telegram.org/bot8229132294:AAGIgDjK-q5AdTQyQQ9RplbJYkW3zvaFVdQ/getUpdates "HTTP/1.1 200 OK"
2025-10-30 15:58:17,399 - httpx - INFO - HTTP Request: POST https://api.telegram.org/bot8229132294:AAGIgDjK-q5AdTQyQQ9RplbJYkW3zvaFVdQ/getUpdates "HTTP/1.1 200 OK"
2025-10-30 15:58:27,560 - httpx - INFO - HTTP Request: POST https://api.telegram.org/bot8229132294:AAGIgDjK-q5AdTQyQQ9RplbJYkW3zvaFVdQ/getUpdates "HTTP/1.1 200 OK"
2025-10-30 15:58:37,720 - httpx - INFO - HTTP Request: POST https://api.telegram.org/bot8229132294:AAGIgDjK-q5AdTQyQQ9RplbJYkW3zvaFVdQ/getUpdates "HTTP/1.1 200 OK"
2025-10-30 15:58:47,881 - httpx - INFO - HTTP Request: POST https://api.telegram.org/bot8229132294:AAGIgDjK-q5AdTQyQQ9RplbJYkW3zvaFVdQ/getUpdates "HTTP/1.1 200 OK"
2025-10-30 15:58:58,042 - httpx - INFO - HTTP Request: POST https://api.telegram.org/bot8229132294:AAGIgDjK-q5AdTQyQQ9RplbJYkW3zvaFVdQ/getUpdates "HTTP/1.1 200 OK"
2025-10-30 15:59:08,205 - httpx - INFO - HTTP Request: POST https://api.telegram.org/bot8229132294:AAGIgDjK-q5AdTQyQQ9RplbJYkW3zvaFVdQ/getUpdates "HTTP/1.1 200 OK"
2025-10-30 15:59:18,367 - httpx - INFO - HTTP Request: POST https://api.telegram.org/bot8229132294:AAGIgDjK-q5AdTQyQQ9RplbJYkW3zvaFVdQ/getUpdates "HTTP/1.1 200 OK"
2025-10-30 15:59:28,531 - httpx - INFO - HTTP Request: POST https://api.telegram.org/bot8229132294:AAGIgDjK-q5AdTQyQQ9RplbJYkW3zvaFVdQ/getUpdates "HTTP/1.1 200 OK"
2025-10-30 15:59:38,694 - httpx - INFO - HTTP Request: POST https://api.telegram.org/bot8229132294:AAGIgDjK-q5AdTQyQQ9RplbJYkW3zvaFVdQ/getUpdates "HTTP/1.1 200 OK"
2025-10-30 15:59:48,858 - httpx - INFO - HTTP Request: POST https://api.telegram.org/bot8229132294:AAGIgDjK-q5AdTQyQQ9RplbJYkW3zvaFVdQ/getUpdates "HTTP/1.1 200 OK"
2025-10-30 15:59:59,049 - httpx - INFO - HTTP Request: POST https://api.telegram.org/bot8229132294:AAGIgDjK-q5AdTQyQQ9RplbJYkW3zvaFVdQ/getUpdates "HTTP/1.1 200 OK"
2025-10-30 16:00:09,219 - httpx - INFO - HTTP Request: POST https://api.telegram.org/bot8229132294:AAGIgDjK-q5AdTQyQQ9RplbJYkW3zvaFVdQ/getUpdates "HTTP/1.1 200 OK"
2025-10-30 16:00:19,383 - httpx - INFO - HTTP Request: POST https://api.telegram.org/bot8229132294:AAGIgDjK-q5AdTQyQQ9RplbJYkW3zvaFVdQ/getUpdates "HTTP/1.1 200 OK"
2025-10-30 16:00:29,545 - httpx - INFO - HTTP Request: POST https://api.telegram.org/bot8229132294:AAGIgDjK-q5AdTQyQQ9RplbJYkW3zvaFVdQ/getUpdates "HTTP/1.1 200 OK"
2025-10-30 16:00:39,707 - httpx - INFO - HTTP Request: POST https://api.telegram.org/bot8229132294:AAGIgDjK-q5AdTQyQQ9RplbJYkW3zvaFVdQ/getUpdates "HTTP/1.1 200 OK"
2025-10-30 16:00:49,870 - httpx - INFO - HTTP Request: POST https://api.telegram.org/bot8229132294:AAGIgDjK-q5AdTQyQQ9RplbJYkW3zvaFVdQ/getUpdates "HTTP/1.1 200 OK"
2025-10-30 16:01:00,037 - httpx - INFO - HTTP Request: POST https://api.telegram.org/bot8229132294:AAGIgDjK-q5AdTQyQQ9RplbJYkW3zvaFVdQ/getUpdates "HTTP/1.1 200 OK"
2025-10-30 16:01:10,201 - httpx - INFO - HTTP Request: POST https://api.telegram.org/bot8229132294:AAGIgDjK-q5AdTQyQQ9RplbJYkW3zvaFVdQ/getUpdates "HTTP/1.1 200 OK"
2025-10-30 16:01:20,370 - httpx - INFO - HTTP Request: POST https://api.telegram.org/bot8229132294:AAGIgDjK-q5AdTQyQQ9RplbJYkW3zvaFVdQ/getUpdates "HTTP/1.1 200 OK"
2025-10-30 16:01:30,533 - httpx - INFO - HTTP Request: POST https://api.telegram.org/bot8229132294:AAGIgDjK-q5AdTQyQQ9RplbJYkW3zvaFVdQ/getUpdates "HTTP/1.1 200 OK"
2025-10-30 16:01:40,694 - httpx - INFO - HTTP Request: POST https://api.telegram.org/bot8229132294:AAGIgDjK-q5AdTQyQQ9RplbJYkW3zvaFVdQ/getUpdates "HTTP/1.1 200 OK"
2025-10-30 16:01:50,858 - httpx - INFO - HTTP Request: POST https://api.telegram.org/bot8229132294:AAGIgDjK-q5AdTQyQQ9RplbJYkW3zvaFVdQ/getUpdates "HTTP/1.1 200 OK"
2025-10-30 16:02:01,022 - httpx - INFO - HTTP Request: POST https://api.telegram.org/bot8229132294:AAGIgDjK-q5AdTQyQQ9RplbJYkW3zvaFVdQ/getUpdates "HTTP/1.1 200 OK"
2025-10-30 16:02:11,183 - httpx - INFO - HTTP Request: POST https://api.telegram.org/bot8229132294:AAGIgDjK-q5AdTQyQQ9RplbJYkW3zvaFVdQ/getUpdates "HTTP/1.1 200 OK"
2025-10-30 16:02:21,346 - httpx - INFO - HTTP Request: POST https://api.telegram.org/bot8229132294:AAGIgDjK-q5AdTQyQQ9RplbJYkW3zvaFVdQ/getUpdates "HTTP/1.1 200 OK"
2025-10-30 16:02:31,508 - httpx - INFO - HTTP Request: POST https://api.telegram.org/bot8229132294:AAGIgDjK-q5AdTQyQQ9RplbJYkW3zvaFVdQ/getUpdates "HTTP/1.1 200 OK"
2025-10-30 16:02:41,680 - httpx - INFO - HTTP Request: POST https://api.telegram.org/bot8229132294:AAGIgDjK-q5AdTQyQQ9RplbJYkW3zvaFVdQ/getUpdates "HTTP/1.1 200 OK"
2025-10-30 16:02:51,844 - httpx - INFO - HTTP Request: POST https://api.telegram.org/bot8229132294:AAGIgDjK-q5AdTQyQQ9RplbJYkW3zvaFVdQ/getUpdates "HTTP/1.1 200 OK"
2025-10-30 16:03:02,004 - httpx - INFO - HTTP Request: POST https://api.telegram.org/bot8229132294:AAGIgDjK-q5AdTQyQQ9RplbJYkW3zvaFVdQ/getUpdates "HTTP/1.1 200 OK"
2025-10-30 16:03:12,173 - httpx - INFO - HTTP Request: POST https://api.telegram.org/bot8229132294:AAGIgDjK-q5AdTQyQQ9RplbJYkW3zvaFVdQ/getUpdates "HTTP/1.1 200 OK"
2025-10-30 16:03:22,336 - httpx - INFO - HTTP Request: POST https://api.telegram.org/bot8229132294:AAGIgDjK-q5AdTQyQQ9RplbJYkW3zvaFVdQ/getUpdates "HTTP/1.1 200 OK"
2025-10-30 16:03:32,496 - httpx - INFO - HTTP Request: POST https://api.telegram.org/bot8229132294:AAGIgDjK-q5AdTQyQQ9RplbJYkW3zvaFVdQ/getUpdates "HTTP/1.1 200 OK"
2025-10-30 16:03:42,659 - httpx - INFO - HTTP Request: POST https://api.telegram.org/bot8229132294:AAGIgDjK-q5AdTQyQQ9RplbJYkW3zvaFVdQ/getUpdates "HTTP/1.1 200 OK"
2025-10-30 16:03:52,824 - httpx - INFO - HTTP Request: POST https://api.telegram.org/bot8229132294:AAGIgDjK-q5AdTQyQQ9RplbJYkW3zvaFVdQ/getUpdates "HTTP/1.1 200 OK"
2025-10-30 16:04:02,988 - httpx - INFO - HTTP Request: POST https://api.telegram.org/bot8229132294:AAGIgDjK-q5AdTQyQQ9RplbJYkW3zvaFVdQ/getUpdates "HTTP/1.1 200 OK"
2025-10-30 16:04:13,150 - httpx - INFO - HTTP Request: POST https://api.telegram.org/bot8229132294:AAGIgDjK-q5AdTQyQQ9RplbJYkW3zvaFVdQ/getUpdates "HTTP/1.1 200 OK"
2025-10-30 16:04:23,319 - httpx - INFO - HTTP Request: POST https://api.telegram.org/bot8229132294:AAGIgDjK-q5AdTQyQQ9RplbJYkW3zvaFVdQ/getUpdates "HTTP/1.1 200 OK"
2025-10-30 16:04:33,486 - httpx - INFO - HTTP Request: POST https://api.telegram.org/bot8229132294:AAGIgDjK-q5AdTQyQQ9RplbJYkW3zvaFVdQ/getUpdates "HTTP/1.1 200 OK"
2025-10-30 16:04:43,647 - httpx - INFO - HTTP Request: POST https://api.telegram.org/bot8229132294:AAGIgDjK-q5AdTQyQQ9RplbJYkW3zvaFVdQ/getUpdates "HTTP/1.1 200 OK"
2025-10-30 16:04:53,807 - httpx - INFO - HTTP Request: POST https://api.telegram.org/bot8229132294:AAGIgDjK-q5AdTQyQQ9RplbJYkW3zvaFVdQ/getUpdates "HTTP/1.1 200 OK"
2025-10-30 16:05:03,969 - httpx - INFO - HTTP Request: POST https://api.telegram.org/bot8229132294:AAGIgDjK-q5AdTQyQQ9RplbJYkW3zvaFVdQ/getUpdates "HTTP/1.1 200 OK"
2025-10-30 16:05:14,130 - httpx - INFO - HTTP Request: POST https://api.telegram.org/bot8229132294:AAGIgDjK-q5AdTQyQQ9RplbJYkW3zvaFVdQ/getUpdates "HTTP/1.1 200 OK"
2025-10-30 16:05:24,291 - httpx - INFO - HTTP Request: POST https://api.telegram.org/bot8229132294:AAGIgDjK-q5AdTQyQQ9RplbJYkW3zvaFVdQ/getUpdates "HTTP/1.1 200 OK"
2025-10-30 16:05:34,455 - httpx - INFO - HTTP Request: POST https://api.telegram.org/bot8229132294:AAGIgDjK-q5AdTQyQQ9RplbJYkW3zvaFVdQ/getUpdates "HTTP/1.1 200 OK"
2025-10-30 16:05:44,617 - httpx - INFO - HTTP Request: POST https://api.telegram.org/bot8229132294:AAGIgDjK-q5AdTQyQQ9RplbJYkW3zvaFVdQ/getUpdates "HTTP/1.1 200 OK"
2025-10-30 16:05:55,311 - httpx - INFO - HTTP Request: POST https://api.telegram.org/bot8229132294:AAGIgDjK-q5AdTQyQQ9RplbJYkW3zvaFVdQ/getUpdates "HTTP/1.1 200 OK"
2025-10-30 16:06:05,476 - httpx - INFO - HTTP Request: POST https://api.telegram.org/bot8229132294:AAGIgDjK-q5AdTQyQQ9RplbJYkW3zvaFVdQ/getUpdates "HTTP/1.1 200 OK"
2025-10-30 16:06:15,637 - httpx - INFO - HTTP Request: POST https://api.telegram.org/bot8229132294:AAGIgDjK-q5AdTQyQQ9RplbJYkW3zvaFVdQ/getUpdates "HTTP/1.1 200 OK"
2025-10-30 16:06:25,799 - httpx - INFO - HTTP Request: POST https://api.telegram.org/bot8229132294:AAGIgDjK-q5AdTQyQQ9RplbJYkW3zvaFVdQ/getUpdates "HTTP/1.1 200 OK"
2025-10-30 16:06:35,959 - httpx - INFO - HTTP Request: POST https://api.telegram.org/bot8229132294:AAGIgDjK-q5AdTQyQQ9RplbJYkW3zvaFVdQ/getUpdates "HTTP/1.1 200 OK"
2025-10-30 16:06:46,121 - httpx - INFO - HTTP Request: POST https://api.telegram.org/bot8229132294:AAGIgDjK-q5AdTQyQQ9RplbJYkW3zvaFVdQ/getUpdates "HTTP/1.1 200 OK"
2025-10-30 16:06:56,287 - httpx - INFO - HTTP Request: POST https://api.telegram.org/bot8229132294:AAGIgDjK-q5AdTQyQQ9RplbJYkW3zvaFVdQ/getUpdates "HTTP/1.1 200 OK"
2025-10-30 16:07:06,448 - httpx - INFO - HTTP Request: POST https://api.telegram.org/bot8229132294:AAGIgDjK-q5AdTQyQQ9RplbJYkW3zvaFVdQ/getUpdates "HTTP/1.1 200 OK"
2025-10-30 16:07:16,612 - httpx - INFO - HTTP Request: POST https://api.telegram.org/bot8229132294:AAGIgDjK-q5AdTQyQQ9RplbJYkW3zvaFVdQ/getUpdates "HTTP/1.1 200 OK"
2025-10-30 16:07:26,775 - httpx - INFO - HTTP Request: POST https://api.telegram.org/bot8229132294:AAGIgDjK-q5AdTQyQQ9RplbJYkW3zvaFVdQ/getUpdates "HTTP/1.1 200 OK"
2025-10-30 16:07:36,935 - httpx - INFO - HTTP Request: POST https://api.telegram.org/bot8229132294:AAGIgDjK-q5AdTQyQQ9RplbJYkW3zvaFVdQ/getUpdates "HTTP/1.1 200 OK"
2025-10-30 16:07:47,096 - httpx - INFO - HTTP Request: POST https://api.telegram.org/bot8229132294:AAGIgDjK-q5AdTQyQQ9RplbJYkW3zvaFVdQ/getUpdates "HTTP/1.1 200 OK"
2025-10-30 16:07:57,257 - httpx - INFO - HTTP Request: POST https://api.telegram.org/bot8229132294:AAGIgDjK-q5AdTQyQQ9RplbJYkW3zvaFVdQ/getUpdates "HTTP/1.1 200 OK"
2025-10-30 16:08:07,417 - httpx - INFO - HTTP Request: POST https://api.telegram.org/bot8229132294:AAGIgDjK-q5AdTQyQQ9RplbJYkW3zvaFVdQ/getUpdates "HTTP/1.1 200 OK"
2025-10-30 16:08:17,583 - httpx - INFO - HTTP Request: POST https://api.telegram.org/bot8229132294:AAGIgDjK-q5AdTQyQQ9RplbJYkW3zvaFVdQ/getUpdates "HTTP/1.1 200 OK"
2025-10-30 16:08:27,746 - httpx - INFO - HTTP Request: POST https://api.telegram.org/bot8229132294:AAGIgDjK-q5AdTQyQQ9RplbJYkW3zvaFVdQ/getUpdates "HTTP/1.1 200 OK"
2025-10-30 16:08:37,905 - httpx - INFO - HTTP Request: POST https://api.telegram.org/bot8229132294:AAGIgDjK-q5AdTQyQQ9RplbJYkW3zvaFVdQ/getUpdates "HTTP/1.1 200 OK"
2025-10-30 16:08:48,065 - httpx - INFO - HTTP Request: POST https://api.telegram.org/bot8229132294:AAGIgDjK-q5AdTQyQQ9RplbJYkW3zvaFVdQ/getUpdates "HTTP/1.1 200 OK"
2025-10-30 16:08:58,225 - httpx - INFO - HTTP Request: POST https://api.telegram.org/bot8229132294:AAGIgDjK-q5AdTQyQQ9RplbJYkW3zvaFVdQ/getUpdates "HTTP/1.1 200 OK"
2025-10-30 16:09:08,386 - httpx - INFO - HTTP Request: POST https://api.telegram.org/bot8229132294:AAGIgDjK-q5AdTQyQQ9RplbJYkW3zvaFVdQ/getUpdates "HTTP/1.1 200 OK"
2025-10-30 16:09:18,549 - httpx - INFO - HTTP Request: POST https://api.telegram.org/bot8229132294:AAGIgDjK-q5AdTQyQQ9RplbJYkW3zvaFVdQ/getUpdates "HTTP/1.1 200 OK"
2025-10-30 16:09:28,710 - httpx - INFO - HTTP Request: POST https://api.telegram.org/bot8229132294:AAGIgDjK-q5AdTQyQQ9RplbJYkW3zvaFVdQ/getUpdates "HTTP/1.1 200 OK"
2025-10-30 16:09:38,875 - httpx - INFO - HTTP Request: POST https://api.telegram.org/bot8229132294:AAGIgDjK-q5AdTQyQQ9RplbJYkW3zvaFVdQ/getUpdates "HTTP/1.1 200 OK"
2025-10-30 16:09:49,039 - httpx - INFO - HTTP Request: POST https://api.telegram.org/bot8229132294:AAGIgDjK-q5AdTQyQQ9RplbJYkW3zvaFVdQ/getUpdates "HTTP/1.1 200 OK"
2025-10-30 16:09:59,200 - httpx - INFO - HTTP Request: POST https://api.telegram.org/bot8229132294:AAGIgDjK-q5AdTQyQQ9RplbJYkW3zvaFVdQ/getUpdates "HTTP/1.1 200 OK"
2025-10-30 16:10:09,364 - httpx - INFO - HTTP Request: POST https://api.telegram.org/bot8229132294:AAGIgDjK-q5AdTQyQQ9RplbJYkW3zvaFVdQ/getUpdates "HTTP/1.1 200 OK"
2025-10-30 16:10:19,534 - httpx - INFO - HTTP Request: POST https://api.telegram.org/bot8229132294:AAGIgDjK-q5AdTQyQQ9RplbJYkW3zvaFVdQ/getUpdates "HTTP/1.1 200 OK"
2025-10-30 16:10:29,710 - httpx - INFO - HTTP Request: POST https://api.telegram.org/bot8229132294:AAGIgDjK-q5AdTQyQQ9RplbJYkW3zvaFVdQ/getUpdates "HTTP/1.1 200 OK"
2025-10-30 16:10:39,876 - httpx - INFO - HTTP Request: POST https://api.telegram.org/bot8229132294:AAGIgDjK-q5AdTQyQQ9RplbJYkW3zvaFVdQ/getUpdates "HTTP/1.1 200 OK"
2025-10-30 16:10:50,037 - httpx - INFO - HTTP Request: POST https://api.telegram.org/bot8229132294:AAGIgDjK-q5AdTQyQQ9RplbJYkW3zvaFVdQ/getUpdates "HTTP/1.1 200 OK"
2025-10-30 16:11:00,197 - httpx - INFO - HTTP Request: POST https://api.telegram.org/bot8229132294:AAGIgDjK-q5AdTQyQQ9RplbJYkW3zvaFVdQ/getUpdates "HTTP/1.1 200 OK"
2025-10-30 16:11:10,361 - httpx - INFO - HTTP Request: POST https://api.telegram.org/bot8229132294:AAGIgDjK-q5AdTQyQQ9RplbJYkW3zvaFVdQ/getUpdates "HTTP/1.1 200 OK"
2025-10-30 16:11:20,525 - httpx - INFO - HTTP Request: POST https://api.telegram.org/bot8229132294:AAGIgDjK-q5AdTQyQQ9RplbJYkW3zvaFVdQ/getUpdates "HTTP/1.1 200 OK"
2025-10-30 16:11:30,688 - httpx - INFO - HTTP Request: POST https://api.telegram.org/bot8229132294:AAGIgDjK-q5AdTQyQQ9RplbJYkW3zvaFVdQ/getUpdates "HTTP/1.1 200 OK"
2025-10-30 16:11:40,850 - httpx - INFO - HTTP Request: POST https://api.telegram.org/bot8229132294:AAGIgDjK-q5AdTQyQQ9RplbJYkW3zvaFVdQ/getUpdates "HTTP/1.1 200 OK"
2025-10-30 16:11:51,011 - httpx - INFO - HTTP Request: POST https://api.telegram.org/bot8229132294:AAGIgDjK-q5AdTQyQQ9RplbJYkW3zvaFVdQ/getUpdates "HTTP/1.1 200 OK"
2025-10-30 16:12:01,171 - httpx - INFO - HTTP Request: POST https://api.telegram.org/bot8229132294:AAGIgDjK-q5AdTQyQQ9RplbJYkW3zvaFVdQ/getUpdates "HTTP/1.1 200 OK"
2025-10-30 16:12:11,332 - httpx - INFO - HTTP Request: POST https://api.telegram.org/bot8229132294:AAGIgDjK-q5AdTQyQQ9RplbJYkW3zvaFVdQ/getUpdates "HTTP/1.1 200 OK"
2025-10-30 16:12:21,493 - httpx - INFO - HTTP Request: POST https://api.telegram.org/bot8229132294:AAGIgDjK-q5AdTQyQQ9RplbJYkW3zvaFVdQ/getUpdates "HTTP/1.1 200 OK"
2025-10-30 16:12:31,654 - httpx - INFO - HTTP Request: POST https://api.telegram.org/bot8229132294:AAGIgDjK-q5AdTQyQQ9RplbJYkW3zvaFVdQ/getUpdates "HTTP/1.1 200 OK"
2025-10-30 16:12:41,815 - httpx - INFO - HTTP Request: POST https://api.telegram.org/bot8229132294:AAGIgDjK-q5AdTQyQQ9RplbJYkW3zvaFVdQ/getUpdates "HTTP/1.1 200 OK"
2025-10-30 16:12:51,983 - httpx - INFO - HTTP Request: POST https://api.telegram.org/bot8229132294:AAGIgDjK-q5AdTQyQQ9RplbJYkW3zvaFVdQ/getUpdates "HTTP/1.1 200 OK"
2025-10-30 16:13:02,145 - httpx - INFO - HTTP Request: POST https://api.telegram.org/bot8229132294:AAGIgDjK-q5AdTQyQQ9RplbJYkW3zvaFVdQ/getUpdates "HTTP/1.1 200 OK"
2025-10-30 16:13:12,307 - httpx - INFO - HTTP Request: POST https://api.telegram.org/bot8229132294:AAGIgDjK-q5AdTQyQQ9RplbJYkW3zvaFVdQ/getUpdates "HTTP/1.1 200 OK"
2025-10-30 16:13:22,476 - httpx - INFO - HTTP Request: POST https://api.telegram.org/bot8229132294:AAGIgDjK-q5AdTQyQQ9RplbJYkW3zvaFVdQ/getUpdates "HTTP/1.1 200 OK"
2025-10-30 16:13:32,637 - httpx - INFO - HTTP Request: POST https://api.telegram.org/bot8229132294:AAGIgDjK-q5AdTQyQQ9RplbJYkW3zvaFVdQ/getUpdates "HTTP/1.1 200 OK"
2025-10-30 16:13:42,798 - httpx - INFO - HTTP Request: POST https://api.telegram.org/bot8229132294:AAGIgDjK-q5AdTQyQQ9RplbJYkW3zvaFVdQ/getUpdates "HTTP/1.1 200 OK"
2025-10-30 16:13:52,962 - httpx - INFO - HTTP Request: POST https://api.telegram.org/bot8229132294:AAGIgDjK-q5AdTQyQQ9RplbJYkW3zvaFVdQ/getUpdates "HTTP/1.1 200 OK"
2025-10-30 16:14:03,121 - httpx - INFO - HTTP Request: POST https://api.telegram.org/bot8229132294:AAGIgDjK-q5AdTQyQQ9RplbJYkW3zvaFVdQ/getUpdates "HTTP/1.1 200 OK"
2025-10-30 16:14:13,292 - httpx - INFO - HTTP Request: POST https://api.telegram.org/bot8229132294:AAGIgDjK-q5AdTQyQQ9RplbJYkW3zvaFVdQ/getUpdates "HTTP/1.1 200 OK"
2025-10-30 16:14:23,453 - httpx - INFO - HTTP Request: POST https://api.telegram.org/bot8229132294:AAGIgDjK-q5AdTQyQQ9RplbJYkW3zvaFVdQ/getUpdates "HTTP/1.1 200 OK"
2025-10-30 16:14:33,616 - httpx - INFO - HTTP Request: POST https://api.telegram.org/bot8229132294:AAGIgDjK-q5AdTQyQQ9RplbJYkW3zvaFVdQ/getUpdates "HTTP/1.1 200 OK"
2025-10-30 16:14:43,778 - httpx - INFO - HTTP Request: POST https://api.telegram.org/bot8229132294:AAGIgDjK-q5AdTQyQQ9RplbJYkW3zvaFVdQ/getUpdates "HTTP/1.1 200 OK"
2025-10-30 16:14:53,940 - httpx - INFO - HTTP Request: POST https://api.telegram.org/bot8229132294:AAGIgDjK-q5AdTQyQQ9RplbJYkW3zvaFVdQ/getUpdates "HTTP/1.1 200 OK"
2025-10-30 16:15:04,101 - httpx - INFO - HTTP Request: POST https://api.telegram.org/bot8229132294:AAGIgDjK-q5AdTQyQQ9RplbJYkW3zvaFVdQ/getUpdates "HTTP/1.1 200 OK"
2025-10-30 16:15:14,261 - httpx - INFO - HTTP Request: POST https://api.telegram.org/bot8229132294:AAGIgDjK-q5AdTQyQQ9RplbJYkW3zvaFVdQ/getUpdates "HTTP/1.1 200 OK"
2025-10-30 16:15:24,424 - httpx - INFO - HTTP Request: POST https://api.telegram.org/bot8229132294:AAGIgDjK-q5AdTQyQQ9RplbJYkW3zvaFVdQ/getUpdates "HTTP/1.1 200 OK"
2025-10-30 16:15:34,588 - httpx - INFO - HTTP Request: POST https://api.telegram.org/bot8229132294:AAGIgDjK-q5AdTQyQQ9RplbJYkW3zvaFVdQ/getUpdates "HTTP/1.1 200 OK"
2025-10-30 16:15:44,748 - httpx - INFO - HTTP Request: POST https://api.telegram.org/bot8229132294:AAGIgDjK-q5AdTQyQQ9RplbJYkW3zvaFVdQ/getUpdates "HTTP/1.1 200 OK"
2025-10-30 16:15:54,907 - httpx - INFO - HTTP Request: POST https://api.telegram.org/bot8229132294:AAGIgDjK-q5AdTQyQQ9RplbJYkW3zvaFVdQ/getUpdates "HTTP/1.1 200 OK"
2025-10-30 16:16:05,068 - httpx - INFO - HTTP Request: POST https://api.telegram.org/bot8229132294:AAGIgDjK-q5AdTQyQQ9RplbJYkW3zvaFVdQ/getUpdates "HTTP/1.1 200 OK"
2025-10-30 16:16:15,233 - httpx - INFO - HTTP Request: POST https://api.telegram.org/bot8229132294:AAGIgDjK-q5AdTQyQQ9RplbJYkW3zvaFVdQ/getUpdates "HTTP/1.1 200 OK"
2025-10-30 16:16:25,399 - httpx - INFO - HTTP Request: POST https://api.telegram.org/bot8229132294:AAGIgDjK-q5AdTQyQQ9RplbJYkW3zvaFVdQ/getUpdates "HTTP/1.1 200 OK"
2025-10-30 16:16:35,560 - httpx - INFO - HTTP Request: POST https://api.telegram.org/bot8229132294:AAGIgDjK-q5AdTQyQQ9RplbJYkW3zvaFVdQ/getUpdates "HTTP/1.1 200 OK"
2025-10-30 16:16:45,719 - httpx - INFO - HTTP Request: POST https://api.telegram.org/bot8229132294:AAGIgDjK-q5AdTQyQQ9RplbJYkW3zvaFVdQ/getUpdates "HTTP/1.1 200 OK"
2025-10-30 16:16:55,881 - httpx - INFO - HTTP Request: POST https://api.telegram.org/bot8229132294:AAGIgDjK-q5AdTQyQQ9RplbJYkW3zvaFVdQ/getUpdates "HTTP/1.1 200 OK"
2025-10-30 16:17:06,042 - httpx - INFO - HTTP Request: POST https://api.telegram.org/bot8229132294:AAGIgDjK-q5AdTQyQQ9RplbJYkW3zvaFVdQ/getUpdates "HTTP/1.1 200 OK"
2025-10-30 16:17:16,204 - httpx - INFO - HTTP Request: POST https://api.telegram.org/bot8229132294:AAGIgDjK-q5AdTQyQQ9RplbJYkW3zvaFVdQ/getUpdates "HTTP/1.1 200 OK"
2025-10-30 16:17:26,370 - httpx - INFO - HTTP Request: POST https://api.telegram.org/bot8229132294:AAGIgDjK-q5AdTQyQQ9RplbJYkW3zvaFVdQ/getUpdates "HTTP/1.1 200 OK"
2025-10-30 16:17:36,533 - httpx - INFO - HTTP Request: POST https://api.telegram.org/bot8229132294:AAGIgDjK-q5AdTQyQQ9RplbJYkW3zvaFVdQ/getUpdates "HTTP/1.1 200 OK"
2025-10-30 16:17:46,692 - httpx - INFO - HTTP Request: POST https://api.telegram.org/bot8229132294:AAGIgDjK-q5AdTQyQQ9RplbJYkW3zvaFVdQ/getUpdates "HTTP/1.1 200 OK"
2025-10-30 16:17:56,855 - httpx - INFO - HTTP Request: POST https://api.telegram.org/bot8229132294:AAGIgDjK-q5AdTQyQQ9RplbJYkW3zvaFVdQ/getUpdates "HTTP/1.1 200 OK"
2025-10-30 16:18:07,017 - httpx - INFO - HTTP Request: POST https://api.telegram.org/bot8229132294:AAGIgDjK-q5AdTQyQQ9RplbJYkW3zvaFVdQ/getUpdates "HTTP/1.1 200 OK"
2025-10-30 16:18:17,177 - httpx - INFO - HTTP Request: POST https://api.telegram.org/bot8229132294:AAGIgDjK-q5AdTQyQQ9RplbJYkW3zvaFVdQ/getUpdates "HTTP/1.1 200 OK"
2025-10-30 16:18:27,340 - httpx - INFO - HTTP Request: POST https://api.telegram.org/bot8229132294:AAGIgDjK-q5AdTQyQQ9RplbJYkW3zvaFVdQ/getUpdates "HTTP/1.1 200 OK"
2025-10-30 16:18:37,501 - httpx - INFO - HTTP Request: POST https://api.telegram.org/bot8229132294:AAGIgDjK-q5AdTQyQQ9RplbJYkW3zvaFVdQ/getUpdates "HTTP/1.1 200 OK"
2025-10-30 16:18:47,663 - httpx - INFO - HTTP Request: POST https://api.telegram.org/bot8229132294:AAGIgDjK-q5AdTQyQQ9RplbJYkW3zvaFVdQ/getUpdates "HTTP/1.1 200 OK"
2025-10-30 16:18:57,825 - httpx - INFO - HTTP Request: POST https://api.telegram.org/bot8229132294:AAGIgDjK-q5AdTQyQQ9RplbJYkW3zvaFVdQ/getUpdates "HTTP/1.1 200 OK"
2025-10-30 16:19:07,988 - httpx - INFO - HTTP Request: POST https://api.telegram.org/bot8229132294:AAGIgDjK-q5AdTQyQQ9RplbJYkW3zvaFVdQ/getUpdates "HTTP/1.1 200 OK"
2025-10-30 16:19:18,150 - httpx - INFO - HTTP Request: POST https://api.telegram.org/bot8229132294:AAGIgDjK-q5AdTQyQQ9RplbJYkW3zvaFVdQ/getUpdates "HTTP/1.1 200 OK"
2025-10-30 16:19:28,313 - httpx - INFO - HTTP Request: POST https://api.telegram.org/bot8229132294:AAGIgDjK-q5AdTQyQQ9RplbJYkW3zvaFVdQ/getUpdates "HTTP/1.1 200 OK"
2025-10-30 16:19:38,474 - httpx - INFO - HTTP Request: POST https://api.telegram.org/bot8229132294:AAGIgDjK-q5AdTQyQQ9RplbJYkW3zvaFVdQ/getUpdates "HTTP/1.1 200 OK"
2025-10-30 16:19:48,637 - httpx - INFO - HTTP Request: POST https://api.telegram.org/bot8229132294:AAGIgDjK-q5AdTQyQQ9RplbJYkW3zvaFVdQ/getUpdates "HTTP/1.1 200 OK"
2025-10-30 16:19:58,803 - httpx - INFO - HTTP Request: POST https://api.telegram.org/bot8229132294:AAGIgDjK-q5AdTQyQQ9RplbJYkW3zvaFVdQ/getUpdates "HTTP/1.1 200 OK"
2025-10-30 16:20:08,968 - httpx - INFO - HTTP Request: POST https://api.telegram.org/bot8229132294:AAGIgDjK-q5AdTQyQQ9RplbJYkW3zvaFVdQ/getUpdates "HTTP/1.1 200 OK"
2025-10-30 16:20:19,130 - httpx - INFO - HTTP Request: POST https://api.telegram.org/bot8229132294:AAGIgDjK-q5AdTQyQQ9RplbJYkW3zvaFVdQ/getUpdates "HTTP/1.1 200 OK"
2025-10-30 16:20:29,298 - httpx - INFO - HTTP Request: POST https://api.telegram.org/bot8229132294:AAGIgDjK-q5AdTQyQQ9RplbJYkW3zvaFVdQ/getUpdates "HTTP/1.1 200 OK"
2025-10-30 16:20:39,460 - httpx - INFO - HTTP Request: POST https://api.telegram.org/bot8229132294:AAGIgDjK-q5AdTQyQQ9RplbJYkW3zvaFVdQ/getUpdates "HTTP/1.1 200 OK"
2025-10-30 16:20:49,621 - httpx - INFO - HTTP Request: POST https://api.telegram.org/bot8229132294:AAGIgDjK-q5AdTQyQQ9RplbJYkW3zvaFVdQ/getUpdates "HTTP/1.1 200 OK"
2025-10-30 16:20:59,784 - httpx - INFO - HTTP Request: POST https://api.telegram.org/bot8229132294:AAGIgDjK-q5AdTQyQQ9RplbJYkW3zvaFVdQ/getUpdates "HTTP/1.1 200 OK"
2025-10-30 16:21:09,948 - httpx - INFO - HTTP Request: POST https://api.telegram.org/bot8229132294:AAGIgDjK-q5AdTQyQQ9RplbJYkW3zvaFVdQ/getUpdates "HTTP/1.1 200 OK"
2025-10-30 16:21:20,110 - httpx - INFO - HTTP Request: POST https://api.telegram.org/bot8229132294:AAGIgDjK-q5AdTQyQQ9RplbJYkW3zvaFVdQ/getUpdates "HTTP/1.1 200 OK"
2025-10-30 16:21:30,270 - httpx - INFO - HTTP Request: POST https://api.telegram.org/bot8229132294:AAGIgDjK-q5AdTQyQQ9RplbJYkW3zvaFVdQ/getUpdates "HTTP/1.1 200 OK"
2025-10-30 16:21:40,431 - httpx - INFO - HTTP Request: POST https://api.telegram.org/bot8229132294:AAGIgDjK-q5AdTQyQQ9RplbJYkW3zvaFVdQ/getUpdates "HTTP/1.1 200 OK"
2025-10-30 16:21:50,591 - httpx - INFO - HTTP Request: POST https://api.telegram.org/bot8229132294:AAGIgDjK-q5AdTQyQQ9RplbJYkW3zvaFVdQ/getUpdates "HTTP/1.1 200 OK"
2025-10-30 16:22:00,751 - httpx - INFO - HTTP Request: POST https://api.telegram.org/bot8229132294:AAGIgDjK-q5AdTQyQQ9RplbJYkW3zvaFVdQ/getUpdates "HTTP/1.1 200 OK"
2025-10-30 16:22:10,913 - httpx - INFO - HTTP Request: POST https://api.telegram.org/bot8229132294:AAGIgDjK-q5AdTQyQQ9RplbJYkW3zvaFVdQ/getUpdates "HTTP/1.1 200 OK"
2025-10-30 16:22:21,076 - httpx - INFO - HTTP Request: POST https://api.telegram.org/bot8229132294:AAGIgDjK-q5AdTQyQQ9RplbJYkW3zvaFVdQ/getUpdates "HTTP/1.1 200 OK"
2025-10-30 16:22:31,237 - httpx - INFO - HTTP Request: POST https://api.telegram.org/bot8229132294:AAGIgDjK-q5AdTQyQQ9RplbJYkW3zvaFVdQ/getUpdates "HTTP/1.1 200 OK"
2025-10-30 16:22:41,400 - httpx - INFO - HTTP Request: POST https://api.telegram.org/bot8229132294:AAGIgDjK-q5AdTQyQQ9RplbJYkW3zvaFVdQ/getUpdates "HTTP/1.1 200 OK"
2025-10-30 16:22:51,897 - httpx - INFO - HTTP Request: POST https://api.telegram.org/bot8229132294:AAGIgDjK-q5AdTQyQQ9RplbJYkW3zvaFVdQ/getUpdates "HTTP/1.1 200 OK"
2025-10-30 16:23:02,058 - httpx - INFO - HTTP Request: POST https://api.telegram.org/bot8229132294:AAGIgDjK-q5AdTQyQQ9RplbJYkW3zvaFVdQ/getUpdates "HTTP/1.1 200 OK"
2025-10-30 16:23:12,221 - httpx - INFO - HTTP Request: POST https://api.telegram.org/bot8229132294:AAGIgDjK-q5AdTQyQQ9RplbJYkW3zvaFVdQ/getUpdates "HTTP/1.1 200 OK"
2025-10-30 16:23:22,384 - httpx - INFO - HTTP Request: POST https://api.telegram.org/bot8229132294:AAGIgDjK-q5AdTQyQQ9RplbJYkW3zvaFVdQ/getUpdates "HTTP/1.1 200 OK"
2025-10-30 16:23:32,551 - httpx - INFO - HTTP Request: POST https://api.telegram.org/bot8229132294:AAGIgDjK-q5AdTQyQQ9RplbJYkW3zvaFVdQ/getUpdates "HTTP/1.1 200 OK"
2025-10-30 16:23:42,713 - httpx - INFO - HTTP Request: POST https://api.telegram.org/bot8229132294:AAGIgDjK-q5AdTQyQQ9RplbJYkW3zvaFVdQ/getUpdates "HTTP/1.1 200 OK"
2025-10-30 16:23:52,876 - httpx - INFO - HTTP Request: POST https://api.telegram.org/bot8229132294:AAGIgDjK-q5AdTQyQQ9RplbJYkW3zvaFVdQ/getUpdates "HTTP/1.1 200 OK"
2025-10-30 16:24:03,039 - httpx - INFO - HTTP Request: POST https://api.telegram.org/bot8229132294:AAGIgDjK-q5AdTQyQQ9RplbJYkW3zvaFVdQ/getUpdates "HTTP/1.1 200 OK"
2025-10-30 16:24:13,201 - httpx - INFO - HTTP Request: POST https://api.telegram.org/bot8229132294:AAGIgDjK-q5AdTQyQQ9RplbJYkW3zvaFVdQ/getUpdates "HTTP/1.1 200 OK"
2025-10-30 16:24:23,369 - httpx - INFO - HTTP Request: POST https://api.telegram.org/bot8229132294:AAGIgDjK-q5AdTQyQQ9RplbJYkW3zvaFVdQ/getUpdates "HTTP/1.1 200 OK"
2025-10-30 16:24:33,551 - httpx - INFO - HTTP Request: POST https://api.telegram.org/bot8229132294:AAGIgDjK-q5AdTQyQQ9RplbJYkW3zvaFVdQ/getUpdates "HTTP/1.1 200 OK"
2025-10-30 16:24:43,716 - httpx - INFO - HTTP Request: POST https://api.telegram.org/bot8229132294:AAGIgDjK-q5AdTQyQQ9RplbJYkW3zvaFVdQ/getUpdates "HTTP/1.1 200 OK"
2025-10-30 16:24:53,879 - httpx - INFO - HTTP Request: POST https://api.telegram.org/bot8229132294:AAGIgDjK-q5AdTQyQQ9RplbJYkW3zvaFVdQ/getUpdates "HTTP/1.1 200 OK"
2025-10-30 16:25:04,043 - httpx - INFO - HTTP Request: POST https://api.telegram.org/bot8229132294:AAGIgDjK-q5AdTQyQQ9RplbJYkW3zvaFVdQ/getUpdates "HTTP/1.1 200 OK"
2025-10-30 16:25:14,205 - httpx - INFO - HTTP Request: POST https://api.telegram.org/bot8229132294:AAGIgDjK-q5AdTQyQQ9RplbJYkW3zvaFVdQ/getUpdates "HTTP/1.1 200 OK"
2025-10-30 16:25:24,368 - httpx - INFO - HTTP Request: POST https://api.telegram.org/bot8229132294:AAGIgDjK-q5AdTQyQQ9RplbJYkW3zvaFVdQ/getUpdates "HTTP/1.1 200 OK"
2025-10-30 16:25:34,533 - httpx - INFO - HTTP Request: POST https://api.telegram.org/bot8229132294:AAGIgDjK-q5AdTQyQQ9RplbJYkW3zvaFVdQ/getUpdates "HTTP/1.1 200 OK"
2025-10-30 16:25:44,696 - httpx - INFO - HTTP Request: POST https://api.telegram.org/bot8229132294:AAGIgDjK-q5AdTQyQQ9RplbJYkW3zvaFVdQ/getUpdates "HTTP/1.1 200 OK"
2025-10-30 16:25:54,857 - httpx - INFO - HTTP Request: POST https://api.telegram.org/bot8229132294:AAGIgDjK-q5AdTQyQQ9RplbJYkW3zvaFVdQ/getUpdates "HTTP/1.1 200 OK"
2025-10-30 16:26:05,018 - httpx - INFO - HTTP Request: POST https://api.telegram.org/bot8229132294:AAGIgDjK-q5AdTQyQQ9RplbJYkW3zvaFVdQ/getUpdates "HTTP/1.1 200 OK"
2025-10-30 16:26:15,180 - httpx - INFO - HTTP Request: POST https://api.telegram.org/bot8229132294:AAGIgDjK-q5AdTQyQQ9RplbJYkW3zvaFVdQ/getUpdates "HTTP/1.1 200 OK"
2025-10-30 16:26:25,347 - httpx - INFO - HTTP Request: POST https://api.telegram.org/bot8229132294:AAGIgDjK-q5AdTQyQQ9RplbJYkW3zvaFVdQ/getUpdates "HTTP/1.1 200 OK"
2025-10-30 16:26:35,508 - httpx - INFO - HTTP Request: POST https://api.telegram.org/bot8229132294:AAGIgDjK-q5AdTQyQQ9RplbJYkW3zvaFVdQ/getUpdates "HTTP/1.1 200 OK"
2025-10-30 16:26:45,671 - httpx - INFO - HTTP Request: POST https://api.telegram.org/bot8229132294:AAGIgDjK-q5AdTQyQQ9RplbJYkW3zvaFVdQ/getUpdates "HTTP/1.1 200 OK"
2025-10-30 16:26:55,831 - httpx - INFO - HTTP Request: POST https://api.telegram.org/bot8229132294:AAGIgDjK-q5AdTQyQQ9RplbJYkW3zvaFVdQ/getUpdates "HTTP/1.1 200 OK"
2025-10-30 16:27:05,994 - httpx - INFO - HTTP Request: POST https://api.telegram.org/bot8229132294:AAGIgDjK-q5AdTQyQQ9RplbJYkW3zvaFVdQ/getUpdates "HTTP/1.1 200 OK"
2025-10-30 16:27:16,155 - httpx - INFO - HTTP Request: POST https://api.telegram.org/bot8229132294:AAGIgDjK-q5AdTQyQQ9RplbJYkW3zvaFVdQ/getUpdates "HTTP/1.1 200 OK"
2025-10-30 16:27:26,317 - httpx - INFO - HTTP Request: POST https://api.telegram.org/bot8229132294:AAGIgDjK-q5AdTQyQQ9RplbJYkW3zvaFVdQ/getUpdates "HTTP/1.1 200 OK"
2025-10-30 16:27:36,483 - httpx - INFO - HTTP Request: POST https://api.telegram.org/bot8229132294:AAGIgDjK-q5AdTQyQQ9RplbJYkW3zvaFVdQ/getUpdates "HTTP/1.1 200 OK"
2025-10-30 16:27:46,652 - httpx - INFO - HTTP Request: POST https://api.telegram.org/bot8229132294:AAGIgDjK-q5AdTQyQQ9RplbJYkW3zvaFVdQ/getUpdates "HTTP/1.1 200 OK"
2025-10-30 16:27:56,816 - httpx - INFO - HTTP Request: POST https://api.telegram.org/bot8229132294:AAGIgDjK-q5AdTQyQQ9RplbJYkW3zvaFVdQ/getUpdates "HTTP/1.1 200 OK"
2025-10-30 16:28:06,979 - httpx - INFO - HTTP Request: POST https://api.telegram.org/bot8229132294:AAGIgDjK-q5AdTQyQQ9RplbJYkW3zvaFVdQ/getUpdates "HTTP/1.1 200 OK"
2025-10-30 16:28:17,141 - httpx - INFO - HTTP Request: POST https://api.telegram.org/bot8229132294:AAGIgDjK-q5AdTQyQQ9RplbJYkW3zvaFVdQ/getUpdates "HTTP/1.1 200 OK"
2025-10-30 16:28:27,302 - httpx - INFO - HTTP Request: POST https://api.telegram.org/bot8229132294:AAGIgDjK-q5AdTQyQQ9RplbJYkW3zvaFVdQ/getUpdates "HTTP/1.1 200 OK"
2025-10-30 16:28:37,466 - httpx - INFO - HTTP Request: POST https://api.telegram.org/bot8229132294:AAGIgDjK-q5AdTQyQQ9RplbJYkW3zvaFVdQ/getUpdates "HTTP/1.1 200 OK"
2025-10-30 16:28:47,629 - httpx - INFO - HTTP Request: POST https://api.telegram.org/bot8229132294:AAGIgDjK-q5AdTQyQQ9RplbJYkW3zvaFVdQ/getUpdates "HTTP/1.1 200 OK"
2025-10-30 16:28:57,790 - httpx - INFO - HTTP Request: POST https://api.telegram.org/bot8229132294:AAGIgDjK-q5AdTQyQQ9RplbJYkW3zvaFVdQ/getUpdates "HTTP/1.1 200 OK"
2025-10-30 16:29:07,951 - httpx - INFO - HTTP Request: POST https://api.telegram.org/bot8229132294:AAGIgDjK-q5AdTQyQQ9RplbJYkW3zvaFVdQ/getUpdates "HTTP/1.1 200 OK"
2025-10-30 16:29:18,113 - httpx - INFO - HTTP Request: POST https://api.telegram.org/bot8229132294:AAGIgDjK-q5AdTQyQQ9RplbJYkW3zvaFVdQ/getUpdates "HTTP/1.1 200 OK"
2025-10-30 16:29:28,275 - httpx - INFO - HTTP Request: POST https://api.telegram.org/bot8229132294:AAGIgDjK-q5AdTQyQQ9RplbJYkW3zvaFVdQ/getUpdates "HTTP/1.1 200 OK"
2025-10-30 16:29:38,436 - httpx - INFO - HTTP Request: POST https://api.telegram.org/bot8229132294:AAGIgDjK-q5AdTQyQQ9RplbJYkW3zvaFVdQ/getUpdates "HTTP/1.1 200 OK"
2025-10-30 16:29:48,600 - httpx - INFO - HTTP Request: POST https://api.telegram.org/bot8229132294:AAGIgDjK-q5AdTQyQQ9RplbJYkW3zvaFVdQ/getUpdates "HTTP/1.1 200 OK"
2025-10-30 16:29:58,765 - httpx - INFO - HTTP Request: POST https://api.telegram.org/bot8229132294:AAGIgDjK-q5AdTQyQQ9RplbJYkW3zvaFVdQ/getUpdates "HTTP/1.1 200 OK"
2025-10-30 16:30:08,926 - httpx - INFO - HTTP Request: POST https://api.telegram.org/bot8229132294:AAGIgDjK-q5AdTQyQQ9RplbJYkW3zvaFVdQ/getUpdates "HTTP/1.1 200 OK"
2025-10-30 16:30:19,086 - httpx - INFO - HTTP Request: POST https://api.telegram.org/bot8229132294:AAGIgDjK-q5AdTQyQQ9RplbJYkW3zvaFVdQ/getUpdates "HTTP/1.1 200 OK"
2025-10-30 16:30:29,250 - httpx - INFO - HTTP Request: POST https://api.telegram.org/bot8229132294:AAGIgDjK-q5AdTQyQQ9RplbJYkW3zvaFVdQ/getUpdates "HTTP/1.1 200 OK"
2025-10-30 16:30:39,410 - httpx - INFO - HTTP Request: POST https://api.telegram.org/bot8229132294:AAGIgDjK-q5AdTQyQQ9RplbJYkW3zvaFVdQ/getUpdates "HTTP/1.1 200 OK"
2025-10-30 16:30:49,578 - httpx - INFO - HTTP Request: POST https://api.telegram.org/bot8229132294:AAGIgDjK-q5AdTQyQQ9RplbJYkW3zvaFVdQ/getUpdates "HTTP/1.1 200 OK"
2025-10-30 16:30:59,740 - httpx - INFO - HTTP Request: POST https://api.telegram.org/bot8229132294:AAGIgDjK-q5AdTQyQQ9RplbJYkW3zvaFVdQ/getUpdates "HTTP/1.1 200 OK"
2025-10-30 16:31:09,907 - httpx - INFO - HTTP Request: POST https://api.telegram.org/bot8229132294:AAGIgDjK-q5AdTQyQQ9RplbJYkW3zvaFVdQ/getUpdates "HTTP/1.1 200 OK"
2025-10-30 16:31:20,072 - httpx - INFO - HTTP Request: POST https://api.telegram.org/bot8229132294:AAGIgDjK-q5AdTQyQQ9RplbJYkW3zvaFVdQ/getUpdates "HTTP/1.1 200 OK"
2025-10-30 16:31:30,235 - httpx - INFO - HTTP Request: POST https://api.telegram.org/bot8229132294:AAGIgDjK-q5AdTQyQQ9RplbJYkW3zvaFVdQ/getUpdates "HTTP/1.1 200 OK"
2025-10-30 16:31:40,401 - httpx - INFO - HTTP Request: POST https://api.telegram.org/bot8229132294:AAGIgDjK-q5AdTQyQQ9RplbJYkW3zvaFVdQ/getUpdates "HTTP/1.1 200 OK"
2025-10-30 16:31:50,563 - httpx - INFO - HTTP Request: POST https://api.telegram.org/bot8229132294:AAGIgDjK-q5AdTQyQQ9RplbJYkW3zvaFVdQ/getUpdates "HTTP/1.1 200 OK"
2025-10-30 16:32:00,725 - httpx - INFO - HTTP Request: POST https://api.telegram.org/bot8229132294:AAGIgDjK-q5AdTQyQQ9RplbJYkW3zvaFVdQ/getUpdates "HTTP/1.1 200 OK"
2025-10-30 16:32:10,888 - httpx - INFO - HTTP Request: POST https://api.telegram.org/bot8229132294:AAGIgDjK-q5AdTQyQQ9RplbJYkW3zvaFVdQ/getUpdates "HTTP/1.1 200 OK"
2025-10-30 16:32:21,053 - httpx - INFO - HTTP Request: POST https://api.telegram.org/bot8229132294:AAGIgDjK-q5AdTQyQQ9RplbJYkW3zvaFVdQ/getUpdates "HTTP/1.1 200 OK"
