nohup: ignoring input
2025-10-30 09:50:56,510 - __main__ - INFO - 🤖 启动 Bot (Polling 模式)...
2025-10-30 09:50:56,511 - __main__ - INFO - 🚀 初始化 Telegram Bot...
2025-10-30 09:50:56,566 - __main__ - INFO - ✅ 数据库初始化完成
2025-10-30 09:50:56,567 - __main__ - INFO - ✅ Redis 连接成功
2025-10-30 09:50:56,611 - __main__ - INFO - ✅ 钱包管理器初始化完成
2025-10-30 09:50:56,612 - __main__ - INFO - ✅ 处理器初始化完成
2025-10-30 09:50:56,612 - __main__ - INFO - 📝 注册处理器...
/workspaces/tg_dgn_bot/src/bot_admin/handler.py:689: PTBUserWarning: If 'per_message=False', 'CallbackQueryHandler' will not be tracked for every message. Read this FAQ entry to learn more about the per_* settings: https://github.com/python-telegram-bot/python-telegram-bot/wiki/Frequently-Asked-Questions#what-do-the-per_-settings-in-conversationhandler-do.
  return ConversationHandler(
2025-10-30 09:50:56,612 - __main__ - INFO - ✅ 管理员面板处理器已注册
/workspaces/tg_dgn_bot/src/premium/handler.py:65: PTBUserWarning: If 'per_message=False', 'CallbackQueryHandler' will not be tracked for every message. Read this FAQ entry to learn more about the per_* settings: https://github.com/python-telegram-bot/python-telegram-bot/wiki/Frequently-Asked-Questions#what-do-the-per_-settings-in-conversationhandler-do.
  return ConversationHandler(
/workspaces/tg_dgn_bot/src/energy/handler_direct.py:447: PTBUserWarning: If 'per_message=False', 'CallbackQueryHandler' will not be tracked for every message. Read this FAQ entry to learn more about the per_* settings: https://github.com/python-telegram-bot/python-telegram-bot/wiki/Frequently-Asked-Questions#what-do-the-per_-settings-in-conversationhandler-do.
  return ConversationHandler(
2025-10-30 09:50:56,614 - __main__ - INFO - ✅ 能量兑换处理器已注册（TRX/USDT 直转模式）
2025-10-30 09:50:56,614 - src.trx_exchange.trx_sender - INFO - TRXSender initialized in TEST MODE (no real transfers)
/workspaces/tg_dgn_bot/src/trx_exchange/handler.py:350: PTBUserWarning: If 'per_message=False', 'CallbackQueryHandler' will not be tracked for every message. Read this FAQ entry to learn more about the per_* settings: https://github.com/python-telegram-bot/python-telegram-bot/wiki/Frequently-Asked-Questions#what-do-the-per_-settings-in-conversationhandler-do.
  return ConversationHandler(
2025-10-30 09:50:56,615 - __main__ - INFO - ✅ TRX 兑换处理器已注册
2025-10-30 09:50:56,616 - __main__ - INFO - ✅ 所有处理器注册完成
2025-10-30 09:50:57,344 - httpx - INFO - HTTP Request: POST https://api.telegram.org/bot8229132294:AAGIgDjK-q5AdTQyQQ9RplbJYkW3zvaFVdQ/getMe "HTTP/1.1 200 OK"
2025-10-30 09:50:57,345 - telegram.ext.Application - INFO - Application started
2025-10-30 09:50:57,629 - httpx - INFO - HTTP Request: POST https://api.telegram.org/bot8229132294:AAGIgDjK-q5AdTQyQQ9RplbJYkW3zvaFVdQ/setMyCommands "HTTP/1.1 200 OK"
2025-10-30 09:50:57,629 - __main__ - INFO - ✅ 已设置通用用户命令
2025-10-30 09:50:57,911 - httpx - INFO - HTTP Request: POST https://api.telegram.org/bot8229132294:AAGIgDjK-q5AdTQyQQ9RplbJYkW3zvaFVdQ/setMyCommands "HTTP/1.1 200 OK"
2025-10-30 09:50:57,912 - __main__ - INFO - ✅ 已设置 Owner 管理员命令（User ID: 8306752124）
2025-10-30 09:50:57,912 - __main__ - INFO - ✅ Bot 菜单命令已设置
2025-10-30 09:50:58,074 - httpx - INFO - HTTP Request: POST https://api.telegram.org/bot8229132294:AAGIgDjK-q5AdTQyQQ9RplbJYkW3zvaFVdQ/deleteWebhook "HTTP/1.1 200 OK"
2025-10-30 09:50:58,074 - __main__ - INFO - ✅ Bot 启动成功！
2025-10-30 09:50:58,236 - httpx - INFO - HTTP Request: POST https://api.telegram.org/bot8229132294:AAGIgDjK-q5AdTQyQQ9RplbJYkW3zvaFVdQ/getMe "HTTP/1.1 200 OK"
2025-10-30 09:50:58,237 - __main__ - INFO - 📱 Bot 用户名: @Dhdjdbrj_bot
2025-10-30 09:50:58,237 - __main__ - INFO - 🎯 等待用户消息...
2025-10-30 09:51:08,650 - httpx - INFO - HTTP Request: POST https://api.telegram.org/bot8229132294:AAGIgDjK-q5AdTQyQQ9RplbJYkW3zvaFVdQ/getUpdates "HTTP/1.1 200 OK"
2025-10-30 09:51:18,847 - httpx - INFO - HTTP Request: POST https://api.telegram.org/bot8229132294:AAGIgDjK-q5AdTQyQQ9RplbJYkW3zvaFVdQ/getUpdates "HTTP/1.1 200 OK"
2025-10-30 09:51:29,039 - httpx - INFO - HTTP Request: POST https://api.telegram.org/bot8229132294:AAGIgDjK-q5AdTQyQQ9RplbJYkW3zvaFVdQ/getUpdates "HTTP/1.1 200 OK"
2025-10-30 09:51:39,230 - httpx - INFO - HTTP Request: POST https://api.telegram.org/bot8229132294:AAGIgDjK-q5AdTQyQQ9RplbJYkW3zvaFVdQ/getUpdates "HTTP/1.1 200 OK"
2025-10-30 09:51:49,422 - httpx - INFO - HTTP Request: POST https://api.telegram.org/bot8229132294:AAGIgDjK-q5AdTQyQQ9RplbJYkW3zvaFVdQ/getUpdates "HTTP/1.1 200 OK"
2025-10-30 09:51:59,615 - httpx - INFO - HTTP Request: POST https://api.telegram.org/bot8229132294:AAGIgDjK-q5AdTQyQQ9RplbJYkW3zvaFVdQ/getUpdates "HTTP/1.1 200 OK"
2025-10-30 09:52:09,807 - httpx - INFO - HTTP Request: POST https://api.telegram.org/bot8229132294:AAGIgDjK-q5AdTQyQQ9RplbJYkW3zvaFVdQ/getUpdates "HTTP/1.1 200 OK"
2025-10-30 09:52:20,033 - httpx - INFO - HTTP Request: POST https://api.telegram.org/bot8229132294:AAGIgDjK-q5AdTQyQQ9RplbJYkW3zvaFVdQ/getUpdates "HTTP/1.1 200 OK"
2025-10-30 09:52:30,237 - httpx - INFO - HTTP Request: POST https://api.telegram.org/bot8229132294:AAGIgDjK-q5AdTQyQQ9RplbJYkW3zvaFVdQ/getUpdates "HTTP/1.1 200 OK"
2025-10-30 09:52:40,430 - httpx - INFO - HTTP Request: POST https://api.telegram.org/bot8229132294:AAGIgDjK-q5AdTQyQQ9RplbJYkW3zvaFVdQ/getUpdates "HTTP/1.1 200 OK"
2025-10-30 09:52:50,637 - httpx - INFO - HTTP Request: POST https://api.telegram.org/bot8229132294:AAGIgDjK-q5AdTQyQQ9RplbJYkW3zvaFVdQ/getUpdates "HTTP/1.1 200 OK"
2025-10-30 09:53:00,827 - httpx - INFO - HTTP Request: POST https://api.telegram.org/bot8229132294:AAGIgDjK-q5AdTQyQQ9RplbJYkW3zvaFVdQ/getUpdates "HTTP/1.1 200 OK"
2025-10-30 09:53:11,019 - httpx - INFO - HTTP Request: POST https://api.telegram.org/bot8229132294:AAGIgDjK-q5AdTQyQQ9RplbJYkW3zvaFVdQ/getUpdates "HTTP/1.1 200 OK"
2025-10-30 09:53:21,220 - httpx - INFO - HTTP Request: POST https://api.telegram.org/bot8229132294:AAGIgDjK-q5AdTQyQQ9RplbJYkW3zvaFVdQ/getUpdates "HTTP/1.1 200 OK"
2025-10-30 09:53:31,410 - httpx - INFO - HTTP Request: POST https://api.telegram.org/bot8229132294:AAGIgDjK-q5AdTQyQQ9RplbJYkW3zvaFVdQ/getUpdates "HTTP/1.1 200 OK"
2025-10-30 09:53:41,602 - httpx - INFO - HTTP Request: POST https://api.telegram.org/bot8229132294:AAGIgDjK-q5AdTQyQQ9RplbJYkW3zvaFVdQ/getUpdates "HTTP/1.1 200 OK"
2025-10-30 09:53:51,792 - httpx - INFO - HTTP Request: POST https://api.telegram.org/bot8229132294:AAGIgDjK-q5AdTQyQQ9RplbJYkW3zvaFVdQ/getUpdates "HTTP/1.1 200 OK"
2025-10-30 09:54:01,984 - httpx - INFO - HTTP Request: POST https://api.telegram.org/bot8229132294:AAGIgDjK-q5AdTQyQQ9RplbJYkW3zvaFVdQ/getUpdates "HTTP/1.1 200 OK"
2025-10-30 09:54:12,178 - httpx - INFO - HTTP Request: POST https://api.telegram.org/bot8229132294:AAGIgDjK-q5AdTQyQQ9RplbJYkW3zvaFVdQ/getUpdates "HTTP/1.1 200 OK"
2025-10-30 09:54:22,374 - httpx - INFO - HTTP Request: POST https://api.telegram.org/bot8229132294:AAGIgDjK-q5AdTQyQQ9RplbJYkW3zvaFVdQ/getUpdates "HTTP/1.1 200 OK"
2025-10-30 09:54:32,565 - httpx - INFO - HTTP Request: POST https://api.telegram.org/bot8229132294:AAGIgDjK-q5AdTQyQQ9RplbJYkW3zvaFVdQ/getUpdates "HTTP/1.1 200 OK"
2025-10-30 09:54:42,758 - httpx - INFO - HTTP Request: POST https://api.telegram.org/bot8229132294:AAGIgDjK-q5AdTQyQQ9RplbJYkW3zvaFVdQ/getUpdates "HTTP/1.1 200 OK"
2025-10-30 09:54:52,949 - httpx - INFO - HTTP Request: POST https://api.telegram.org/bot8229132294:AAGIgDjK-q5AdTQyQQ9RplbJYkW3zvaFVdQ/getUpdates "HTTP/1.1 200 OK"
2025-10-30 09:55:03,144 - httpx - INFO - HTTP Request: POST https://api.telegram.org/bot8229132294:AAGIgDjK-q5AdTQyQQ9RplbJYkW3zvaFVdQ/getUpdates "HTTP/1.1 200 OK"
2025-10-30 09:55:13,335 - httpx - INFO - HTTP Request: POST https://api.telegram.org/bot8229132294:AAGIgDjK-q5AdTQyQQ9RplbJYkW3zvaFVdQ/getUpdates "HTTP/1.1 200 OK"
2025-10-30 09:55:23,529 - httpx - INFO - HTTP Request: POST https://api.telegram.org/bot8229132294:AAGIgDjK-q5AdTQyQQ9RplbJYkW3zvaFVdQ/getUpdates "HTTP/1.1 200 OK"
2025-10-30 09:55:28,005 - httpx - INFO - HTTP Request: POST https://api.telegram.org/bot8229132294:AAGIgDjK-q5AdTQyQQ9RplbJYkW3zvaFVdQ/getUpdates "HTTP/1.1 200 OK"
2025-10-30 09:55:28,739 - httpx - INFO - HTTP Request: POST https://api.telegram.org/bot8229132294:AAGIgDjK-q5AdTQyQQ9RplbJYkW3zvaFVdQ/sendMessage "HTTP/1.1 200 OK"
2025-10-30 09:55:29,573 - httpx - INFO - HTTP Request: POST https://api.telegram.org/bot8229132294:AAGIgDjK-q5AdTQyQQ9RplbJYkW3zvaFVdQ/getUpdates "HTTP/1.1 200 OK"
2025-10-30 09:55:29,912 - httpx - INFO - HTTP Request: POST https://api.telegram.org/bot8229132294:AAGIgDjK-q5AdTQyQQ9RplbJYkW3zvaFVdQ/sendMessage "HTTP/1.1 200 OK"
2025-10-30 09:55:30,245 - httpx - INFO - HTTP Request: POST https://api.telegram.org/bot8229132294:AAGIgDjK-q5AdTQyQQ9RplbJYkW3zvaFVdQ/sendMessage "HTTP/1.1 200 OK"
2025-10-30 09:55:38,020 - httpx - INFO - HTTP Request: POST https://api.telegram.org/bot8229132294:AAGIgDjK-q5AdTQyQQ9RplbJYkW3zvaFVdQ/getUpdates "HTTP/1.1 200 OK"
2025-10-30 09:55:38,655 - httpx - INFO - HTTP Request: POST https://api.telegram.org/bot8229132294:AAGIgDjK-q5AdTQyQQ9RplbJYkW3zvaFVdQ/sendMessage "HTTP/1.1 200 OK"
2025-10-30 09:55:48,215 - httpx - INFO - HTTP Request: POST https://api.telegram.org/bot8229132294:AAGIgDjK-q5AdTQyQQ9RplbJYkW3zvaFVdQ/getUpdates "HTTP/1.1 200 OK"
2025-10-30 09:55:57,613 - httpx - INFO - HTTP Request: POST https://api.telegram.org/bot8229132294:AAGIgDjK-q5AdTQyQQ9RplbJYkW3zvaFVdQ/getUpdates "HTTP/1.1 200 OK"
2025-10-30 09:55:58,318 - httpx - INFO - HTTP Request: POST https://api.telegram.org/bot8229132294:AAGIgDjK-q5AdTQyQQ9RplbJYkW3zvaFVdQ/sendMessage "HTTP/1.1 200 OK"
2025-10-30 09:56:00,724 - httpx - INFO - HTTP Request: POST https://api.telegram.org/bot8229132294:AAGIgDjK-q5AdTQyQQ9RplbJYkW3zvaFVdQ/getUpdates "HTTP/1.1 200 OK"
2025-10-30 09:56:00,725 - telegram.ext.Application - ERROR - No error handlers are registered, logging exception.
Traceback (most recent call last):
  File "/home/codespace/.python/current/lib/python3.12/site-packages/telegram/ext/_application.py", line 1264, in process_update
    await coroutine
  File "/home/codespace/.python/current/lib/python3.12/site-packages/telegram/ext/_handlers/basehandler.py", line 157, in handle_update
    return await self.callback(update, context)
           ^^^^^^^^^^^^^^^^^^^^^^^^^^^^^^^^^^^^
  File "/workspaces/tg_dgn_bot/src/menu/main_menu.py", line 315, in handle_keyboard_button
    await EnergyHandler.show_main_menu(update, context)
          ^^^^^^^^^^^^^^^^^^^^^^^^^^^^
AttributeError: type object 'EnergyHandler' has no attribute 'show_main_menu'
2025-10-30 09:56:02,843 - httpx - INFO - HTTP Request: POST https://api.telegram.org/bot8229132294:AAGIgDjK-q5AdTQyQQ9RplbJYkW3zvaFVdQ/getUpdates "HTTP/1.1 200 OK"
2025-10-30 09:56:03,172 - httpx - INFO - HTTP Request: POST https://api.telegram.org/bot8229132294:AAGIgDjK-q5AdTQyQQ9RplbJYkW3zvaFVdQ/sendMessage "HTTP/1.1 200 OK"
2025-10-30 09:56:10,983 - httpx - INFO - HTTP Request: POST https://api.telegram.org/bot8229132294:AAGIgDjK-q5AdTQyQQ9RplbJYkW3zvaFVdQ/getUpdates "HTTP/1.1 200 OK"
2025-10-30 09:56:10,984 - src.bot_admin.middleware - INFO - Admin 8306752124 executing: admin_command
2025-10-30 09:56:11,054 - src.bot_admin.audit_log - INFO - Audit: admin=8306752124, action=open_admin_panel, target=, result=success
2025-10-30 09:56:11,675 - httpx - INFO - HTTP Request: POST https://api.telegram.org/bot8229132294:AAGIgDjK-q5AdTQyQQ9RplbJYkW3zvaFVdQ/sendMessage "HTTP/1.1 200 OK"
2025-10-30 09:56:13,575 - httpx - INFO - HTTP Request: POST https://api.telegram.org/bot8229132294:AAGIgDjK-q5AdTQyQQ9RplbJYkW3zvaFVdQ/getUpdates "HTTP/1.1 200 OK"
2025-10-30 09:56:13,855 - httpx - INFO - HTTP Request: POST https://api.telegram.org/bot8229132294:AAGIgDjK-q5AdTQyQQ9RplbJYkW3zvaFVdQ/answerCallbackQuery "HTTP/1.1 200 OK"
2025-10-30 09:56:14,148 - httpx - INFO - HTTP Request: POST https://api.telegram.org/bot8229132294:AAGIgDjK-q5AdTQyQQ9RplbJYkW3zvaFVdQ/editMessageText "HTTP/1.1 200 OK"
2025-10-30 09:56:17,721 - httpx - INFO - HTTP Request: POST https://api.telegram.org/bot8229132294:AAGIgDjK-q5AdTQyQQ9RplbJYkW3zvaFVdQ/getUpdates "HTTP/1.1 200 OK"
2025-10-30 09:56:18,007 - httpx - INFO - HTTP Request: POST https://api.telegram.org/bot8229132294:AAGIgDjK-q5AdTQyQQ9RplbJYkW3zvaFVdQ/answerCallbackQuery "HTTP/1.1 200 OK"
2025-10-30 09:56:18,008 - src.bot_admin.handler - ERROR - Failed to check system status: Error 111 connecting to localhost:6379. Connection refused.
2025-10-30 09:56:18,299 - httpx - INFO - HTTP Request: POST https://api.telegram.org/bot8229132294:AAGIgDjK-q5AdTQyQQ9RplbJYkW3zvaFVdQ/editMessageText "HTTP/1.1 200 OK"
2025-10-30 09:56:26,008 - httpx - INFO - HTTP Request: POST https://api.telegram.org/bot8229132294:AAGIgDjK-q5AdTQyQQ9RplbJYkW3zvaFVdQ/getUpdates "HTTP/1.1 200 OK"
2025-10-30 09:56:26,706 - httpx - INFO - HTTP Request: POST https://api.telegram.org/bot8229132294:AAGIgDjK-q5AdTQyQQ9RplbJYkW3zvaFVdQ/answerCallbackQuery "HTTP/1.1 200 OK"
2025-10-30 09:56:27,039 - httpx - INFO - HTTP Request: POST https://api.telegram.org/bot8229132294:AAGIgDjK-q5AdTQyQQ9RplbJYkW3zvaFVdQ/editMessageText "HTTP/1.1 200 OK"
2025-10-30 09:56:33,962 - httpx - INFO - HTTP Request: POST https://api.telegram.org/bot8229132294:AAGIgDjK-q5AdTQyQQ9RplbJYkW3zvaFVdQ/getUpdates "HTTP/1.1 200 OK"
2025-10-30 09:56:34,570 - httpx - INFO - HTTP Request: POST https://api.telegram.org/bot8229132294:AAGIgDjK-q5AdTQyQQ9RplbJYkW3zvaFVdQ/answerCallbackQuery "HTTP/1.1 200 OK"
2025-10-30 09:56:34,879 - httpx - INFO - HTTP Request: POST https://api.telegram.org/bot8229132294:AAGIgDjK-q5AdTQyQQ9RplbJYkW3zvaFVdQ/editMessageText "HTTP/1.1 200 OK"
2025-10-30 09:56:34,884 - src.bot_admin.audit_log - INFO - Audit: admin=8306752124, action=view_stats, target=, result=success
2025-10-30 09:56:44,156 - httpx - INFO - HTTP Request: POST https://api.telegram.org/bot8229132294:AAGIgDjK-q5AdTQyQQ9RplbJYkW3zvaFVdQ/getUpdates "HTTP/1.1 200 OK"
2025-10-30 09:56:54,348 - httpx - INFO - HTTP Request: POST https://api.telegram.org/bot8229132294:AAGIgDjK-q5AdTQyQQ9RplbJYkW3zvaFVdQ/getUpdates "HTTP/1.1 200 OK"
2025-10-30 09:57:04,538 - httpx - INFO - HTTP Request: POST https://api.telegram.org/bot8229132294:AAGIgDjK-q5AdTQyQQ9RplbJYkW3zvaFVdQ/getUpdates "HTTP/1.1 200 OK"
2025-10-30 09:57:14,731 - httpx - INFO - HTTP Request: POST https://api.telegram.org/bot8229132294:AAGIgDjK-q5AdTQyQQ9RplbJYkW3zvaFVdQ/getUpdates "HTTP/1.1 200 OK"
2025-10-30 09:57:24,921 - httpx - INFO - HTTP Request: POST https://api.telegram.org/bot8229132294:AAGIgDjK-q5AdTQyQQ9RplbJYkW3zvaFVdQ/getUpdates "HTTP/1.1 200 OK"
2025-10-30 09:57:35,119 - httpx - INFO - HTTP Request: POST https://api.telegram.org/bot8229132294:AAGIgDjK-q5AdTQyQQ9RplbJYkW3zvaFVdQ/getUpdates "HTTP/1.1 200 OK"
2025-10-30 09:57:45,312 - httpx - INFO - HTTP Request: POST https://api.telegram.org/bot8229132294:AAGIgDjK-q5AdTQyQQ9RplbJYkW3zvaFVdQ/getUpdates "HTTP/1.1 200 OK"
2025-10-30 09:57:55,503 - httpx - INFO - HTTP Request: POST https://api.telegram.org/bot8229132294:AAGIgDjK-q5AdTQyQQ9RplbJYkW3zvaFVdQ/getUpdates "HTTP/1.1 200 OK"
2025-10-30 09:58:05,694 - httpx - INFO - HTTP Request: POST https://api.telegram.org/bot8229132294:AAGIgDjK-q5AdTQyQQ9RplbJYkW3zvaFVdQ/getUpdates "HTTP/1.1 200 OK"
2025-10-30 09:58:15,885 - httpx - INFO - HTTP Request: POST https://api.telegram.org/bot8229132294:AAGIgDjK-q5AdTQyQQ9RplbJYkW3zvaFVdQ/getUpdates "HTTP/1.1 200 OK"
2025-10-30 09:58:26,077 - httpx - INFO - HTTP Request: POST https://api.telegram.org/bot8229132294:AAGIgDjK-q5AdTQyQQ9RplbJYkW3zvaFVdQ/getUpdates "HTTP/1.1 200 OK"
2025-10-30 09:58:36,268 - httpx - INFO - HTTP Request: POST https://api.telegram.org/bot8229132294:AAGIgDjK-q5AdTQyQQ9RplbJYkW3zvaFVdQ/getUpdates "HTTP/1.1 200 OK"
2025-10-30 09:58:46,459 - httpx - INFO - HTTP Request: POST https://api.telegram.org/bot8229132294:AAGIgDjK-q5AdTQyQQ9RplbJYkW3zvaFVdQ/getUpdates "HTTP/1.1 200 OK"
2025-10-30 09:58:56,651 - httpx - INFO - HTTP Request: POST https://api.telegram.org/bot8229132294:AAGIgDjK-q5AdTQyQQ9RplbJYkW3zvaFVdQ/getUpdates "HTTP/1.1 200 OK"
2025-10-30 09:59:06,841 - httpx - INFO - HTTP Request: POST https://api.telegram.org/bot8229132294:AAGIgDjK-q5AdTQyQQ9RplbJYkW3zvaFVdQ/getUpdates "HTTP/1.1 200 OK"
2025-10-30 09:59:17,035 - httpx - INFO - HTTP Request: POST https://api.telegram.org/bot8229132294:AAGIgDjK-q5AdTQyQQ9RplbJYkW3zvaFVdQ/getUpdates "HTTP/1.1 200 OK"
2025-10-30 09:59:27,225 - httpx - INFO - HTTP Request: POST https://api.telegram.org/bot8229132294:AAGIgDjK-q5AdTQyQQ9RplbJYkW3zvaFVdQ/getUpdates "HTTP/1.1 200 OK"
2025-10-30 09:59:37,416 - httpx - INFO - HTTP Request: POST https://api.telegram.org/bot8229132294:AAGIgDjK-q5AdTQyQQ9RplbJYkW3zvaFVdQ/getUpdates "HTTP/1.1 200 OK"
2025-10-30 09:59:47,606 - httpx - INFO - HTTP Request: POST https://api.telegram.org/bot8229132294:AAGIgDjK-q5AdTQyQQ9RplbJYkW3zvaFVdQ/getUpdates "HTTP/1.1 200 OK"
2025-10-30 09:59:57,799 - httpx - INFO - HTTP Request: POST https://api.telegram.org/bot8229132294:AAGIgDjK-q5AdTQyQQ9RplbJYkW3zvaFVdQ/getUpdates "HTTP/1.1 200 OK"
2025-10-30 10:00:08,007 - httpx - INFO - HTTP Request: POST https://api.telegram.org/bot8229132294:AAGIgDjK-q5AdTQyQQ9RplbJYkW3zvaFVdQ/getUpdates "HTTP/1.1 200 OK"
2025-10-30 10:00:18,200 - httpx - INFO - HTTP Request: POST https://api.telegram.org/bot8229132294:AAGIgDjK-q5AdTQyQQ9RplbJYkW3zvaFVdQ/getUpdates "HTTP/1.1 200 OK"
2025-10-30 10:00:28,393 - httpx - INFO - HTTP Request: POST https://api.telegram.org/bot8229132294:AAGIgDjK-q5AdTQyQQ9RplbJYkW3zvaFVdQ/getUpdates "HTTP/1.1 200 OK"
2025-10-30 10:00:38,584 - httpx - INFO - HTTP Request: POST https://api.telegram.org/bot8229132294:AAGIgDjK-q5AdTQyQQ9RplbJYkW3zvaFVdQ/getUpdates "HTTP/1.1 200 OK"
2025-10-30 10:00:48,774 - httpx - INFO - HTTP Request: POST https://api.telegram.org/bot8229132294:AAGIgDjK-q5AdTQyQQ9RplbJYkW3zvaFVdQ/getUpdates "HTTP/1.1 200 OK"
2025-10-30 10:00:58,969 - httpx - INFO - HTTP Request: POST https://api.telegram.org/bot8229132294:AAGIgDjK-q5AdTQyQQ9RplbJYkW3zvaFVdQ/getUpdates "HTTP/1.1 200 OK"
2025-10-30 10:01:09,161 - httpx - INFO - HTTP Request: POST https://api.telegram.org/bot8229132294:AAGIgDjK-q5AdTQyQQ9RplbJYkW3zvaFVdQ/getUpdates "HTTP/1.1 200 OK"
2025-10-30 10:01:19,352 - httpx - INFO - HTTP Request: POST https://api.telegram.org/bot8229132294:AAGIgDjK-q5AdTQyQQ9RplbJYkW3zvaFVdQ/getUpdates "HTTP/1.1 200 OK"
2025-10-30 10:01:29,547 - httpx - INFO - HTTP Request: POST https://api.telegram.org/bot8229132294:AAGIgDjK-q5AdTQyQQ9RplbJYkW3zvaFVdQ/getUpdates "HTTP/1.1 200 OK"
2025-10-30 10:01:39,737 - httpx - INFO - HTTP Request: POST https://api.telegram.org/bot8229132294:AAGIgDjK-q5AdTQyQQ9RplbJYkW3zvaFVdQ/getUpdates "HTTP/1.1 200 OK"
2025-10-30 10:01:49,936 - httpx - INFO - HTTP Request: POST https://api.telegram.org/bot8229132294:AAGIgDjK-q5AdTQyQQ9RplbJYkW3zvaFVdQ/getUpdates "HTTP/1.1 200 OK"
2025-10-30 10:02:00,130 - httpx - INFO - HTTP Request: POST https://api.telegram.org/bot8229132294:AAGIgDjK-q5AdTQyQQ9RplbJYkW3zvaFVdQ/getUpdates "HTTP/1.1 200 OK"
2025-10-30 10:02:10,325 - httpx - INFO - HTTP Request: POST https://api.telegram.org/bot8229132294:AAGIgDjK-q5AdTQyQQ9RplbJYkW3zvaFVdQ/getUpdates "HTTP/1.1 200 OK"
2025-10-30 10:02:20,518 - httpx - INFO - HTTP Request: POST https://api.telegram.org/bot8229132294:AAGIgDjK-q5AdTQyQQ9RplbJYkW3zvaFVdQ/getUpdates "HTTP/1.1 200 OK"
2025-10-30 10:02:30,709 - httpx - INFO - HTTP Request: POST https://api.telegram.org/bot8229132294:AAGIgDjK-q5AdTQyQQ9RplbJYkW3zvaFVdQ/getUpdates "HTTP/1.1 200 OK"
2025-10-30 10:02:40,901 - httpx - INFO - HTTP Request: POST https://api.telegram.org/bot8229132294:AAGIgDjK-q5AdTQyQQ9RplbJYkW3zvaFVdQ/getUpdates "HTTP/1.1 200 OK"
2025-10-30 10:02:51,092 - httpx - INFO - HTTP Request: POST https://api.telegram.org/bot8229132294:AAGIgDjK-q5AdTQyQQ9RplbJYkW3zvaFVdQ/getUpdates "HTTP/1.1 200 OK"
2025-10-30 10:03:01,282 - httpx - INFO - HTTP Request: POST https://api.telegram.org/bot8229132294:AAGIgDjK-q5AdTQyQQ9RplbJYkW3zvaFVdQ/getUpdates "HTTP/1.1 200 OK"
2025-10-30 10:03:11,474 - httpx - INFO - HTTP Request: POST https://api.telegram.org/bot8229132294:AAGIgDjK-q5AdTQyQQ9RplbJYkW3zvaFVdQ/getUpdates "HTTP/1.1 200 OK"
2025-10-30 10:03:21,665 - httpx - INFO - HTTP Request: POST https://api.telegram.org/bot8229132294:AAGIgDjK-q5AdTQyQQ9RplbJYkW3zvaFVdQ/getUpdates "HTTP/1.1 200 OK"
2025-10-30 10:03:31,858 - httpx - INFO - HTTP Request: POST https://api.telegram.org/bot8229132294:AAGIgDjK-q5AdTQyQQ9RplbJYkW3zvaFVdQ/getUpdates "HTTP/1.1 200 OK"
2025-10-30 10:03:42,087 - httpx - INFO - HTTP Request: POST https://api.telegram.org/bot8229132294:AAGIgDjK-q5AdTQyQQ9RplbJYkW3zvaFVdQ/getUpdates "HTTP/1.1 200 OK"
2025-10-30 10:03:52,277 - httpx - INFO - HTTP Request: POST https://api.telegram.org/bot8229132294:AAGIgDjK-q5AdTQyQQ9RplbJYkW3zvaFVdQ/getUpdates "HTTP/1.1 200 OK"
2025-10-30 10:04:02,467 - httpx - INFO - HTTP Request: POST https://api.telegram.org/bot8229132294:AAGIgDjK-q5AdTQyQQ9RplbJYkW3zvaFVdQ/getUpdates "HTTP/1.1 200 OK"
2025-10-30 10:04:12,660 - httpx - INFO - HTTP Request: POST https://api.telegram.org/bot8229132294:AAGIgDjK-q5AdTQyQQ9RplbJYkW3zvaFVdQ/getUpdates "HTTP/1.1 200 OK"
2025-10-30 10:04:22,855 - httpx - INFO - HTTP Request: POST https://api.telegram.org/bot8229132294:AAGIgDjK-q5AdTQyQQ9RplbJYkW3zvaFVdQ/getUpdates "HTTP/1.1 200 OK"
2025-10-30 10:04:33,047 - httpx - INFO - HTTP Request: POST https://api.telegram.org/bot8229132294:AAGIgDjK-q5AdTQyQQ9RplbJYkW3zvaFVdQ/getUpdates "HTTP/1.1 200 OK"
2025-10-30 10:04:43,239 - httpx - INFO - HTTP Request: POST https://api.telegram.org/bot8229132294:AAGIgDjK-q5AdTQyQQ9RplbJYkW3zvaFVdQ/getUpdates "HTTP/1.1 200 OK"
2025-10-30 10:04:53,432 - httpx - INFO - HTTP Request: POST https://api.telegram.org/bot8229132294:AAGIgDjK-q5AdTQyQQ9RplbJYkW3zvaFVdQ/getUpdates "HTTP/1.1 200 OK"
2025-10-30 10:05:03,628 - httpx - INFO - HTTP Request: POST https://api.telegram.org/bot8229132294:AAGIgDjK-q5AdTQyQQ9RplbJYkW3zvaFVdQ/getUpdates "HTTP/1.1 200 OK"
2025-10-30 10:05:13,818 - httpx - INFO - HTTP Request: POST https://api.telegram.org/bot8229132294:AAGIgDjK-q5AdTQyQQ9RplbJYkW3zvaFVdQ/getUpdates "HTTP/1.1 200 OK"
2025-10-30 10:05:24,011 - httpx - INFO - HTTP Request: POST https://api.telegram.org/bot8229132294:AAGIgDjK-q5AdTQyQQ9RplbJYkW3zvaFVdQ/getUpdates "HTTP/1.1 200 OK"
2025-10-30 10:05:34,210 - httpx - INFO - HTTP Request: POST https://api.telegram.org/bot8229132294:AAGIgDjK-q5AdTQyQQ9RplbJYkW3zvaFVdQ/getUpdates "HTTP/1.1 200 OK"
2025-10-30 10:05:44,401 - httpx - INFO - HTTP Request: POST https://api.telegram.org/bot8229132294:AAGIgDjK-q5AdTQyQQ9RplbJYkW3zvaFVdQ/getUpdates "HTTP/1.1 200 OK"
2025-10-30 10:05:54,596 - httpx - INFO - HTTP Request: POST https://api.telegram.org/bot8229132294:AAGIgDjK-q5AdTQyQQ9RplbJYkW3zvaFVdQ/getUpdates "HTTP/1.1 200 OK"
2025-10-30 10:06:04,788 - httpx - INFO - HTTP Request: POST https://api.telegram.org/bot8229132294:AAGIgDjK-q5AdTQyQQ9RplbJYkW3zvaFVdQ/getUpdates "HTTP/1.1 200 OK"
2025-10-30 10:06:14,982 - httpx - INFO - HTTP Request: POST https://api.telegram.org/bot8229132294:AAGIgDjK-q5AdTQyQQ9RplbJYkW3zvaFVdQ/getUpdates "HTTP/1.1 200 OK"
2025-10-30 10:06:25,173 - httpx - INFO - HTTP Request: POST https://api.telegram.org/bot8229132294:AAGIgDjK-q5AdTQyQQ9RplbJYkW3zvaFVdQ/getUpdates "HTTP/1.1 200 OK"
2025-10-30 10:06:35,370 - httpx - INFO - HTTP Request: POST https://api.telegram.org/bot8229132294:AAGIgDjK-q5AdTQyQQ9RplbJYkW3zvaFVdQ/getUpdates "HTTP/1.1 200 OK"
2025-10-30 10:06:45,562 - httpx - INFO - HTTP Request: POST https://api.telegram.org/bot8229132294:AAGIgDjK-q5AdTQyQQ9RplbJYkW3zvaFVdQ/getUpdates "HTTP/1.1 200 OK"
2025-10-30 10:06:55,755 - httpx - INFO - HTTP Request: POST https://api.telegram.org/bot8229132294:AAGIgDjK-q5AdTQyQQ9RplbJYkW3zvaFVdQ/getUpdates "HTTP/1.1 200 OK"
2025-10-30 10:07:05,949 - httpx - INFO - HTTP Request: POST https://api.telegram.org/bot8229132294:AAGIgDjK-q5AdTQyQQ9RplbJYkW3zvaFVdQ/getUpdates "HTTP/1.1 200 OK"
2025-10-30 10:07:16,622 - httpx - INFO - HTTP Request: POST https://api.telegram.org/bot8229132294:AAGIgDjK-q5AdTQyQQ9RplbJYkW3zvaFVdQ/getUpdates "HTTP/1.1 200 OK"
2025-10-30 10:07:26,791 - httpx - INFO - HTTP Request: POST https://api.telegram.org/bot8229132294:AAGIgDjK-q5AdTQyQQ9RplbJYkW3zvaFVdQ/getUpdates "HTTP/1.1 200 OK"
2025-10-30 10:07:36,954 - httpx - INFO - HTTP Request: POST https://api.telegram.org/bot8229132294:AAGIgDjK-q5AdTQyQQ9RplbJYkW3zvaFVdQ/getUpdates "HTTP/1.1 200 OK"
2025-10-30 10:07:47,117 - httpx - INFO - HTTP Request: POST https://api.telegram.org/bot8229132294:AAGIgDjK-q5AdTQyQQ9RplbJYkW3zvaFVdQ/getUpdates "HTTP/1.1 200 OK"
2025-10-30 10:07:57,281 - httpx - INFO - HTTP Request: POST https://api.telegram.org/bot8229132294:AAGIgDjK-q5AdTQyQQ9RplbJYkW3zvaFVdQ/getUpdates "HTTP/1.1 200 OK"
2025-10-30 10:08:07,445 - httpx - INFO - HTTP Request: POST https://api.telegram.org/bot8229132294:AAGIgDjK-q5AdTQyQQ9RplbJYkW3zvaFVdQ/getUpdates "HTTP/1.1 200 OK"
2025-10-30 10:08:17,609 - httpx - INFO - HTTP Request: POST https://api.telegram.org/bot8229132294:AAGIgDjK-q5AdTQyQQ9RplbJYkW3zvaFVdQ/getUpdates "HTTP/1.1 200 OK"
2025-10-30 10:08:27,773 - httpx - INFO - HTTP Request: POST https://api.telegram.org/bot8229132294:AAGIgDjK-q5AdTQyQQ9RplbJYkW3zvaFVdQ/getUpdates "HTTP/1.1 200 OK"
2025-10-30 10:08:37,937 - httpx - INFO - HTTP Request: POST https://api.telegram.org/bot8229132294:AAGIgDjK-q5AdTQyQQ9RplbJYkW3zvaFVdQ/getUpdates "HTTP/1.1 200 OK"
2025-10-30 10:08:48,101 - httpx - INFO - HTTP Request: POST https://api.telegram.org/bot8229132294:AAGIgDjK-q5AdTQyQQ9RplbJYkW3zvaFVdQ/getUpdates "HTTP/1.1 200 OK"
2025-10-30 10:08:58,265 - httpx - INFO - HTTP Request: POST https://api.telegram.org/bot8229132294:AAGIgDjK-q5AdTQyQQ9RplbJYkW3zvaFVdQ/getUpdates "HTTP/1.1 200 OK"
2025-10-30 10:09:08,432 - httpx - INFO - HTTP Request: POST https://api.telegram.org/bot8229132294:AAGIgDjK-q5AdTQyQQ9RplbJYkW3zvaFVdQ/getUpdates "HTTP/1.1 200 OK"
2025-10-30 10:09:18,597 - httpx - INFO - HTTP Request: POST https://api.telegram.org/bot8229132294:AAGIgDjK-q5AdTQyQQ9RplbJYkW3zvaFVdQ/getUpdates "HTTP/1.1 200 OK"
2025-10-30 10:09:28,761 - httpx - INFO - HTTP Request: POST https://api.telegram.org/bot8229132294:AAGIgDjK-q5AdTQyQQ9RplbJYkW3zvaFVdQ/getUpdates "HTTP/1.1 200 OK"
2025-10-30 10:09:38,928 - httpx - INFO - HTTP Request: POST https://api.telegram.org/bot8229132294:AAGIgDjK-q5AdTQyQQ9RplbJYkW3zvaFVdQ/getUpdates "HTTP/1.1 200 OK"
2025-10-30 10:09:49,091 - httpx - INFO - HTTP Request: POST https://api.telegram.org/bot8229132294:AAGIgDjK-q5AdTQyQQ9RplbJYkW3zvaFVdQ/getUpdates "HTTP/1.1 200 OK"
2025-10-30 10:09:59,255 - httpx - INFO - HTTP Request: POST https://api.telegram.org/bot8229132294:AAGIgDjK-q5AdTQyQQ9RplbJYkW3zvaFVdQ/getUpdates "HTTP/1.1 200 OK"
2025-10-30 10:10:09,419 - httpx - INFO - HTTP Request: POST https://api.telegram.org/bot8229132294:AAGIgDjK-q5AdTQyQQ9RplbJYkW3zvaFVdQ/getUpdates "HTTP/1.1 200 OK"
2025-10-30 10:10:19,583 - httpx - INFO - HTTP Request: POST https://api.telegram.org/bot8229132294:AAGIgDjK-q5AdTQyQQ9RplbJYkW3zvaFVdQ/getUpdates "HTTP/1.1 200 OK"
2025-10-30 10:10:29,748 - httpx - INFO - HTTP Request: POST https://api.telegram.org/bot8229132294:AAGIgDjK-q5AdTQyQQ9RplbJYkW3zvaFVdQ/getUpdates "HTTP/1.1 200 OK"
2025-10-30 10:10:39,912 - httpx - INFO - HTTP Request: POST https://api.telegram.org/bot8229132294:AAGIgDjK-q5AdTQyQQ9RplbJYkW3zvaFVdQ/getUpdates "HTTP/1.1 200 OK"
2025-10-30 10:10:50,074 - httpx - INFO - HTTP Request: POST https://api.telegram.org/bot8229132294:AAGIgDjK-q5AdTQyQQ9RplbJYkW3zvaFVdQ/getUpdates "HTTP/1.1 200 OK"
2025-10-30 10:11:00,237 - httpx - INFO - HTTP Request: POST https://api.telegram.org/bot8229132294:AAGIgDjK-q5AdTQyQQ9RplbJYkW3zvaFVdQ/getUpdates "HTTP/1.1 200 OK"
2025-10-30 10:11:10,401 - httpx - INFO - HTTP Request: POST https://api.telegram.org/bot8229132294:AAGIgDjK-q5AdTQyQQ9RplbJYkW3zvaFVdQ/getUpdates "HTTP/1.1 200 OK"
2025-10-30 10:11:20,569 - httpx - INFO - HTTP Request: POST https://api.telegram.org/bot8229132294:AAGIgDjK-q5AdTQyQQ9RplbJYkW3zvaFVdQ/getUpdates "HTTP/1.1 200 OK"
2025-10-30 10:11:30,733 - httpx - INFO - HTTP Request: POST https://api.telegram.org/bot8229132294:AAGIgDjK-q5AdTQyQQ9RplbJYkW3zvaFVdQ/getUpdates "HTTP/1.1 200 OK"
2025-10-30 10:11:40,899 - httpx - INFO - HTTP Request: POST https://api.telegram.org/bot8229132294:AAGIgDjK-q5AdTQyQQ9RplbJYkW3zvaFVdQ/getUpdates "HTTP/1.1 200 OK"
2025-10-30 10:11:51,062 - httpx - INFO - HTTP Request: POST https://api.telegram.org/bot8229132294:AAGIgDjK-q5AdTQyQQ9RplbJYkW3zvaFVdQ/getUpdates "HTTP/1.1 200 OK"
2025-10-30 10:12:01,226 - httpx - INFO - HTTP Request: POST https://api.telegram.org/bot8229132294:AAGIgDjK-q5AdTQyQQ9RplbJYkW3zvaFVdQ/getUpdates "HTTP/1.1 200 OK"
2025-10-30 10:12:11,390 - httpx - INFO - HTTP Request: POST https://api.telegram.org/bot8229132294:AAGIgDjK-q5AdTQyQQ9RplbJYkW3zvaFVdQ/getUpdates "HTTP/1.1 200 OK"
2025-10-30 10:12:21,552 - httpx - INFO - HTTP Request: POST https://api.telegram.org/bot8229132294:AAGIgDjK-q5AdTQyQQ9RplbJYkW3zvaFVdQ/getUpdates "HTTP/1.1 200 OK"
2025-10-30 10:12:31,716 - httpx - INFO - HTTP Request: POST https://api.telegram.org/bot8229132294:AAGIgDjK-q5AdTQyQQ9RplbJYkW3zvaFVdQ/getUpdates "HTTP/1.1 200 OK"
2025-10-30 10:12:41,881 - httpx - INFO - HTTP Request: POST https://api.telegram.org/bot8229132294:AAGIgDjK-q5AdTQyQQ9RplbJYkW3zvaFVdQ/getUpdates "HTTP/1.1 200 OK"
2025-10-30 10:12:52,044 - httpx - INFO - HTTP Request: POST https://api.telegram.org/bot8229132294:AAGIgDjK-q5AdTQyQQ9RplbJYkW3zvaFVdQ/getUpdates "HTTP/1.1 200 OK"
2025-10-30 10:13:02,208 - httpx - INFO - HTTP Request: POST https://api.telegram.org/bot8229132294:AAGIgDjK-q5AdTQyQQ9RplbJYkW3zvaFVdQ/getUpdates "HTTP/1.1 200 OK"
2025-10-30 10:13:12,371 - httpx - INFO - HTTP Request: POST https://api.telegram.org/bot8229132294:AAGIgDjK-q5AdTQyQQ9RplbJYkW3zvaFVdQ/getUpdates "HTTP/1.1 200 OK"
2025-10-30 10:13:22,535 - httpx - INFO - HTTP Request: POST https://api.telegram.org/bot8229132294:AAGIgDjK-q5AdTQyQQ9RplbJYkW3zvaFVdQ/getUpdates "HTTP/1.1 200 OK"
2025-10-30 10:13:32,699 - httpx - INFO - HTTP Request: POST https://api.telegram.org/bot8229132294:AAGIgDjK-q5AdTQyQQ9RplbJYkW3zvaFVdQ/getUpdates "HTTP/1.1 200 OK"
2025-10-30 10:13:42,863 - httpx - INFO - HTTP Request: POST https://api.telegram.org/bot8229132294:AAGIgDjK-q5AdTQyQQ9RplbJYkW3zvaFVdQ/getUpdates "HTTP/1.1 200 OK"
2025-10-30 10:13:53,028 - httpx - INFO - HTTP Request: POST https://api.telegram.org/bot8229132294:AAGIgDjK-q5AdTQyQQ9RplbJYkW3zvaFVdQ/getUpdates "HTTP/1.1 200 OK"
2025-10-30 10:14:03,193 - httpx - INFO - HTTP Request: POST https://api.telegram.org/bot8229132294:AAGIgDjK-q5AdTQyQQ9RplbJYkW3zvaFVdQ/getUpdates "HTTP/1.1 200 OK"
2025-10-30 10:14:13,356 - httpx - INFO - HTTP Request: POST https://api.telegram.org/bot8229132294:AAGIgDjK-q5AdTQyQQ9RplbJYkW3zvaFVdQ/getUpdates "HTTP/1.1 200 OK"
2025-10-30 10:14:23,521 - httpx - INFO - HTTP Request: POST https://api.telegram.org/bot8229132294:AAGIgDjK-q5AdTQyQQ9RplbJYkW3zvaFVdQ/getUpdates "HTTP/1.1 200 OK"
2025-10-30 10:14:33,685 - httpx - INFO - HTTP Request: POST https://api.telegram.org/bot8229132294:AAGIgDjK-q5AdTQyQQ9RplbJYkW3zvaFVdQ/getUpdates "HTTP/1.1 200 OK"
2025-10-30 10:14:43,848 - httpx - INFO - HTTP Request: POST https://api.telegram.org/bot8229132294:AAGIgDjK-q5AdTQyQQ9RplbJYkW3zvaFVdQ/getUpdates "HTTP/1.1 200 OK"
2025-10-30 10:14:54,011 - httpx - INFO - HTTP Request: POST https://api.telegram.org/bot8229132294:AAGIgDjK-q5AdTQyQQ9RplbJYkW3zvaFVdQ/getUpdates "HTTP/1.1 200 OK"
2025-10-30 10:15:04,180 - httpx - INFO - HTTP Request: POST https://api.telegram.org/bot8229132294:AAGIgDjK-q5AdTQyQQ9RplbJYkW3zvaFVdQ/getUpdates "HTTP/1.1 200 OK"
2025-10-30 10:15:14,347 - httpx - INFO - HTTP Request: POST https://api.telegram.org/bot8229132294:AAGIgDjK-q5AdTQyQQ9RplbJYkW3zvaFVdQ/getUpdates "HTTP/1.1 200 OK"
2025-10-30 10:15:24,509 - httpx - INFO - HTTP Request: POST https://api.telegram.org/bot8229132294:AAGIgDjK-q5AdTQyQQ9RplbJYkW3zvaFVdQ/getUpdates "HTTP/1.1 200 OK"
2025-10-30 10:15:34,672 - httpx - INFO - HTTP Request: POST https://api.telegram.org/bot8229132294:AAGIgDjK-q5AdTQyQQ9RplbJYkW3zvaFVdQ/getUpdates "HTTP/1.1 200 OK"
2025-10-30 10:15:44,836 - httpx - INFO - HTTP Request: POST https://api.telegram.org/bot8229132294:AAGIgDjK-q5AdTQyQQ9RplbJYkW3zvaFVdQ/getUpdates "HTTP/1.1 200 OK"
2025-10-30 10:15:55,000 - httpx - INFO - HTTP Request: POST https://api.telegram.org/bot8229132294:AAGIgDjK-q5AdTQyQQ9RplbJYkW3zvaFVdQ/getUpdates "HTTP/1.1 200 OK"
2025-10-30 10:16:05,166 - httpx - INFO - HTTP Request: POST https://api.telegram.org/bot8229132294:AAGIgDjK-q5AdTQyQQ9RplbJYkW3zvaFVdQ/getUpdates "HTTP/1.1 200 OK"
2025-10-30 10:16:15,329 - httpx - INFO - HTTP Request: POST https://api.telegram.org/bot8229132294:AAGIgDjK-q5AdTQyQQ9RplbJYkW3zvaFVdQ/getUpdates "HTTP/1.1 200 OK"
2025-10-30 10:16:25,492 - httpx - INFO - HTTP Request: POST https://api.telegram.org/bot8229132294:AAGIgDjK-q5AdTQyQQ9RplbJYkW3zvaFVdQ/getUpdates "HTTP/1.1 200 OK"
2025-10-30 10:16:35,656 - httpx - INFO - HTTP Request: POST https://api.telegram.org/bot8229132294:AAGIgDjK-q5AdTQyQQ9RplbJYkW3zvaFVdQ/getUpdates "HTTP/1.1 200 OK"
2025-10-30 10:16:45,867 - httpx - INFO - HTTP Request: POST https://api.telegram.org/bot8229132294:AAGIgDjK-q5AdTQyQQ9RplbJYkW3zvaFVdQ/getUpdates "HTTP/1.1 200 OK"
2025-10-30 10:16:56,029 - httpx - INFO - HTTP Request: POST https://api.telegram.org/bot8229132294:AAGIgDjK-q5AdTQyQQ9RplbJYkW3zvaFVdQ/getUpdates "HTTP/1.1 200 OK"
2025-10-30 10:17:06,205 - httpx - INFO - HTTP Request: POST https://api.telegram.org/bot8229132294:AAGIgDjK-q5AdTQyQQ9RplbJYkW3zvaFVdQ/getUpdates "HTTP/1.1 200 OK"
2025-10-30 10:17:16,375 - httpx - INFO - HTTP Request: POST https://api.telegram.org/bot8229132294:AAGIgDjK-q5AdTQyQQ9RplbJYkW3zvaFVdQ/getUpdates "HTTP/1.1 200 OK"
2025-10-30 10:17:26,538 - httpx - INFO - HTTP Request: POST https://api.telegram.org/bot8229132294:AAGIgDjK-q5AdTQyQQ9RplbJYkW3zvaFVdQ/getUpdates "HTTP/1.1 200 OK"
2025-10-30 10:17:36,701 - httpx - INFO - HTTP Request: POST https://api.telegram.org/bot8229132294:AAGIgDjK-q5AdTQyQQ9RplbJYkW3zvaFVdQ/getUpdates "HTTP/1.1 200 OK"
2025-10-30 10:17:46,864 - httpx - INFO - HTTP Request: POST https://api.telegram.org/bot8229132294:AAGIgDjK-q5AdTQyQQ9RplbJYkW3zvaFVdQ/getUpdates "HTTP/1.1 200 OK"
2025-10-30 10:17:57,027 - httpx - INFO - HTTP Request: POST https://api.telegram.org/bot8229132294:AAGIgDjK-q5AdTQyQQ9RplbJYkW3zvaFVdQ/getUpdates "HTTP/1.1 200 OK"
2025-10-30 10:18:07,191 - httpx - INFO - HTTP Request: POST https://api.telegram.org/bot8229132294:AAGIgDjK-q5AdTQyQQ9RplbJYkW3zvaFVdQ/getUpdates "HTTP/1.1 200 OK"
2025-10-30 10:18:17,355 - httpx - INFO - HTTP Request: POST https://api.telegram.org/bot8229132294:AAGIgDjK-q5AdTQyQQ9RplbJYkW3zvaFVdQ/getUpdates "HTTP/1.1 200 OK"
2025-10-30 10:18:27,519 - httpx - INFO - HTTP Request: POST https://api.telegram.org/bot8229132294:AAGIgDjK-q5AdTQyQQ9RplbJYkW3zvaFVdQ/getUpdates "HTTP/1.1 200 OK"
2025-10-30 10:18:37,687 - httpx - INFO - HTTP Request: POST https://api.telegram.org/bot8229132294:AAGIgDjK-q5AdTQyQQ9RplbJYkW3zvaFVdQ/getUpdates "HTTP/1.1 200 OK"
2025-10-30 10:18:47,850 - httpx - INFO - HTTP Request: POST https://api.telegram.org/bot8229132294:AAGIgDjK-q5AdTQyQQ9RplbJYkW3zvaFVdQ/getUpdates "HTTP/1.1 200 OK"
2025-10-30 10:18:58,018 - httpx - INFO - HTTP Request: POST https://api.telegram.org/bot8229132294:AAGIgDjK-q5AdTQyQQ9RplbJYkW3zvaFVdQ/getUpdates "HTTP/1.1 200 OK"
2025-10-30 10:19:08,180 - httpx - INFO - HTTP Request: POST https://api.telegram.org/bot8229132294:AAGIgDjK-q5AdTQyQQ9RplbJYkW3zvaFVdQ/getUpdates "HTTP/1.1 200 OK"
2025-10-30 10:19:18,345 - httpx - INFO - HTTP Request: POST https://api.telegram.org/bot8229132294:AAGIgDjK-q5AdTQyQQ9RplbJYkW3zvaFVdQ/getUpdates "HTTP/1.1 200 OK"
2025-10-30 10:19:28,509 - httpx - INFO - HTTP Request: POST https://api.telegram.org/bot8229132294:AAGIgDjK-q5AdTQyQQ9RplbJYkW3zvaFVdQ/getUpdates "HTTP/1.1 200 OK"
2025-10-30 10:19:38,677 - httpx - INFO - HTTP Request: POST https://api.telegram.org/bot8229132294:AAGIgDjK-q5AdTQyQQ9RplbJYkW3zvaFVdQ/getUpdates "HTTP/1.1 200 OK"
2025-10-30 10:19:48,842 - httpx - INFO - HTTP Request: POST https://api.telegram.org/bot8229132294:AAGIgDjK-q5AdTQyQQ9RplbJYkW3zvaFVdQ/getUpdates "HTTP/1.1 200 OK"
2025-10-30 10:19:59,004 - httpx - INFO - HTTP Request: POST https://api.telegram.org/bot8229132294:AAGIgDjK-q5AdTQyQQ9RplbJYkW3zvaFVdQ/getUpdates "HTTP/1.1 200 OK"
2025-10-30 10:20:09,167 - httpx - INFO - HTTP Request: POST https://api.telegram.org/bot8229132294:AAGIgDjK-q5AdTQyQQ9RplbJYkW3zvaFVdQ/getUpdates "HTTP/1.1 200 OK"
2025-10-30 10:20:19,330 - httpx - INFO - HTTP Request: POST https://api.telegram.org/bot8229132294:AAGIgDjK-q5AdTQyQQ9RplbJYkW3zvaFVdQ/getUpdates "HTTP/1.1 200 OK"
2025-10-30 10:20:29,494 - httpx - INFO - HTTP Request: POST https://api.telegram.org/bot8229132294:AAGIgDjK-q5AdTQyQQ9RplbJYkW3zvaFVdQ/getUpdates "HTTP/1.1 200 OK"
2025-10-30 10:20:39,657 - httpx - INFO - HTTP Request: POST https://api.telegram.org/bot8229132294:AAGIgDjK-q5AdTQyQQ9RplbJYkW3zvaFVdQ/getUpdates "HTTP/1.1 200 OK"
2025-10-30 10:20:49,820 - httpx - INFO - HTTP Request: POST https://api.telegram.org/bot8229132294:AAGIgDjK-q5AdTQyQQ9RplbJYkW3zvaFVdQ/getUpdates "HTTP/1.1 200 OK"
2025-10-30 10:20:59,984 - httpx - INFO - HTTP Request: POST https://api.telegram.org/bot8229132294:AAGIgDjK-q5AdTQyQQ9RplbJYkW3zvaFVdQ/getUpdates "HTTP/1.1 200 OK"
2025-10-30 10:21:10,147 - httpx - INFO - HTTP Request: POST https://api.telegram.org/bot8229132294:AAGIgDjK-q5AdTQyQQ9RplbJYkW3zvaFVdQ/getUpdates "HTTP/1.1 200 OK"
2025-10-30 10:21:20,314 - httpx - INFO - HTTP Request: POST https://api.telegram.org/bot8229132294:AAGIgDjK-q5AdTQyQQ9RplbJYkW3zvaFVdQ/getUpdates "HTTP/1.1 200 OK"
2025-10-30 10:21:30,478 - httpx - INFO - HTTP Request: POST https://api.telegram.org/bot8229132294:AAGIgDjK-q5AdTQyQQ9RplbJYkW3zvaFVdQ/getUpdates "HTTP/1.1 200 OK"
2025-10-30 10:21:40,643 - httpx - INFO - HTTP Request: POST https://api.telegram.org/bot8229132294:AAGIgDjK-q5AdTQyQQ9RplbJYkW3zvaFVdQ/getUpdates "HTTP/1.1 200 OK"
2025-10-30 10:21:50,806 - httpx - INFO - HTTP Request: POST https://api.telegram.org/bot8229132294:AAGIgDjK-q5AdTQyQQ9RplbJYkW3zvaFVdQ/getUpdates "HTTP/1.1 200 OK"
2025-10-30 10:22:00,968 - httpx - INFO - HTTP Request: POST https://api.telegram.org/bot8229132294:AAGIgDjK-q5AdTQyQQ9RplbJYkW3zvaFVdQ/getUpdates "HTTP/1.1 200 OK"
2025-10-30 10:22:11,131 - httpx - INFO - HTTP Request: POST https://api.telegram.org/bot8229132294:AAGIgDjK-q5AdTQyQQ9RplbJYkW3zvaFVdQ/getUpdates "HTTP/1.1 200 OK"
2025-10-30 10:22:21,295 - httpx - INFO - HTTP Request: POST https://api.telegram.org/bot8229132294:AAGIgDjK-q5AdTQyQQ9RplbJYkW3zvaFVdQ/getUpdates "HTTP/1.1 200 OK"
2025-10-30 10:22:31,457 - httpx - INFO - HTTP Request: POST https://api.telegram.org/bot8229132294:AAGIgDjK-q5AdTQyQQ9RplbJYkW3zvaFVdQ/getUpdates "HTTP/1.1 200 OK"
2025-10-30 10:22:41,625 - httpx - INFO - HTTP Request: POST https://api.telegram.org/bot8229132294:AAGIgDjK-q5AdTQyQQ9RplbJYkW3zvaFVdQ/getUpdates "HTTP/1.1 200 OK"
2025-10-30 10:22:51,790 - httpx - INFO - HTTP Request: POST https://api.telegram.org/bot8229132294:AAGIgDjK-q5AdTQyQQ9RplbJYkW3zvaFVdQ/getUpdates "HTTP/1.1 200 OK"
2025-10-30 10:23:01,952 - httpx - INFO - HTTP Request: POST https://api.telegram.org/bot8229132294:AAGIgDjK-q5AdTQyQQ9RplbJYkW3zvaFVdQ/getUpdates "HTTP/1.1 200 OK"
2025-10-30 10:23:12,118 - httpx - INFO - HTTP Request: POST https://api.telegram.org/bot8229132294:AAGIgDjK-q5AdTQyQQ9RplbJYkW3zvaFVdQ/getUpdates "HTTP/1.1 200 OK"
2025-10-30 10:23:22,280 - httpx - INFO - HTTP Request: POST https://api.telegram.org/bot8229132294:AAGIgDjK-q5AdTQyQQ9RplbJYkW3zvaFVdQ/getUpdates "HTTP/1.1 200 OK"
2025-10-30 10:23:32,443 - httpx - INFO - HTTP Request: POST https://api.telegram.org/bot8229132294:AAGIgDjK-q5AdTQyQQ9RplbJYkW3zvaFVdQ/getUpdates "HTTP/1.1 200 OK"
2025-10-30 10:23:42,608 - httpx - INFO - HTTP Request: POST https://api.telegram.org/bot8229132294:AAGIgDjK-q5AdTQyQQ9RplbJYkW3zvaFVdQ/getUpdates "HTTP/1.1 200 OK"
2025-10-30 10:23:52,773 - httpx - INFO - HTTP Request: POST https://api.telegram.org/bot8229132294:AAGIgDjK-q5AdTQyQQ9RplbJYkW3zvaFVdQ/getUpdates "HTTP/1.1 200 OK"
2025-10-30 10:24:02,936 - httpx - INFO - HTTP Request: POST https://api.telegram.org/bot8229132294:AAGIgDjK-q5AdTQyQQ9RplbJYkW3zvaFVdQ/getUpdates "HTTP/1.1 200 OK"
2025-10-30 10:24:13,509 - httpx - INFO - HTTP Request: POST https://api.telegram.org/bot8229132294:AAGIgDjK-q5AdTQyQQ9RplbJYkW3zvaFVdQ/getUpdates "HTTP/1.1 200 OK"
2025-10-30 10:24:23,704 - httpx - INFO - HTTP Request: POST https://api.telegram.org/bot8229132294:AAGIgDjK-q5AdTQyQQ9RplbJYkW3zvaFVdQ/getUpdates "HTTP/1.1 200 OK"
2025-10-30 10:24:33,895 - httpx - INFO - HTTP Request: POST https://api.telegram.org/bot8229132294:AAGIgDjK-q5AdTQyQQ9RplbJYkW3zvaFVdQ/getUpdates "HTTP/1.1 200 OK"
2025-10-30 10:24:44,086 - httpx - INFO - HTTP Request: POST https://api.telegram.org/bot8229132294:AAGIgDjK-q5AdTQyQQ9RplbJYkW3zvaFVdQ/getUpdates "HTTP/1.1 200 OK"
2025-10-30 10:24:54,280 - httpx - INFO - HTTP Request: POST https://api.telegram.org/bot8229132294:AAGIgDjK-q5AdTQyQQ9RplbJYkW3zvaFVdQ/getUpdates "HTTP/1.1 200 OK"
2025-10-30 10:25:04,477 - httpx - INFO - HTTP Request: POST https://api.telegram.org/bot8229132294:AAGIgDjK-q5AdTQyQQ9RplbJYkW3zvaFVdQ/getUpdates "HTTP/1.1 200 OK"
2025-10-30 10:25:14,667 - httpx - INFO - HTTP Request: POST https://api.telegram.org/bot8229132294:AAGIgDjK-q5AdTQyQQ9RplbJYkW3zvaFVdQ/getUpdates "HTTP/1.1 200 OK"
2025-10-30 10:25:24,857 - httpx - INFO - HTTP Request: POST https://api.telegram.org/bot8229132294:AAGIgDjK-q5AdTQyQQ9RplbJYkW3zvaFVdQ/getUpdates "HTTP/1.1 200 OK"
2025-10-30 10:25:35,048 - httpx - INFO - HTTP Request: POST https://api.telegram.org/bot8229132294:AAGIgDjK-q5AdTQyQQ9RplbJYkW3zvaFVdQ/getUpdates "HTTP/1.1 200 OK"
2025-10-30 10:25:45,239 - httpx - INFO - HTTP Request: POST https://api.telegram.org/bot8229132294:AAGIgDjK-q5AdTQyQQ9RplbJYkW3zvaFVdQ/getUpdates "HTTP/1.1 200 OK"
2025-10-30 10:25:55,433 - httpx - INFO - HTTP Request: POST https://api.telegram.org/bot8229132294:AAGIgDjK-q5AdTQyQQ9RplbJYkW3zvaFVdQ/getUpdates "HTTP/1.1 200 OK"
2025-10-30 10:26:05,623 - httpx - INFO - HTTP Request: POST https://api.telegram.org/bot8229132294:AAGIgDjK-q5AdTQyQQ9RplbJYkW3zvaFVdQ/getUpdates "HTTP/1.1 200 OK"
2025-10-30 10:26:15,815 - httpx - INFO - HTTP Request: POST https://api.telegram.org/bot8229132294:AAGIgDjK-q5AdTQyQQ9RplbJYkW3zvaFVdQ/getUpdates "HTTP/1.1 200 OK"
2025-10-30 10:26:26,018 - httpx - INFO - HTTP Request: POST https://api.telegram.org/bot8229132294:AAGIgDjK-q5AdTQyQQ9RplbJYkW3zvaFVdQ/getUpdates "HTTP/1.1 200 OK"
2025-10-30 10:26:36,214 - httpx - INFO - HTTP Request: POST https://api.telegram.org/bot8229132294:AAGIgDjK-q5AdTQyQQ9RplbJYkW3zvaFVdQ/getUpdates "HTTP/1.1 200 OK"
2025-10-30 10:26:46,404 - httpx - INFO - HTTP Request: POST https://api.telegram.org/bot8229132294:AAGIgDjK-q5AdTQyQQ9RplbJYkW3zvaFVdQ/getUpdates "HTTP/1.1 200 OK"
2025-10-30 10:26:56,599 - httpx - INFO - HTTP Request: POST https://api.telegram.org/bot8229132294:AAGIgDjK-q5AdTQyQQ9RplbJYkW3zvaFVdQ/getUpdates "HTTP/1.1 200 OK"
2025-10-30 10:27:06,791 - httpx - INFO - HTTP Request: POST https://api.telegram.org/bot8229132294:AAGIgDjK-q5AdTQyQQ9RplbJYkW3zvaFVdQ/getUpdates "HTTP/1.1 200 OK"
2025-10-30 10:27:16,983 - httpx - INFO - HTTP Request: POST https://api.telegram.org/bot8229132294:AAGIgDjK-q5AdTQyQQ9RplbJYkW3zvaFVdQ/getUpdates "HTTP/1.1 200 OK"
2025-10-30 10:27:27,174 - httpx - INFO - HTTP Request: POST https://api.telegram.org/bot8229132294:AAGIgDjK-q5AdTQyQQ9RplbJYkW3zvaFVdQ/getUpdates "HTTP/1.1 200 OK"
2025-10-30 10:27:37,369 - httpx - INFO - HTTP Request: POST https://api.telegram.org/bot8229132294:AAGIgDjK-q5AdTQyQQ9RplbJYkW3zvaFVdQ/getUpdates "HTTP/1.1 200 OK"
2025-10-30 10:27:47,561 - httpx - INFO - HTTP Request: POST https://api.telegram.org/bot8229132294:AAGIgDjK-q5AdTQyQQ9RplbJYkW3zvaFVdQ/getUpdates "HTTP/1.1 200 OK"
2025-10-30 10:27:57,754 - httpx - INFO - HTTP Request: POST https://api.telegram.org/bot8229132294:AAGIgDjK-q5AdTQyQQ9RplbJYkW3zvaFVdQ/getUpdates "HTTP/1.1 200 OK"
2025-10-30 10:28:07,944 - httpx - INFO - HTTP Request: POST https://api.telegram.org/bot8229132294:AAGIgDjK-q5AdTQyQQ9RplbJYkW3zvaFVdQ/getUpdates "HTTP/1.1 200 OK"
2025-10-30 10:28:18,137 - httpx - INFO - HTTP Request: POST https://api.telegram.org/bot8229132294:AAGIgDjK-q5AdTQyQQ9RplbJYkW3zvaFVdQ/getUpdates "HTTP/1.1 200 OK"
2025-10-30 10:28:28,333 - httpx - INFO - HTTP Request: POST https://api.telegram.org/bot8229132294:AAGIgDjK-q5AdTQyQQ9RplbJYkW3zvaFVdQ/getUpdates "HTTP/1.1 200 OK"
2025-10-30 10:28:38,530 - httpx - INFO - HTTP Request: POST https://api.telegram.org/bot8229132294:AAGIgDjK-q5AdTQyQQ9RplbJYkW3zvaFVdQ/getUpdates "HTTP/1.1 200 OK"
2025-10-30 10:28:48,721 - httpx - INFO - HTTP Request: POST https://api.telegram.org/bot8229132294:AAGIgDjK-q5AdTQyQQ9RplbJYkW3zvaFVdQ/getUpdates "HTTP/1.1 200 OK"
2025-10-30 10:28:58,912 - httpx - INFO - HTTP Request: POST https://api.telegram.org/bot8229132294:AAGIgDjK-q5AdTQyQQ9RplbJYkW3zvaFVdQ/getUpdates "HTTP/1.1 200 OK"
2025-10-30 10:29:09,103 - httpx - INFO - HTTP Request: POST https://api.telegram.org/bot8229132294:AAGIgDjK-q5AdTQyQQ9RplbJYkW3zvaFVdQ/getUpdates "HTTP/1.1 200 OK"
2025-10-30 10:29:19,294 - httpx - INFO - HTTP Request: POST https://api.telegram.org/bot8229132294:AAGIgDjK-q5AdTQyQQ9RplbJYkW3zvaFVdQ/getUpdates "HTTP/1.1 200 OK"
2025-10-30 10:29:29,484 - httpx - INFO - HTTP Request: POST https://api.telegram.org/bot8229132294:AAGIgDjK-q5AdTQyQQ9RplbJYkW3zvaFVdQ/getUpdates "HTTP/1.1 200 OK"
2025-10-30 10:29:39,677 - httpx - INFO - HTTP Request: POST https://api.telegram.org/bot8229132294:AAGIgDjK-q5AdTQyQQ9RplbJYkW3zvaFVdQ/getUpdates "HTTP/1.1 200 OK"
2025-10-30 10:29:49,869 - httpx - INFO - HTTP Request: POST https://api.telegram.org/bot8229132294:AAGIgDjK-q5AdTQyQQ9RplbJYkW3zvaFVdQ/getUpdates "HTTP/1.1 200 OK"
2025-10-30 10:30:00,062 - httpx - INFO - HTTP Request: POST https://api.telegram.org/bot8229132294:AAGIgDjK-q5AdTQyQQ9RplbJYkW3zvaFVdQ/getUpdates "HTTP/1.1 200 OK"
2025-10-30 10:30:10,257 - httpx - INFO - HTTP Request: POST https://api.telegram.org/bot8229132294:AAGIgDjK-q5AdTQyQQ9RplbJYkW3zvaFVdQ/getUpdates "HTTP/1.1 200 OK"
2025-10-30 10:30:20,447 - httpx - INFO - HTTP Request: POST https://api.telegram.org/bot8229132294:AAGIgDjK-q5AdTQyQQ9RplbJYkW3zvaFVdQ/getUpdates "HTTP/1.1 200 OK"
2025-10-30 10:30:21,067 - httpx - INFO - HTTP Request: POST https://api.telegram.org/bot8229132294:AAGIgDjK-q5AdTQyQQ9RplbJYkW3zvaFVdQ/getUpdates "HTTP/1.1 200 OK"
2025-10-30 10:30:21,690 - httpx - INFO - HTTP Request: POST https://api.telegram.org/bot8229132294:AAGIgDjK-q5AdTQyQQ9RplbJYkW3zvaFVdQ/sendMessage "HTTP/1.1 200 OK"
2025-10-30 10:30:21,992 - httpx - INFO - HTTP Request: POST https://api.telegram.org/bot8229132294:AAGIgDjK-q5AdTQyQQ9RplbJYkW3zvaFVdQ/sendMessage "HTTP/1.1 200 OK"
2025-10-30 10:30:31,264 - httpx - INFO - HTTP Request: POST https://api.telegram.org/bot8229132294:AAGIgDjK-q5AdTQyQQ9RplbJYkW3zvaFVdQ/getUpdates "HTTP/1.1 200 OK"
2025-10-30 10:30:34,273 - httpx - INFO - HTTP Request: POST https://api.telegram.org/bot8229132294:AAGIgDjK-q5AdTQyQQ9RplbJYkW3zvaFVdQ/getUpdates "HTTP/1.1 200 OK"
2025-10-30 10:30:34,977 - httpx - INFO - HTTP Request: POST https://api.telegram.org/bot8229132294:AAGIgDjK-q5AdTQyQQ9RplbJYkW3zvaFVdQ/sendMessage "HTTP/1.1 200 OK"
2025-10-30 10:30:40,501 - httpx - INFO - HTTP Request: POST https://api.telegram.org/bot8229132294:AAGIgDjK-q5AdTQyQQ9RplbJYkW3zvaFVdQ/getUpdates "HTTP/1.1 200 OK"
2025-10-30 10:30:41,118 - httpx - INFO - HTTP Request: POST https://api.telegram.org/bot8229132294:AAGIgDjK-q5AdTQyQQ9RplbJYkW3zvaFVdQ/sendMessage "HTTP/1.1 200 OK"
2025-10-30 10:30:50,710 - httpx - INFO - HTTP Request: POST https://api.telegram.org/bot8229132294:AAGIgDjK-q5AdTQyQQ9RplbJYkW3zvaFVdQ/getUpdates "HTTP/1.1 200 OK"
2025-10-30 10:30:58,238 - httpx - INFO - HTTP Request: POST https://api.telegram.org/bot8229132294:AAGIgDjK-q5AdTQyQQ9RplbJYkW3zvaFVdQ/getUpdates "HTTP/1.1 200 OK"
2025-10-30 10:30:58,930 - httpx - INFO - HTTP Request: POST https://api.telegram.org/bot8229132294:AAGIgDjK-q5AdTQyQQ9RplbJYkW3zvaFVdQ/sendMessage "HTTP/1.1 200 OK"
2025-10-30 10:31:05,688 - httpx - INFO - HTTP Request: POST https://api.telegram.org/bot8229132294:AAGIgDjK-q5AdTQyQQ9RplbJYkW3zvaFVdQ/getUpdates "HTTP/1.1 200 OK"
2025-10-30 10:31:05,689 - src.bot_admin.middleware - INFO - Admin 8306752124 executing: admin_command
2025-10-30 10:31:05,693 - src.bot_admin.audit_log - INFO - Audit: admin=8306752124, action=open_admin_panel, target=, result=success
2025-10-30 10:31:06,310 - httpx - INFO - HTTP Request: POST https://api.telegram.org/bot8229132294:AAGIgDjK-q5AdTQyQQ9RplbJYkW3zvaFVdQ/sendMessage "HTTP/1.1 200 OK"
2025-10-30 10:31:11,372 - httpx - INFO - HTTP Request: POST https://api.telegram.org/bot8229132294:AAGIgDjK-q5AdTQyQQ9RplbJYkW3zvaFVdQ/getUpdates "HTTP/1.1 200 OK"
2025-10-30 10:31:12,009 - httpx - INFO - HTTP Request: POST https://api.telegram.org/bot8229132294:AAGIgDjK-q5AdTQyQQ9RplbJYkW3zvaFVdQ/answerCallbackQuery "HTTP/1.1 200 OK"
2025-10-30 10:31:12,303 - httpx - INFO - HTTP Request: POST https://api.telegram.org/bot8229132294:AAGIgDjK-q5AdTQyQQ9RplbJYkW3zvaFVdQ/editMessageText "HTTP/1.1 200 OK"
2025-10-30 10:31:18,158 - httpx - INFO - HTTP Request: POST https://api.telegram.org/bot8229132294:AAGIgDjK-q5AdTQyQQ9RplbJYkW3zvaFVdQ/getUpdates "HTTP/1.1 200 OK"
2025-10-30 10:31:18,759 - httpx - INFO - HTTP Request: POST https://api.telegram.org/bot8229132294:AAGIgDjK-q5AdTQyQQ9RplbJYkW3zvaFVdQ/answerCallbackQuery "HTTP/1.1 200 OK"
2025-10-30 10:31:19,047 - httpx - INFO - HTTP Request: POST https://api.telegram.org/bot8229132294:AAGIgDjK-q5AdTQyQQ9RplbJYkW3zvaFVdQ/editMessageText "HTTP/1.1 200 OK"
2025-10-30 10:31:23,459 - httpx - INFO - HTTP Request: POST https://api.telegram.org/bot8229132294:AAGIgDjK-q5AdTQyQQ9RplbJYkW3zvaFVdQ/getUpdates "HTTP/1.1 200 OK"
2025-10-30 10:31:23,465 - src.bot_admin.config_manager - INFO - Setting config updated: address_query_rate_limit=15 by user 8306752124
2025-10-30 10:31:23,468 - src.bot_admin.audit_log - INFO - Audit: admin=8306752124, action=update_setting, target=address_query_rate_limit, result=success
2025-10-30 10:31:23,753 - httpx - INFO - HTTP Request: POST https://api.telegram.org/bot8229132294:AAGIgDjK-q5AdTQyQQ9RplbJYkW3zvaFVdQ/sendMessage "HTTP/1.1 200 OK"
2025-10-30 10:31:28,321 - httpx - INFO - HTTP Request: POST https://api.telegram.org/bot8229132294:AAGIgDjK-q5AdTQyQQ9RplbJYkW3zvaFVdQ/getUpdates "HTTP/1.1 200 OK"
2025-10-30 10:31:28,322 - src.bot_admin.middleware - INFO - Admin 8306752124 executing: admin_command
2025-10-30 10:31:28,325 - src.bot_admin.audit_log - INFO - Audit: admin=8306752124, action=open_admin_panel, target=, result=success
2025-10-30 10:31:28,611 - httpx - INFO - HTTP Request: POST https://api.telegram.org/bot8229132294:AAGIgDjK-q5AdTQyQQ9RplbJYkW3zvaFVdQ/sendMessage "HTTP/1.1 200 OK"
2025-10-30 10:31:31,640 - httpx - INFO - HTTP Request: POST https://api.telegram.org/bot8229132294:AAGIgDjK-q5AdTQyQQ9RplbJYkW3zvaFVdQ/getUpdates "HTTP/1.1 200 OK"
2025-10-30 10:31:31,930 - httpx - INFO - HTTP Request: POST https://api.telegram.org/bot8229132294:AAGIgDjK-q5AdTQyQQ9RplbJYkW3zvaFVdQ/answerCallbackQuery "HTTP/1.1 200 OK"
2025-10-30 10:31:32,222 - httpx - INFO - HTTP Request: POST https://api.telegram.org/bot8229132294:AAGIgDjK-q5AdTQyQQ9RplbJYkW3zvaFVdQ/editMessageText "HTTP/1.1 200 OK"
2025-10-30 10:31:34,023 - httpx - INFO - HTTP Request: POST https://api.telegram.org/bot8229132294:AAGIgDjK-q5AdTQyQQ9RplbJYkW3zvaFVdQ/getUpdates "HTTP/1.1 200 OK"
2025-10-30 10:31:34,300 - httpx - INFO - HTTP Request: POST https://api.telegram.org/bot8229132294:AAGIgDjK-q5AdTQyQQ9RplbJYkW3zvaFVdQ/answerCallbackQuery "HTTP/1.1 200 OK"
2025-10-30 10:31:34,301 - src.bot_admin.handler - ERROR - Failed to check system status: Error 111 connecting to localhost:6379. Connection refused.
2025-10-30 10:31:34,588 - httpx - INFO - HTTP Request: POST https://api.telegram.org/bot8229132294:AAGIgDjK-q5AdTQyQQ9RplbJYkW3zvaFVdQ/editMessageText "HTTP/1.1 200 OK"
2025-10-30 10:31:44,214 - httpx - INFO - HTTP Request: POST https://api.telegram.org/bot8229132294:AAGIgDjK-q5AdTQyQQ9RplbJYkW3zvaFVdQ/getUpdates "HTTP/1.1 200 OK"
2025-10-30 10:31:54,404 - httpx - INFO - HTTP Request: POST https://api.telegram.org/bot8229132294:AAGIgDjK-q5AdTQyQQ9RplbJYkW3zvaFVdQ/getUpdates "HTTP/1.1 200 OK"
2025-10-30 10:32:04,601 - httpx - INFO - HTTP Request: POST https://api.telegram.org/bot8229132294:AAGIgDjK-q5AdTQyQQ9RplbJYkW3zvaFVdQ/getUpdates "HTTP/1.1 200 OK"
2025-10-30 10:32:14,802 - httpx - INFO - HTTP Request: POST https://api.telegram.org/bot8229132294:AAGIgDjK-q5AdTQyQQ9RplbJYkW3zvaFVdQ/getUpdates "HTTP/1.1 200 OK"
2025-10-30 10:32:24,992 - httpx - INFO - HTTP Request: POST https://api.telegram.org/bot8229132294:AAGIgDjK-q5AdTQyQQ9RplbJYkW3zvaFVdQ/getUpdates "HTTP/1.1 200 OK"
2025-10-30 10:32:35,188 - httpx - INFO - HTTP Request: POST https://api.telegram.org/bot8229132294:AAGIgDjK-q5AdTQyQQ9RplbJYkW3zvaFVdQ/getUpdates "HTTP/1.1 200 OK"
2025-10-30 10:32:45,380 - httpx - INFO - HTTP Request: POST https://api.telegram.org/bot8229132294:AAGIgDjK-q5AdTQyQQ9RplbJYkW3zvaFVdQ/getUpdates "HTTP/1.1 200 OK"
2025-10-30 10:32:55,571 - httpx - INFO - HTTP Request: POST https://api.telegram.org/bot8229132294:AAGIgDjK-q5AdTQyQQ9RplbJYkW3zvaFVdQ/getUpdates "HTTP/1.1 200 OK"
2025-10-30 10:33:05,767 - httpx - INFO - HTTP Request: POST https://api.telegram.org/bot8229132294:AAGIgDjK-q5AdTQyQQ9RplbJYkW3zvaFVdQ/getUpdates "HTTP/1.1 200 OK"
2025-10-30 10:33:15,961 - httpx - INFO - HTTP Request: POST https://api.telegram.org/bot8229132294:AAGIgDjK-q5AdTQyQQ9RplbJYkW3zvaFVdQ/getUpdates "HTTP/1.1 200 OK"
2025-10-30 10:33:26,154 - httpx - INFO - HTTP Request: POST https://api.telegram.org/bot8229132294:AAGIgDjK-q5AdTQyQQ9RplbJYkW3zvaFVdQ/getUpdates "HTTP/1.1 200 OK"
2025-10-30 10:33:36,344 - httpx - INFO - HTTP Request: POST https://api.telegram.org/bot8229132294:AAGIgDjK-q5AdTQyQQ9RplbJYkW3zvaFVdQ/getUpdates "HTTP/1.1 200 OK"
2025-10-30 10:33:46,537 - httpx - INFO - HTTP Request: POST https://api.telegram.org/bot8229132294:AAGIgDjK-q5AdTQyQQ9RplbJYkW3zvaFVdQ/getUpdates "HTTP/1.1 200 OK"
2025-10-30 10:33:56,730 - httpx - INFO - HTTP Request: POST https://api.telegram.org/bot8229132294:AAGIgDjK-q5AdTQyQQ9RplbJYkW3zvaFVdQ/getUpdates "HTTP/1.1 200 OK"
2025-10-30 10:34:06,925 - httpx - INFO - HTTP Request: POST https://api.telegram.org/bot8229132294:AAGIgDjK-q5AdTQyQQ9RplbJYkW3zvaFVdQ/getUpdates "HTTP/1.1 200 OK"
2025-10-30 10:34:17,122 - httpx - INFO - HTTP Request: POST https://api.telegram.org/bot8229132294:AAGIgDjK-q5AdTQyQQ9RplbJYkW3zvaFVdQ/getUpdates "HTTP/1.1 200 OK"
2025-10-30 10:34:27,290 - httpx - INFO - HTTP Request: POST https://api.telegram.org/bot8229132294:AAGIgDjK-q5AdTQyQQ9RplbJYkW3zvaFVdQ/getUpdates "HTTP/1.1 200 OK"
2025-10-30 10:34:37,455 - httpx - INFO - HTTP Request: POST https://api.telegram.org/bot8229132294:AAGIgDjK-q5AdTQyQQ9RplbJYkW3zvaFVdQ/getUpdates "HTTP/1.1 200 OK"
2025-10-30 10:34:47,619 - httpx - INFO - HTTP Request: POST https://api.telegram.org/bot8229132294:AAGIgDjK-q5AdTQyQQ9RplbJYkW3zvaFVdQ/getUpdates "HTTP/1.1 200 OK"
2025-10-30 10:34:57,785 - httpx - INFO - HTTP Request: POST https://api.telegram.org/bot8229132294:AAGIgDjK-q5AdTQyQQ9RplbJYkW3zvaFVdQ/getUpdates "HTTP/1.1 200 OK"
2025-10-30 10:35:07,950 - httpx - INFO - HTTP Request: POST https://api.telegram.org/bot8229132294:AAGIgDjK-q5AdTQyQQ9RplbJYkW3zvaFVdQ/getUpdates "HTTP/1.1 200 OK"
2025-10-30 10:35:18,113 - httpx - INFO - HTTP Request: POST https://api.telegram.org/bot8229132294:AAGIgDjK-q5AdTQyQQ9RplbJYkW3zvaFVdQ/getUpdates "HTTP/1.1 200 OK"
2025-10-30 10:35:28,278 - httpx - INFO - HTTP Request: POST https://api.telegram.org/bot8229132294:AAGIgDjK-q5AdTQyQQ9RplbJYkW3zvaFVdQ/getUpdates "HTTP/1.1 200 OK"
2025-10-30 10:35:38,443 - httpx - INFO - HTTP Request: POST https://api.telegram.org/bot8229132294:AAGIgDjK-q5AdTQyQQ9RplbJYkW3zvaFVdQ/getUpdates "HTTP/1.1 200 OK"
2025-10-30 10:35:48,606 - httpx - INFO - HTTP Request: POST https://api.telegram.org/bot8229132294:AAGIgDjK-q5AdTQyQQ9RplbJYkW3zvaFVdQ/getUpdates "HTTP/1.1 200 OK"
2025-10-30 10:35:58,779 - httpx - INFO - HTTP Request: POST https://api.telegram.org/bot8229132294:AAGIgDjK-q5AdTQyQQ9RplbJYkW3zvaFVdQ/getUpdates "HTTP/1.1 200 OK"
2025-10-30 10:36:08,946 - httpx - INFO - HTTP Request: POST https://api.telegram.org/bot8229132294:AAGIgDjK-q5AdTQyQQ9RplbJYkW3zvaFVdQ/getUpdates "HTTP/1.1 200 OK"
2025-10-30 10:36:19,111 - httpx - INFO - HTTP Request: POST https://api.telegram.org/bot8229132294:AAGIgDjK-q5AdTQyQQ9RplbJYkW3zvaFVdQ/getUpdates "HTTP/1.1 200 OK"
2025-10-30 10:36:29,276 - httpx - INFO - HTTP Request: POST https://api.telegram.org/bot8229132294:AAGIgDjK-q5AdTQyQQ9RplbJYkW3zvaFVdQ/getUpdates "HTTP/1.1 200 OK"
2025-10-30 10:36:39,440 - httpx - INFO - HTTP Request: POST https://api.telegram.org/bot8229132294:AAGIgDjK-q5AdTQyQQ9RplbJYkW3zvaFVdQ/getUpdates "HTTP/1.1 200 OK"
2025-10-30 10:36:49,607 - httpx - INFO - HTTP Request: POST https://api.telegram.org/bot8229132294:AAGIgDjK-q5AdTQyQQ9RplbJYkW3zvaFVdQ/getUpdates "HTTP/1.1 200 OK"
2025-10-30 10:36:59,769 - httpx - INFO - HTTP Request: POST https://api.telegram.org/bot8229132294:AAGIgDjK-q5AdTQyQQ9RplbJYkW3zvaFVdQ/getUpdates "HTTP/1.1 200 OK"
2025-10-30 10:37:09,935 - httpx - INFO - HTTP Request: POST https://api.telegram.org/bot8229132294:AAGIgDjK-q5AdTQyQQ9RplbJYkW3zvaFVdQ/getUpdates "HTTP/1.1 200 OK"
2025-10-30 10:37:20,117 - httpx - INFO - HTTP Request: POST https://api.telegram.org/bot8229132294:AAGIgDjK-q5AdTQyQQ9RplbJYkW3zvaFVdQ/getUpdates "HTTP/1.1 200 OK"
2025-10-30 10:37:30,282 - httpx - INFO - HTTP Request: POST https://api.telegram.org/bot8229132294:AAGIgDjK-q5AdTQyQQ9RplbJYkW3zvaFVdQ/getUpdates "HTTP/1.1 200 OK"
2025-10-30 10:37:40,448 - httpx - INFO - HTTP Request: POST https://api.telegram.org/bot8229132294:AAGIgDjK-q5AdTQyQQ9RplbJYkW3zvaFVdQ/getUpdates "HTTP/1.1 200 OK"
2025-10-30 10:37:50,613 - httpx - INFO - HTTP Request: POST https://api.telegram.org/bot8229132294:AAGIgDjK-q5AdTQyQQ9RplbJYkW3zvaFVdQ/getUpdates "HTTP/1.1 200 OK"
2025-10-30 10:38:00,778 - httpx - INFO - HTTP Request: POST https://api.telegram.org/bot8229132294:AAGIgDjK-q5AdTQyQQ9RplbJYkW3zvaFVdQ/getUpdates "HTTP/1.1 200 OK"
2025-10-30 10:38:10,943 - httpx - INFO - HTTP Request: POST https://api.telegram.org/bot8229132294:AAGIgDjK-q5AdTQyQQ9RplbJYkW3zvaFVdQ/getUpdates "HTTP/1.1 200 OK"
2025-10-30 10:38:21,109 - httpx - INFO - HTTP Request: POST https://api.telegram.org/bot8229132294:AAGIgDjK-q5AdTQyQQ9RplbJYkW3zvaFVdQ/getUpdates "HTTP/1.1 200 OK"
2025-10-30 10:38:31,273 - httpx - INFO - HTTP Request: POST https://api.telegram.org/bot8229132294:AAGIgDjK-q5AdTQyQQ9RplbJYkW3zvaFVdQ/getUpdates "HTTP/1.1 200 OK"
2025-10-30 10:38:41,436 - httpx - INFO - HTTP Request: POST https://api.telegram.org/bot8229132294:AAGIgDjK-q5AdTQyQQ9RplbJYkW3zvaFVdQ/getUpdates "HTTP/1.1 200 OK"
2025-10-30 10:38:51,600 - httpx - INFO - HTTP Request: POST https://api.telegram.org/bot8229132294:AAGIgDjK-q5AdTQyQQ9RplbJYkW3zvaFVdQ/getUpdates "HTTP/1.1 200 OK"
2025-10-30 10:39:01,767 - httpx - INFO - HTTP Request: POST https://api.telegram.org/bot8229132294:AAGIgDjK-q5AdTQyQQ9RplbJYkW3zvaFVdQ/getUpdates "HTTP/1.1 200 OK"
2025-10-30 10:39:11,934 - httpx - INFO - HTTP Request: POST https://api.telegram.org/bot8229132294:AAGIgDjK-q5AdTQyQQ9RplbJYkW3zvaFVdQ/getUpdates "HTTP/1.1 200 OK"
2025-10-30 10:39:22,097 - httpx - INFO - HTTP Request: POST https://api.telegram.org/bot8229132294:AAGIgDjK-q5AdTQyQQ9RplbJYkW3zvaFVdQ/getUpdates "HTTP/1.1 200 OK"
2025-10-30 10:39:32,262 - httpx - INFO - HTTP Request: POST https://api.telegram.org/bot8229132294:AAGIgDjK-q5AdTQyQQ9RplbJYkW3zvaFVdQ/getUpdates "HTTP/1.1 200 OK"
2025-10-30 10:39:42,434 - httpx - INFO - HTTP Request: POST https://api.telegram.org/bot8229132294:AAGIgDjK-q5AdTQyQQ9RplbJYkW3zvaFVdQ/getUpdates "HTTP/1.1 200 OK"
2025-10-30 10:39:52,596 - httpx - INFO - HTTP Request: POST https://api.telegram.org/bot8229132294:AAGIgDjK-q5AdTQyQQ9RplbJYkW3zvaFVdQ/getUpdates "HTTP/1.1 200 OK"
2025-10-30 10:40:02,759 - httpx - INFO - HTTP Request: POST https://api.telegram.org/bot8229132294:AAGIgDjK-q5AdTQyQQ9RplbJYkW3zvaFVdQ/getUpdates "HTTP/1.1 200 OK"
2025-10-30 10:40:13,411 - httpx - INFO - HTTP Request: POST https://api.telegram.org/bot8229132294:AAGIgDjK-q5AdTQyQQ9RplbJYkW3zvaFVdQ/getUpdates "HTTP/1.1 200 OK"
2025-10-30 10:40:23,575 - httpx - INFO - HTTP Request: POST https://api.telegram.org/bot8229132294:AAGIgDjK-q5AdTQyQQ9RplbJYkW3zvaFVdQ/getUpdates "HTTP/1.1 200 OK"
2025-10-30 10:40:33,738 - httpx - INFO - HTTP Request: POST https://api.telegram.org/bot8229132294:AAGIgDjK-q5AdTQyQQ9RplbJYkW3zvaFVdQ/getUpdates "HTTP/1.1 200 OK"
2025-10-30 10:40:43,901 - httpx - INFO - HTTP Request: POST https://api.telegram.org/bot8229132294:AAGIgDjK-q5AdTQyQQ9RplbJYkW3zvaFVdQ/getUpdates "HTTP/1.1 200 OK"
2025-10-30 10:40:54,067 - httpx - INFO - HTTP Request: POST https://api.telegram.org/bot8229132294:AAGIgDjK-q5AdTQyQQ9RplbJYkW3zvaFVdQ/getUpdates "HTTP/1.1 200 OK"
2025-10-30 10:41:04,234 - httpx - INFO - HTTP Request: POST https://api.telegram.org/bot8229132294:AAGIgDjK-q5AdTQyQQ9RplbJYkW3zvaFVdQ/getUpdates "HTTP/1.1 200 OK"
2025-10-30 10:41:14,397 - httpx - INFO - HTTP Request: POST https://api.telegram.org/bot8229132294:AAGIgDjK-q5AdTQyQQ9RplbJYkW3zvaFVdQ/getUpdates "HTTP/1.1 200 OK"
2025-10-30 10:41:24,562 - httpx - INFO - HTTP Request: POST https://api.telegram.org/bot8229132294:AAGIgDjK-q5AdTQyQQ9RplbJYkW3zvaFVdQ/getUpdates "HTTP/1.1 200 OK"
2025-10-30 10:41:34,725 - httpx - INFO - HTTP Request: POST https://api.telegram.org/bot8229132294:AAGIgDjK-q5AdTQyQQ9RplbJYkW3zvaFVdQ/getUpdates "HTTP/1.1 200 OK"
2025-10-30 10:41:44,890 - httpx - INFO - HTTP Request: POST https://api.telegram.org/bot8229132294:AAGIgDjK-q5AdTQyQQ9RplbJYkW3zvaFVdQ/getUpdates "HTTP/1.1 200 OK"
2025-10-30 10:41:55,054 - httpx - INFO - HTTP Request: POST https://api.telegram.org/bot8229132294:AAGIgDjK-q5AdTQyQQ9RplbJYkW3zvaFVdQ/getUpdates "HTTP/1.1 200 OK"
2025-10-30 10:42:05,218 - httpx - INFO - HTTP Request: POST https://api.telegram.org/bot8229132294:AAGIgDjK-q5AdTQyQQ9RplbJYkW3zvaFVdQ/getUpdates "HTTP/1.1 200 OK"
2025-10-30 10:42:15,413 - httpx - INFO - HTTP Request: POST https://api.telegram.org/bot8229132294:AAGIgDjK-q5AdTQyQQ9RplbJYkW3zvaFVdQ/getUpdates "HTTP/1.1 200 OK"
2025-10-30 10:42:25,576 - httpx - INFO - HTTP Request: POST https://api.telegram.org/bot8229132294:AAGIgDjK-q5AdTQyQQ9RplbJYkW3zvaFVdQ/getUpdates "HTTP/1.1 200 OK"
2025-10-30 10:42:35,749 - httpx - INFO - HTTP Request: POST https://api.telegram.org/bot8229132294:AAGIgDjK-q5AdTQyQQ9RplbJYkW3zvaFVdQ/getUpdates "HTTP/1.1 200 OK"
2025-10-30 10:42:45,914 - httpx - INFO - HTTP Request: POST https://api.telegram.org/bot8229132294:AAGIgDjK-q5AdTQyQQ9RplbJYkW3zvaFVdQ/getUpdates "HTTP/1.1 200 OK"
2025-10-30 10:42:56,077 - httpx - INFO - HTTP Request: POST https://api.telegram.org/bot8229132294:AAGIgDjK-q5AdTQyQQ9RplbJYkW3zvaFVdQ/getUpdates "HTTP/1.1 200 OK"
2025-10-30 10:43:06,244 - httpx - INFO - HTTP Request: POST https://api.telegram.org/bot8229132294:AAGIgDjK-q5AdTQyQQ9RplbJYkW3zvaFVdQ/getUpdates "HTTP/1.1 200 OK"
2025-10-30 10:43:16,407 - httpx - INFO - HTTP Request: POST https://api.telegram.org/bot8229132294:AAGIgDjK-q5AdTQyQQ9RplbJYkW3zvaFVdQ/getUpdates "HTTP/1.1 200 OK"
2025-10-30 10:43:26,571 - httpx - INFO - HTTP Request: POST https://api.telegram.org/bot8229132294:AAGIgDjK-q5AdTQyQQ9RplbJYkW3zvaFVdQ/getUpdates "HTTP/1.1 200 OK"
2025-10-30 10:43:36,733 - httpx - INFO - HTTP Request: POST https://api.telegram.org/bot8229132294:AAGIgDjK-q5AdTQyQQ9RplbJYkW3zvaFVdQ/getUpdates "HTTP/1.1 200 OK"
2025-10-30 10:43:46,898 - httpx - INFO - HTTP Request: POST https://api.telegram.org/bot8229132294:AAGIgDjK-q5AdTQyQQ9RplbJYkW3zvaFVdQ/getUpdates "HTTP/1.1 200 OK"
2025-10-30 10:43:57,061 - httpx - INFO - HTTP Request: POST https://api.telegram.org/bot8229132294:AAGIgDjK-q5AdTQyQQ9RplbJYkW3zvaFVdQ/getUpdates "HTTP/1.1 200 OK"
2025-10-30 10:44:07,224 - httpx - INFO - HTTP Request: POST https://api.telegram.org/bot8229132294:AAGIgDjK-q5AdTQyQQ9RplbJYkW3zvaFVdQ/getUpdates "HTTP/1.1 200 OK"
2025-10-30 10:44:17,388 - httpx - INFO - HTTP Request: POST https://api.telegram.org/bot8229132294:AAGIgDjK-q5AdTQyQQ9RplbJYkW3zvaFVdQ/getUpdates "HTTP/1.1 200 OK"
2025-10-30 10:44:27,551 - httpx - INFO - HTTP Request: POST https://api.telegram.org/bot8229132294:AAGIgDjK-q5AdTQyQQ9RplbJYkW3zvaFVdQ/getUpdates "HTTP/1.1 200 OK"
2025-10-30 10:44:37,716 - httpx - INFO - HTTP Request: POST https://api.telegram.org/bot8229132294:AAGIgDjK-q5AdTQyQQ9RplbJYkW3zvaFVdQ/getUpdates "HTTP/1.1 200 OK"
2025-10-30 10:44:47,879 - httpx - INFO - HTTP Request: POST https://api.telegram.org/bot8229132294:AAGIgDjK-q5AdTQyQQ9RplbJYkW3zvaFVdQ/getUpdates "HTTP/1.1 200 OK"
2025-10-30 10:44:58,047 - httpx - INFO - HTTP Request: POST https://api.telegram.org/bot8229132294:AAGIgDjK-q5AdTQyQQ9RplbJYkW3zvaFVdQ/getUpdates "HTTP/1.1 200 OK"
2025-10-30 10:45:08,209 - httpx - INFO - HTTP Request: POST https://api.telegram.org/bot8229132294:AAGIgDjK-q5AdTQyQQ9RplbJYkW3zvaFVdQ/getUpdates "HTTP/1.1 200 OK"
2025-10-30 10:45:18,372 - httpx - INFO - HTTP Request: POST https://api.telegram.org/bot8229132294:AAGIgDjK-q5AdTQyQQ9RplbJYkW3zvaFVdQ/getUpdates "HTTP/1.1 200 OK"
2025-10-30 10:45:28,535 - httpx - INFO - HTTP Request: POST https://api.telegram.org/bot8229132294:AAGIgDjK-q5AdTQyQQ9RplbJYkW3zvaFVdQ/getUpdates "HTTP/1.1 200 OK"
2025-10-30 10:45:38,709 - httpx - INFO - HTTP Request: POST https://api.telegram.org/bot8229132294:AAGIgDjK-q5AdTQyQQ9RplbJYkW3zvaFVdQ/getUpdates "HTTP/1.1 200 OK"
2025-10-30 10:45:48,872 - httpx - INFO - HTTP Request: POST https://api.telegram.org/bot8229132294:AAGIgDjK-q5AdTQyQQ9RplbJYkW3zvaFVdQ/getUpdates "HTTP/1.1 200 OK"
2025-10-30 10:45:59,034 - httpx - INFO - HTTP Request: POST https://api.telegram.org/bot8229132294:AAGIgDjK-q5AdTQyQQ9RplbJYkW3zvaFVdQ/getUpdates "HTTP/1.1 200 OK"
2025-10-30 10:46:09,198 - httpx - INFO - HTTP Request: POST https://api.telegram.org/bot8229132294:AAGIgDjK-q5AdTQyQQ9RplbJYkW3zvaFVdQ/getUpdates "HTTP/1.1 200 OK"
2025-10-30 10:46:19,365 - httpx - INFO - HTTP Request: POST https://api.telegram.org/bot8229132294:AAGIgDjK-q5AdTQyQQ9RplbJYkW3zvaFVdQ/getUpdates "HTTP/1.1 200 OK"
2025-10-30 10:46:29,537 - httpx - INFO - HTTP Request: POST https://api.telegram.org/bot8229132294:AAGIgDjK-q5AdTQyQQ9RplbJYkW3zvaFVdQ/getUpdates "HTTP/1.1 200 OK"
2025-10-30 10:46:39,704 - httpx - INFO - HTTP Request: POST https://api.telegram.org/bot8229132294:AAGIgDjK-q5AdTQyQQ9RplbJYkW3zvaFVdQ/getUpdates "HTTP/1.1 200 OK"
2025-10-30 10:46:49,868 - httpx - INFO - HTTP Request: POST https://api.telegram.org/bot8229132294:AAGIgDjK-q5AdTQyQQ9RplbJYkW3zvaFVdQ/getUpdates "HTTP/1.1 200 OK"
2025-10-30 10:47:00,031 - httpx - INFO - HTTP Request: POST https://api.telegram.org/bot8229132294:AAGIgDjK-q5AdTQyQQ9RplbJYkW3zvaFVdQ/getUpdates "HTTP/1.1 200 OK"
2025-10-30 10:47:10,194 - httpx - INFO - HTTP Request: POST https://api.telegram.org/bot8229132294:AAGIgDjK-q5AdTQyQQ9RplbJYkW3zvaFVdQ/getUpdates "HTTP/1.1 200 OK"
2025-10-30 10:47:20,356 - httpx - INFO - HTTP Request: POST https://api.telegram.org/bot8229132294:AAGIgDjK-q5AdTQyQQ9RplbJYkW3zvaFVdQ/getUpdates "HTTP/1.1 200 OK"
2025-10-30 10:47:30,522 - httpx - INFO - HTTP Request: POST https://api.telegram.org/bot8229132294:AAGIgDjK-q5AdTQyQQ9RplbJYkW3zvaFVdQ/getUpdates "HTTP/1.1 200 OK"
2025-10-30 10:47:40,684 - httpx - INFO - HTTP Request: POST https://api.telegram.org/bot8229132294:AAGIgDjK-q5AdTQyQQ9RplbJYkW3zvaFVdQ/getUpdates "HTTP/1.1 200 OK"
2025-10-30 10:47:50,848 - httpx - INFO - HTTP Request: POST https://api.telegram.org/bot8229132294:AAGIgDjK-q5AdTQyQQ9RplbJYkW3zvaFVdQ/getUpdates "HTTP/1.1 200 OK"
2025-10-30 10:48:01,011 - httpx - INFO - HTTP Request: POST https://api.telegram.org/bot8229132294:AAGIgDjK-q5AdTQyQQ9RplbJYkW3zvaFVdQ/getUpdates "HTTP/1.1 200 OK"
2025-10-30 10:48:11,177 - httpx - INFO - HTTP Request: POST https://api.telegram.org/bot8229132294:AAGIgDjK-q5AdTQyQQ9RplbJYkW3zvaFVdQ/getUpdates "HTTP/1.1 200 OK"
2025-10-30 10:48:21,340 - httpx - INFO - HTTP Request: POST https://api.telegram.org/bot8229132294:AAGIgDjK-q5AdTQyQQ9RplbJYkW3zvaFVdQ/getUpdates "HTTP/1.1 200 OK"
2025-10-30 10:48:31,504 - httpx - INFO - HTTP Request: POST https://api.telegram.org/bot8229132294:AAGIgDjK-q5AdTQyQQ9RplbJYkW3zvaFVdQ/getUpdates "HTTP/1.1 200 OK"
2025-10-30 10:48:41,670 - httpx - INFO - HTTP Request: POST https://api.telegram.org/bot8229132294:AAGIgDjK-q5AdTQyQQ9RplbJYkW3zvaFVdQ/getUpdates "HTTP/1.1 200 OK"
2025-10-30 10:48:51,834 - httpx - INFO - HTTP Request: POST https://api.telegram.org/bot8229132294:AAGIgDjK-q5AdTQyQQ9RplbJYkW3zvaFVdQ/getUpdates "HTTP/1.1 200 OK"
2025-10-30 10:49:01,997 - httpx - INFO - HTTP Request: POST https://api.telegram.org/bot8229132294:AAGIgDjK-q5AdTQyQQ9RplbJYkW3zvaFVdQ/getUpdates "HTTP/1.1 200 OK"
2025-10-30 10:49:12,163 - httpx - INFO - HTTP Request: POST https://api.telegram.org/bot8229132294:AAGIgDjK-q5AdTQyQQ9RplbJYkW3zvaFVdQ/getUpdates "HTTP/1.1 200 OK"
2025-10-30 10:49:22,327 - httpx - INFO - HTTP Request: POST https://api.telegram.org/bot8229132294:AAGIgDjK-q5AdTQyQQ9RplbJYkW3zvaFVdQ/getUpdates "HTTP/1.1 200 OK"
2025-10-30 10:49:32,490 - httpx - INFO - HTTP Request: POST https://api.telegram.org/bot8229132294:AAGIgDjK-q5AdTQyQQ9RplbJYkW3zvaFVdQ/getUpdates "HTTP/1.1 200 OK"
2025-10-30 10:49:42,656 - httpx - INFO - HTTP Request: POST https://api.telegram.org/bot8229132294:AAGIgDjK-q5AdTQyQQ9RplbJYkW3zvaFVdQ/getUpdates "HTTP/1.1 200 OK"
2025-10-30 10:49:52,819 - httpx - INFO - HTTP Request: POST https://api.telegram.org/bot8229132294:AAGIgDjK-q5AdTQyQQ9RplbJYkW3zvaFVdQ/getUpdates "HTTP/1.1 200 OK"
2025-10-30 10:50:02,982 - httpx - INFO - HTTP Request: POST https://api.telegram.org/bot8229132294:AAGIgDjK-q5AdTQyQQ9RplbJYkW3zvaFVdQ/getUpdates "HTTP/1.1 200 OK"
2025-10-30 10:50:13,146 - httpx - INFO - HTTP Request: POST https://api.telegram.org/bot8229132294:AAGIgDjK-q5AdTQyQQ9RplbJYkW3zvaFVdQ/getUpdates "HTTP/1.1 200 OK"
2025-10-30 10:50:23,309 - httpx - INFO - HTTP Request: POST https://api.telegram.org/bot8229132294:AAGIgDjK-q5AdTQyQQ9RplbJYkW3zvaFVdQ/getUpdates "HTTP/1.1 200 OK"
2025-10-30 10:50:33,472 - httpx - INFO - HTTP Request: POST https://api.telegram.org/bot8229132294:AAGIgDjK-q5AdTQyQQ9RplbJYkW3zvaFVdQ/getUpdates "HTTP/1.1 200 OK"
2025-10-30 10:50:43,636 - httpx - INFO - HTTP Request: POST https://api.telegram.org/bot8229132294:AAGIgDjK-q5AdTQyQQ9RplbJYkW3zvaFVdQ/getUpdates "HTTP/1.1 200 OK"
2025-10-30 10:50:53,803 - httpx - INFO - HTTP Request: POST https://api.telegram.org/bot8229132294:AAGIgDjK-q5AdTQyQQ9RplbJYkW3zvaFVdQ/getUpdates "HTTP/1.1 200 OK"
2025-10-30 10:51:03,969 - httpx - INFO - HTTP Request: POST https://api.telegram.org/bot8229132294:AAGIgDjK-q5AdTQyQQ9RplbJYkW3zvaFVdQ/getUpdates "HTTP/1.1 200 OK"
2025-10-30 10:51:14,133 - httpx - INFO - HTTP Request: POST https://api.telegram.org/bot8229132294:AAGIgDjK-q5AdTQyQQ9RplbJYkW3zvaFVdQ/getUpdates "HTTP/1.1 200 OK"
2025-10-30 10:51:24,297 - httpx - INFO - HTTP Request: POST https://api.telegram.org/bot8229132294:AAGIgDjK-q5AdTQyQQ9RplbJYkW3zvaFVdQ/getUpdates "HTTP/1.1 200 OK"
2025-10-30 10:51:34,460 - httpx - INFO - HTTP Request: POST https://api.telegram.org/bot8229132294:AAGIgDjK-q5AdTQyQQ9RplbJYkW3zvaFVdQ/getUpdates "HTTP/1.1 200 OK"
2025-10-30 10:51:44,622 - httpx - INFO - HTTP Request: POST https://api.telegram.org/bot8229132294:AAGIgDjK-q5AdTQyQQ9RplbJYkW3zvaFVdQ/getUpdates "HTTP/1.1 200 OK"
2025-10-30 10:51:54,785 - httpx - INFO - HTTP Request: POST https://api.telegram.org/bot8229132294:AAGIgDjK-q5AdTQyQQ9RplbJYkW3zvaFVdQ/getUpdates "HTTP/1.1 200 OK"
2025-10-30 10:52:04,948 - httpx - INFO - HTTP Request: POST https://api.telegram.org/bot8229132294:AAGIgDjK-q5AdTQyQQ9RplbJYkW3zvaFVdQ/getUpdates "HTTP/1.1 200 OK"
2025-10-30 10:52:15,111 - httpx - INFO - HTTP Request: POST https://api.telegram.org/bot8229132294:AAGIgDjK-q5AdTQyQQ9RplbJYkW3zvaFVdQ/getUpdates "HTTP/1.1 200 OK"
2025-10-30 10:52:25,274 - httpx - INFO - HTTP Request: POST https://api.telegram.org/bot8229132294:AAGIgDjK-q5AdTQyQQ9RplbJYkW3zvaFVdQ/getUpdates "HTTP/1.1 200 OK"
2025-10-30 10:52:35,437 - httpx - INFO - HTTP Request: POST https://api.telegram.org/bot8229132294:AAGIgDjK-q5AdTQyQQ9RplbJYkW3zvaFVdQ/getUpdates "HTTP/1.1 200 OK"
2025-10-30 10:52:45,601 - httpx - INFO - HTTP Request: POST https://api.telegram.org/bot8229132294:AAGIgDjK-q5AdTQyQQ9RplbJYkW3zvaFVdQ/getUpdates "HTTP/1.1 200 OK"
2025-10-30 10:52:55,767 - httpx - INFO - HTTP Request: POST https://api.telegram.org/bot8229132294:AAGIgDjK-q5AdTQyQQ9RplbJYkW3zvaFVdQ/getUpdates "HTTP/1.1 200 OK"
2025-10-30 10:53:05,930 - httpx - INFO - HTTP Request: POST https://api.telegram.org/bot8229132294:AAGIgDjK-q5AdTQyQQ9RplbJYkW3zvaFVdQ/getUpdates "HTTP/1.1 200 OK"
2025-10-30 10:53:16,093 - httpx - INFO - HTTP Request: POST https://api.telegram.org/bot8229132294:AAGIgDjK-q5AdTQyQQ9RplbJYkW3zvaFVdQ/getUpdates "HTTP/1.1 200 OK"
2025-10-30 10:53:26,259 - httpx - INFO - HTTP Request: POST https://api.telegram.org/bot8229132294:AAGIgDjK-q5AdTQyQQ9RplbJYkW3zvaFVdQ/getUpdates "HTTP/1.1 200 OK"
2025-10-30 10:53:36,424 - httpx - INFO - HTTP Request: POST https://api.telegram.org/bot8229132294:AAGIgDjK-q5AdTQyQQ9RplbJYkW3zvaFVdQ/getUpdates "HTTP/1.1 200 OK"
2025-10-30 10:53:46,589 - httpx - INFO - HTTP Request: POST https://api.telegram.org/bot8229132294:AAGIgDjK-q5AdTQyQQ9RplbJYkW3zvaFVdQ/getUpdates "HTTP/1.1 200 OK"
2025-10-30 10:53:56,752 - httpx - INFO - HTTP Request: POST https://api.telegram.org/bot8229132294:AAGIgDjK-q5AdTQyQQ9RplbJYkW3zvaFVdQ/getUpdates "HTTP/1.1 200 OK"
2025-10-30 10:54:06,916 - httpx - INFO - HTTP Request: POST https://api.telegram.org/bot8229132294:AAGIgDjK-q5AdTQyQQ9RplbJYkW3zvaFVdQ/getUpdates "HTTP/1.1 200 OK"
2025-10-30 10:54:17,079 - httpx - INFO - HTTP Request: POST https://api.telegram.org/bot8229132294:AAGIgDjK-q5AdTQyQQ9RplbJYkW3zvaFVdQ/getUpdates "HTTP/1.1 200 OK"
2025-10-30 10:54:27,242 - httpx - INFO - HTTP Request: POST https://api.telegram.org/bot8229132294:AAGIgDjK-q5AdTQyQQ9RplbJYkW3zvaFVdQ/getUpdates "HTTP/1.1 200 OK"
2025-10-30 10:54:37,405 - httpx - INFO - HTTP Request: POST https://api.telegram.org/bot8229132294:AAGIgDjK-q5AdTQyQQ9RplbJYkW3zvaFVdQ/getUpdates "HTTP/1.1 200 OK"
2025-10-30 10:54:47,583 - httpx - INFO - HTTP Request: POST https://api.telegram.org/bot8229132294:AAGIgDjK-q5AdTQyQQ9RplbJYkW3zvaFVdQ/getUpdates "HTTP/1.1 200 OK"
2025-10-30 10:54:57,766 - httpx - INFO - HTTP Request: POST https://api.telegram.org/bot8229132294:AAGIgDjK-q5AdTQyQQ9RplbJYkW3zvaFVdQ/getUpdates "HTTP/1.1 200 OK"
2025-10-30 10:55:07,932 - httpx - INFO - HTTP Request: POST https://api.telegram.org/bot8229132294:AAGIgDjK-q5AdTQyQQ9RplbJYkW3zvaFVdQ/getUpdates "HTTP/1.1 200 OK"
2025-10-30 10:55:18,095 - httpx - INFO - HTTP Request: POST https://api.telegram.org/bot8229132294:AAGIgDjK-q5AdTQyQQ9RplbJYkW3zvaFVdQ/getUpdates "HTTP/1.1 200 OK"
2025-10-30 10:55:28,262 - httpx - INFO - HTTP Request: POST https://api.telegram.org/bot8229132294:AAGIgDjK-q5AdTQyQQ9RplbJYkW3zvaFVdQ/getUpdates "HTTP/1.1 200 OK"
2025-10-30 10:55:38,424 - httpx - INFO - HTTP Request: POST https://api.telegram.org/bot8229132294:AAGIgDjK-q5AdTQyQQ9RplbJYkW3zvaFVdQ/getUpdates "HTTP/1.1 200 OK"
2025-10-30 10:55:48,587 - httpx - INFO - HTTP Request: POST https://api.telegram.org/bot8229132294:AAGIgDjK-q5AdTQyQQ9RplbJYkW3zvaFVdQ/getUpdates "HTTP/1.1 200 OK"
2025-10-30 10:55:58,750 - httpx - INFO - HTTP Request: POST https://api.telegram.org/bot8229132294:AAGIgDjK-q5AdTQyQQ9RplbJYkW3zvaFVdQ/getUpdates "HTTP/1.1 200 OK"
2025-10-30 10:56:08,914 - httpx - INFO - HTTP Request: POST https://api.telegram.org/bot8229132294:AAGIgDjK-q5AdTQyQQ9RplbJYkW3zvaFVdQ/getUpdates "HTTP/1.1 200 OK"
2025-10-30 10:56:19,079 - httpx - INFO - HTTP Request: POST https://api.telegram.org/bot8229132294:AAGIgDjK-q5AdTQyQQ9RplbJYkW3zvaFVdQ/getUpdates "HTTP/1.1 200 OK"
2025-10-30 10:56:29,242 - httpx - INFO - HTTP Request: POST https://api.telegram.org/bot8229132294:AAGIgDjK-q5AdTQyQQ9RplbJYkW3zvaFVdQ/getUpdates "HTTP/1.1 200 OK"
2025-10-30 10:56:39,410 - httpx - INFO - HTTP Request: POST https://api.telegram.org/bot8229132294:AAGIgDjK-q5AdTQyQQ9RplbJYkW3zvaFVdQ/getUpdates "HTTP/1.1 200 OK"
2025-10-30 10:56:49,581 - httpx - INFO - HTTP Request: POST https://api.telegram.org/bot8229132294:AAGIgDjK-q5AdTQyQQ9RplbJYkW3zvaFVdQ/getUpdates "HTTP/1.1 200 OK"
2025-10-30 10:56:59,745 - httpx - INFO - HTTP Request: POST https://api.telegram.org/bot8229132294:AAGIgDjK-q5AdTQyQQ9RplbJYkW3zvaFVdQ/getUpdates "HTTP/1.1 200 OK"
2025-10-30 10:57:10,238 - httpx - INFO - HTTP Request: POST https://api.telegram.org/bot8229132294:AAGIgDjK-q5AdTQyQQ9RplbJYkW3zvaFVdQ/getUpdates "HTTP/1.1 200 OK"
2025-10-30 10:57:20,402 - httpx - INFO - HTTP Request: POST https://api.telegram.org/bot8229132294:AAGIgDjK-q5AdTQyQQ9RplbJYkW3zvaFVdQ/getUpdates "HTTP/1.1 200 OK"
2025-10-30 10:57:30,564 - httpx - INFO - HTTP Request: POST https://api.telegram.org/bot8229132294:AAGIgDjK-q5AdTQyQQ9RplbJYkW3zvaFVdQ/getUpdates "HTTP/1.1 200 OK"
2025-10-30 10:57:40,726 - httpx - INFO - HTTP Request: POST https://api.telegram.org/bot8229132294:AAGIgDjK-q5AdTQyQQ9RplbJYkW3zvaFVdQ/getUpdates "HTTP/1.1 200 OK"
2025-10-30 10:57:50,894 - httpx - INFO - HTTP Request: POST https://api.telegram.org/bot8229132294:AAGIgDjK-q5AdTQyQQ9RplbJYkW3zvaFVdQ/getUpdates "HTTP/1.1 200 OK"
2025-10-30 10:58:01,059 - httpx - INFO - HTTP Request: POST https://api.telegram.org/bot8229132294:AAGIgDjK-q5AdTQyQQ9RplbJYkW3zvaFVdQ/getUpdates "HTTP/1.1 200 OK"
2025-10-30 10:58:11,222 - httpx - INFO - HTTP Request: POST https://api.telegram.org/bot8229132294:AAGIgDjK-q5AdTQyQQ9RplbJYkW3zvaFVdQ/getUpdates "HTTP/1.1 200 OK"
2025-10-30 10:58:21,391 - httpx - INFO - HTTP Request: POST https://api.telegram.org/bot8229132294:AAGIgDjK-q5AdTQyQQ9RplbJYkW3zvaFVdQ/getUpdates "HTTP/1.1 200 OK"
2025-10-30 10:58:26,481 - httpx - INFO - HTTP Request: POST https://api.telegram.org/bot8229132294:AAGIgDjK-q5AdTQyQQ9RplbJYkW3zvaFVdQ/getUpdates "HTTP/1.1 200 OK"
2025-10-30 10:58:27,179 - httpx - INFO - HTTP Request: POST https://api.telegram.org/bot8229132294:AAGIgDjK-q5AdTQyQQ9RplbJYkW3zvaFVdQ/sendMessage "HTTP/1.1 200 OK"
2025-10-30 10:58:27,493 - httpx - INFO - HTTP Request: POST https://api.telegram.org/bot8229132294:AAGIgDjK-q5AdTQyQQ9RplbJYkW3zvaFVdQ/sendMessage "HTTP/1.1 200 OK"
2025-10-30 10:58:36,646 - httpx - INFO - HTTP Request: POST https://api.telegram.org/bot8229132294:AAGIgDjK-q5AdTQyQQ9RplbJYkW3zvaFVdQ/getUpdates "HTTP/1.1 200 OK"
2025-10-30 10:58:46,810 - httpx - INFO - HTTP Request: POST https://api.telegram.org/bot8229132294:AAGIgDjK-q5AdTQyQQ9RplbJYkW3zvaFVdQ/getUpdates "HTTP/1.1 200 OK"
2025-10-30 10:58:48,916 - httpx - INFO - HTTP Request: POST https://api.telegram.org/bot8229132294:AAGIgDjK-q5AdTQyQQ9RplbJYkW3zvaFVdQ/getUpdates "HTTP/1.1 200 OK"
2025-10-30 10:58:49,555 - httpx - INFO - HTTP Request: POST https://api.telegram.org/bot8229132294:AAGIgDjK-q5AdTQyQQ9RplbJYkW3zvaFVdQ/sendMessage "HTTP/1.1 200 OK"
2025-10-30 10:58:56,538 - httpx - INFO - HTTP Request: POST https://api.telegram.org/bot8229132294:AAGIgDjK-q5AdTQyQQ9RplbJYkW3zvaFVdQ/getUpdates "HTTP/1.1 200 OK"
2025-10-30 10:58:57,237 - httpx - INFO - HTTP Request: POST https://api.telegram.org/bot8229132294:AAGIgDjK-q5AdTQyQQ9RplbJYkW3zvaFVdQ/sendMessage "HTTP/1.1 200 OK"
2025-10-30 10:59:01,431 - httpx - INFO - HTTP Request: POST https://api.telegram.org/bot8229132294:AAGIgDjK-q5AdTQyQQ9RplbJYkW3zvaFVdQ/getUpdates "HTTP/1.1 200 OK"
2025-10-30 10:59:01,432 - src.bot_admin.middleware - INFO - Admin 8306752124 executing: admin_command
2025-10-30 10:59:01,436 - src.bot_admin.audit_log - INFO - Audit: admin=8306752124, action=open_admin_panel, target=, result=success
2025-10-30 10:59:01,750 - httpx - INFO - HTTP Request: POST https://api.telegram.org/bot8229132294:AAGIgDjK-q5AdTQyQQ9RplbJYkW3zvaFVdQ/sendMessage "HTTP/1.1 200 OK"
2025-10-30 10:59:11,600 - httpx - INFO - HTTP Request: POST https://api.telegram.org/bot8229132294:AAGIgDjK-q5AdTQyQQ9RplbJYkW3zvaFVdQ/getUpdates "HTTP/1.1 200 OK"
2025-10-30 10:59:19,959 - httpx - INFO - HTTP Request: POST https://api.telegram.org/bot8229132294:AAGIgDjK-q5AdTQyQQ9RplbJYkW3zvaFVdQ/getUpdates "HTTP/1.1 200 OK"
2025-10-30 10:59:20,593 - httpx - INFO - HTTP Request: POST https://api.telegram.org/bot8229132294:AAGIgDjK-q5AdTQyQQ9RplbJYkW3zvaFVdQ/answerCallbackQuery "HTTP/1.1 200 OK"
2025-10-30 10:59:20,884 - httpx - INFO - HTTP Request: POST https://api.telegram.org/bot8229132294:AAGIgDjK-q5AdTQyQQ9RplbJYkW3zvaFVdQ/editMessageText "HTTP/1.1 200 OK"
2025-10-30 10:59:22,631 - httpx - INFO - HTTP Request: POST https://api.telegram.org/bot8229132294:AAGIgDjK-q5AdTQyQQ9RplbJYkW3zvaFVdQ/getUpdates "HTTP/1.1 200 OK"
2025-10-30 10:59:22,918 - httpx - INFO - HTTP Request: POST https://api.telegram.org/bot8229132294:AAGIgDjK-q5AdTQyQQ9RplbJYkW3zvaFVdQ/answerCallbackQuery "HTTP/1.1 200 OK"
2025-10-30 10:59:23,210 - httpx - INFO - HTTP Request: POST https://api.telegram.org/bot8229132294:AAGIgDjK-q5AdTQyQQ9RplbJYkW3zvaFVdQ/editMessageText "HTTP/1.1 200 OK"
/home/codespace/.python/current/lib/python3.12/site-packages/telegram/ext/_handlers/conversationhandler.py:904: PTBUserWarning: 'handle_callback' returned state 7 which is unknown to the ConversationHandler.
  self._update_state(new_state, conversation_key, handler)
2025-10-30 10:59:32,795 - httpx - INFO - HTTP Request: POST https://api.telegram.org/bot8229132294:AAGIgDjK-q5AdTQyQQ9RplbJYkW3zvaFVdQ/getUpdates "HTTP/1.1 200 OK"
2025-10-30 10:59:42,968 - httpx - INFO - HTTP Request: POST https://api.telegram.org/bot8229132294:AAGIgDjK-q5AdTQyQQ9RplbJYkW3zvaFVdQ/getUpdates "HTTP/1.1 200 OK"
2025-10-30 10:59:53,134 - httpx - INFO - HTTP Request: POST https://api.telegram.org/bot8229132294:AAGIgDjK-q5AdTQyQQ9RplbJYkW3zvaFVdQ/getUpdates "HTTP/1.1 200 OK"
2025-10-30 11:00:03,300 - httpx - INFO - HTTP Request: POST https://api.telegram.org/bot8229132294:AAGIgDjK-q5AdTQyQQ9RplbJYkW3zvaFVdQ/getUpdates "HTTP/1.1 200 OK"
2025-10-30 11:00:13,467 - httpx - INFO - HTTP Request: POST https://api.telegram.org/bot8229132294:AAGIgDjK-q5AdTQyQQ9RplbJYkW3zvaFVdQ/getUpdates "HTTP/1.1 200 OK"
2025-10-30 11:00:23,633 - httpx - INFO - HTTP Request: POST https://api.telegram.org/bot8229132294:AAGIgDjK-q5AdTQyQQ9RplbJYkW3zvaFVdQ/getUpdates "HTTP/1.1 200 OK"
2025-10-30 11:00:29,279 - httpx - INFO - HTTP Request: POST https://api.telegram.org/bot8229132294:AAGIgDjK-q5AdTQyQQ9RplbJYkW3zvaFVdQ/getUpdates "HTTP/1.1 200 OK"
2025-10-30 11:00:29,975 - httpx - INFO - HTTP Request: POST https://api.telegram.org/bot8229132294:AAGIgDjK-q5AdTQyQQ9RplbJYkW3zvaFVdQ/sendMessage "HTTP/1.1 200 OK"
2025-10-30 11:00:39,446 - httpx - INFO - HTTP Request: POST https://api.telegram.org/bot8229132294:AAGIgDjK-q5AdTQyQQ9RplbJYkW3zvaFVdQ/getUpdates "HTTP/1.1 200 OK"
2025-10-30 11:00:49,248 - httpx - INFO - HTTP Request: POST https://api.telegram.org/bot8229132294:AAGIgDjK-q5AdTQyQQ9RplbJYkW3zvaFVdQ/getUpdates "HTTP/1.1 200 OK"
2025-10-30 11:00:49,249 - src.bot_admin.middleware - INFO - Admin 8306752124 executing: admin_command
2025-10-30 11:00:49,253 - src.bot_admin.audit_log - INFO - Audit: admin=8306752124, action=open_admin_panel, target=, result=success
2025-10-30 11:00:49,894 - httpx - INFO - HTTP Request: POST https://api.telegram.org/bot8229132294:AAGIgDjK-q5AdTQyQQ9RplbJYkW3zvaFVdQ/sendMessage "HTTP/1.1 200 OK"
2025-10-30 11:00:54,523 - httpx - INFO - HTTP Request: POST https://api.telegram.org/bot8229132294:AAGIgDjK-q5AdTQyQQ9RplbJYkW3zvaFVdQ/getUpdates "HTTP/1.1 200 OK"
2025-10-30 11:00:54,808 - httpx - INFO - HTTP Request: POST https://api.telegram.org/bot8229132294:AAGIgDjK-q5AdTQyQQ9RplbJYkW3zvaFVdQ/answerCallbackQuery "HTTP/1.1 200 OK"
2025-10-30 11:00:55,105 - httpx - INFO - HTTP Request: POST https://api.telegram.org/bot8229132294:AAGIgDjK-q5AdTQyQQ9RplbJYkW3zvaFVdQ/editMessageText "HTTP/1.1 200 OK"
2025-10-30 11:00:56,638 - httpx - INFO - HTTP Request: POST https://api.telegram.org/bot8229132294:AAGIgDjK-q5AdTQyQQ9RplbJYkW3zvaFVdQ/getUpdates "HTTP/1.1 200 OK"
2025-10-30 11:00:56,952 - httpx - INFO - HTTP Request: POST https://api.telegram.org/bot8229132294:AAGIgDjK-q5AdTQyQQ9RplbJYkW3zvaFVdQ/answerCallbackQuery "HTTP/1.1 200 OK"
2025-10-30 11:00:57,245 - httpx - INFO - HTTP Request: POST https://api.telegram.org/bot8229132294:AAGIgDjK-q5AdTQyQQ9RplbJYkW3zvaFVdQ/editMessageText "HTTP/1.1 200 OK"
/home/codespace/.python/current/lib/python3.12/site-packages/telegram/ext/_handlers/conversationhandler.py:904: PTBUserWarning: 'handle_callback' returned state 8 which is unknown to the ConversationHandler.
  self._update_state(new_state, conversation_key, handler)
2025-10-30 11:01:06,806 - httpx - INFO - HTTP Request: POST https://api.telegram.org/bot8229132294:AAGIgDjK-q5AdTQyQQ9RplbJYkW3zvaFVdQ/getUpdates "HTTP/1.1 200 OK"
2025-10-30 11:01:16,985 - httpx - INFO - HTTP Request: POST https://api.telegram.org/bot8229132294:AAGIgDjK-q5AdTQyQQ9RplbJYkW3zvaFVdQ/getUpdates "HTTP/1.1 200 OK"
2025-10-30 11:01:21,843 - httpx - INFO - HTTP Request: POST https://api.telegram.org/bot8229132294:AAGIgDjK-q5AdTQyQQ9RplbJYkW3zvaFVdQ/getUpdates "HTTP/1.1 200 OK"
2025-10-30 11:01:22,543 - httpx - INFO - HTTP Request: POST https://api.telegram.org/bot8229132294:AAGIgDjK-q5AdTQyQQ9RplbJYkW3zvaFVdQ/sendMessage "HTTP/1.1 200 OK"
2025-10-30 11:01:32,012 - httpx - INFO - HTTP Request: POST https://api.telegram.org/bot8229132294:AAGIgDjK-q5AdTQyQQ9RplbJYkW3zvaFVdQ/getUpdates "HTTP/1.1 200 OK"
2025-10-30 11:01:42,177 - httpx - INFO - HTTP Request: POST https://api.telegram.org/bot8229132294:AAGIgDjK-q5AdTQyQQ9RplbJYkW3zvaFVdQ/getUpdates "HTTP/1.1 200 OK"
2025-10-30 11:01:52,341 - httpx - INFO - HTTP Request: POST https://api.telegram.org/bot8229132294:AAGIgDjK-q5AdTQyQQ9RplbJYkW3zvaFVdQ/getUpdates "HTTP/1.1 200 OK"
2025-10-30 11:02:02,505 - httpx - INFO - HTTP Request: POST https://api.telegram.org/bot8229132294:AAGIgDjK-q5AdTQyQQ9RplbJYkW3zvaFVdQ/getUpdates "HTTP/1.1 200 OK"
2025-10-30 11:02:12,671 - httpx - INFO - HTTP Request: POST https://api.telegram.org/bot8229132294:AAGIgDjK-q5AdTQyQQ9RplbJYkW3zvaFVdQ/getUpdates "HTTP/1.1 200 OK"
2025-10-30 11:02:22,836 - httpx - INFO - HTTP Request: POST https://api.telegram.org/bot8229132294:AAGIgDjK-q5AdTQyQQ9RplbJYkW3zvaFVdQ/getUpdates "HTTP/1.1 200 OK"
2025-10-30 11:02:33,000 - httpx - INFO - HTTP Request: POST https://api.telegram.org/bot8229132294:AAGIgDjK-q5AdTQyQQ9RplbJYkW3zvaFVdQ/getUpdates "HTTP/1.1 200 OK"
2025-10-30 11:02:43,162 - httpx - INFO - HTTP Request: POST https://api.telegram.org/bot8229132294:AAGIgDjK-q5AdTQyQQ9RplbJYkW3zvaFVdQ/getUpdates "HTTP/1.1 200 OK"
2025-10-30 11:02:53,333 - httpx - INFO - HTTP Request: POST https://api.telegram.org/bot8229132294:AAGIgDjK-q5AdTQyQQ9RplbJYkW3zvaFVdQ/getUpdates "HTTP/1.1 200 OK"
2025-10-30 11:03:03,499 - httpx - INFO - HTTP Request: POST https://api.telegram.org/bot8229132294:AAGIgDjK-q5AdTQyQQ9RplbJYkW3zvaFVdQ/getUpdates "HTTP/1.1 200 OK"
2025-10-30 11:03:13,666 - httpx - INFO - HTTP Request: POST https://api.telegram.org/bot8229132294:AAGIgDjK-q5AdTQyQQ9RplbJYkW3zvaFVdQ/getUpdates "HTTP/1.1 200 OK"
2025-10-30 11:03:23,830 - httpx - INFO - HTTP Request: POST https://api.telegram.org/bot8229132294:AAGIgDjK-q5AdTQyQQ9RplbJYkW3zvaFVdQ/getUpdates "HTTP/1.1 200 OK"
2025-10-30 11:03:34,007 - httpx - INFO - HTTP Request: POST https://api.telegram.org/bot8229132294:AAGIgDjK-q5AdTQyQQ9RplbJYkW3zvaFVdQ/getUpdates "HTTP/1.1 200 OK"
2025-10-30 11:03:44,169 - httpx - INFO - HTTP Request: POST https://api.telegram.org/bot8229132294:AAGIgDjK-q5AdTQyQQ9RplbJYkW3zvaFVdQ/getUpdates "HTTP/1.1 200 OK"
2025-10-30 11:03:54,332 - httpx - INFO - HTTP Request: POST https://api.telegram.org/bot8229132294:AAGIgDjK-q5AdTQyQQ9RplbJYkW3zvaFVdQ/getUpdates "HTTP/1.1 200 OK"
2025-10-30 11:04:04,496 - httpx - INFO - HTTP Request: POST https://api.telegram.org/bot8229132294:AAGIgDjK-q5AdTQyQQ9RplbJYkW3zvaFVdQ/getUpdates "HTTP/1.1 200 OK"
2025-10-30 11:04:14,660 - httpx - INFO - HTTP Request: POST https://api.telegram.org/bot8229132294:AAGIgDjK-q5AdTQyQQ9RplbJYkW3zvaFVdQ/getUpdates "HTTP/1.1 200 OK"
2025-10-30 11:04:24,826 - httpx - INFO - HTTP Request: POST https://api.telegram.org/bot8229132294:AAGIgDjK-q5AdTQyQQ9RplbJYkW3zvaFVdQ/getUpdates "HTTP/1.1 200 OK"
2025-10-30 11:04:34,993 - httpx - INFO - HTTP Request: POST https://api.telegram.org/bot8229132294:AAGIgDjK-q5AdTQyQQ9RplbJYkW3zvaFVdQ/getUpdates "HTTP/1.1 200 OK"
2025-10-30 11:04:45,157 - httpx - INFO - HTTP Request: POST https://api.telegram.org/bot8229132294:AAGIgDjK-q5AdTQyQQ9RplbJYkW3zvaFVdQ/getUpdates "HTTP/1.1 200 OK"
2025-10-30 11:04:55,320 - httpx - INFO - HTTP Request: POST https://api.telegram.org/bot8229132294:AAGIgDjK-q5AdTQyQQ9RplbJYkW3zvaFVdQ/getUpdates "HTTP/1.1 200 OK"
2025-10-30 11:05:05,483 - httpx - INFO - HTTP Request: POST https://api.telegram.org/bot8229132294:AAGIgDjK-q5AdTQyQQ9RplbJYkW3zvaFVdQ/getUpdates "HTTP/1.1 200 OK"
2025-10-30 11:05:15,652 - httpx - INFO - HTTP Request: POST https://api.telegram.org/bot8229132294:AAGIgDjK-q5AdTQyQQ9RplbJYkW3zvaFVdQ/getUpdates "HTTP/1.1 200 OK"
2025-10-30 11:05:25,814 - httpx - INFO - HTTP Request: POST https://api.telegram.org/bot8229132294:AAGIgDjK-q5AdTQyQQ9RplbJYkW3zvaFVdQ/getUpdates "HTTP/1.1 200 OK"
2025-10-30 11:05:35,980 - httpx - INFO - HTTP Request: POST https://api.telegram.org/bot8229132294:AAGIgDjK-q5AdTQyQQ9RplbJYkW3zvaFVdQ/getUpdates "HTTP/1.1 200 OK"
2025-10-30 11:05:46,144 - httpx - INFO - HTTP Request: POST https://api.telegram.org/bot8229132294:AAGIgDjK-q5AdTQyQQ9RplbJYkW3zvaFVdQ/getUpdates "HTTP/1.1 200 OK"
2025-10-30 11:05:56,308 - httpx - INFO - HTTP Request: POST https://api.telegram.org/bot8229132294:AAGIgDjK-q5AdTQyQQ9RplbJYkW3zvaFVdQ/getUpdates "HTTP/1.1 200 OK"
2025-10-30 11:06:06,477 - httpx - INFO - HTTP Request: POST https://api.telegram.org/bot8229132294:AAGIgDjK-q5AdTQyQQ9RplbJYkW3zvaFVdQ/getUpdates "HTTP/1.1 200 OK"
2025-10-30 11:06:16,644 - httpx - INFO - HTTP Request: POST https://api.telegram.org/bot8229132294:AAGIgDjK-q5AdTQyQQ9RplbJYkW3zvaFVdQ/getUpdates "HTTP/1.1 200 OK"
2025-10-30 11:06:26,811 - httpx - INFO - HTTP Request: POST https://api.telegram.org/bot8229132294:AAGIgDjK-q5AdTQyQQ9RplbJYkW3zvaFVdQ/getUpdates "HTTP/1.1 200 OK"
2025-10-30 11:06:36,978 - httpx - INFO - HTTP Request: POST https://api.telegram.org/bot8229132294:AAGIgDjK-q5AdTQyQQ9RplbJYkW3zvaFVdQ/getUpdates "HTTP/1.1 200 OK"
2025-10-30 11:06:47,142 - httpx - INFO - HTTP Request: POST https://api.telegram.org/bot8229132294:AAGIgDjK-q5AdTQyQQ9RplbJYkW3zvaFVdQ/getUpdates "HTTP/1.1 200 OK"
2025-10-30 11:06:57,305 - httpx - INFO - HTTP Request: POST https://api.telegram.org/bot8229132294:AAGIgDjK-q5AdTQyQQ9RplbJYkW3zvaFVdQ/getUpdates "HTTP/1.1 200 OK"
2025-10-30 11:07:07,469 - httpx - INFO - HTTP Request: POST https://api.telegram.org/bot8229132294:AAGIgDjK-q5AdTQyQQ9RplbJYkW3zvaFVdQ/getUpdates "HTTP/1.1 200 OK"
2025-10-30 11:07:17,639 - httpx - INFO - HTTP Request: POST https://api.telegram.org/bot8229132294:AAGIgDjK-q5AdTQyQQ9RplbJYkW3zvaFVdQ/getUpdates "HTTP/1.1 200 OK"
2025-10-30 11:07:27,804 - httpx - INFO - HTTP Request: POST https://api.telegram.org/bot8229132294:AAGIgDjK-q5AdTQyQQ9RplbJYkW3zvaFVdQ/getUpdates "HTTP/1.1 200 OK"
2025-10-30 11:07:37,967 - httpx - INFO - HTTP Request: POST https://api.telegram.org/bot8229132294:AAGIgDjK-q5AdTQyQQ9RplbJYkW3zvaFVdQ/getUpdates "HTTP/1.1 200 OK"
2025-10-30 11:07:48,130 - httpx - INFO - HTTP Request: POST https://api.telegram.org/bot8229132294:AAGIgDjK-q5AdTQyQQ9RplbJYkW3zvaFVdQ/getUpdates "HTTP/1.1 200 OK"
2025-10-30 11:07:58,305 - httpx - INFO - HTTP Request: POST https://api.telegram.org/bot8229132294:AAGIgDjK-q5AdTQyQQ9RplbJYkW3zvaFVdQ/getUpdates "HTTP/1.1 200 OK"
2025-10-30 11:08:08,470 - httpx - INFO - HTTP Request: POST https://api.telegram.org/bot8229132294:AAGIgDjK-q5AdTQyQQ9RplbJYkW3zvaFVdQ/getUpdates "HTTP/1.1 200 OK"
2025-10-30 11:08:18,643 - httpx - INFO - HTTP Request: POST https://api.telegram.org/bot8229132294:AAGIgDjK-q5AdTQyQQ9RplbJYkW3zvaFVdQ/getUpdates "HTTP/1.1 200 OK"
2025-10-30 11:08:28,811 - httpx - INFO - HTTP Request: POST https://api.telegram.org/bot8229132294:AAGIgDjK-q5AdTQyQQ9RplbJYkW3zvaFVdQ/getUpdates "HTTP/1.1 200 OK"
2025-10-30 11:08:38,974 - httpx - INFO - HTTP Request: POST https://api.telegram.org/bot8229132294:AAGIgDjK-q5AdTQyQQ9RplbJYkW3zvaFVdQ/getUpdates "HTTP/1.1 200 OK"
2025-10-30 11:08:49,140 - httpx - INFO - HTTP Request: POST https://api.telegram.org/bot8229132294:AAGIgDjK-q5AdTQyQQ9RplbJYkW3zvaFVdQ/getUpdates "HTTP/1.1 200 OK"
2025-10-30 11:08:59,304 - httpx - INFO - HTTP Request: POST https://api.telegram.org/bot8229132294:AAGIgDjK-q5AdTQyQQ9RplbJYkW3zvaFVdQ/getUpdates "HTTP/1.1 200 OK"
2025-10-30 11:09:09,468 - httpx - INFO - HTTP Request: POST https://api.telegram.org/bot8229132294:AAGIgDjK-q5AdTQyQQ9RplbJYkW3zvaFVdQ/getUpdates "HTTP/1.1 200 OK"
2025-10-30 11:09:19,632 - httpx - INFO - HTTP Request: POST https://api.telegram.org/bot8229132294:AAGIgDjK-q5AdTQyQQ9RplbJYkW3zvaFVdQ/getUpdates "HTTP/1.1 200 OK"
2025-10-30 11:09:29,798 - httpx - INFO - HTTP Request: POST https://api.telegram.org/bot8229132294:AAGIgDjK-q5AdTQyQQ9RplbJYkW3zvaFVdQ/getUpdates "HTTP/1.1 200 OK"
2025-10-30 11:09:39,969 - httpx - INFO - HTTP Request: POST https://api.telegram.org/bot8229132294:AAGIgDjK-q5AdTQyQQ9RplbJYkW3zvaFVdQ/getUpdates "HTTP/1.1 200 OK"
2025-10-30 11:09:50,137 - httpx - INFO - HTTP Request: POST https://api.telegram.org/bot8229132294:AAGIgDjK-q5AdTQyQQ9RplbJYkW3zvaFVdQ/getUpdates "HTTP/1.1 200 OK"
2025-10-30 11:10:00,299 - httpx - INFO - HTTP Request: POST https://api.telegram.org/bot8229132294:AAGIgDjK-q5AdTQyQQ9RplbJYkW3zvaFVdQ/getUpdates "HTTP/1.1 200 OK"
2025-10-30 11:10:10,462 - httpx - INFO - HTTP Request: POST https://api.telegram.org/bot8229132294:AAGIgDjK-q5AdTQyQQ9RplbJYkW3zvaFVdQ/getUpdates "HTTP/1.1 200 OK"
2025-10-30 11:10:20,625 - httpx - INFO - HTTP Request: POST https://api.telegram.org/bot8229132294:AAGIgDjK-q5AdTQyQQ9RplbJYkW3zvaFVdQ/getUpdates "HTTP/1.1 200 OK"
2025-10-30 11:10:30,792 - httpx - INFO - HTTP Request: POST https://api.telegram.org/bot8229132294:AAGIgDjK-q5AdTQyQQ9RplbJYkW3zvaFVdQ/getUpdates "HTTP/1.1 200 OK"
2025-10-30 11:10:40,955 - httpx - INFO - HTTP Request: POST https://api.telegram.org/bot8229132294:AAGIgDjK-q5AdTQyQQ9RplbJYkW3zvaFVdQ/getUpdates "HTTP/1.1 200 OK"
2025-10-30 11:10:51,120 - httpx - INFO - HTTP Request: POST https://api.telegram.org/bot8229132294:AAGIgDjK-q5AdTQyQQ9RplbJYkW3zvaFVdQ/getUpdates "HTTP/1.1 200 OK"
2025-10-30 11:11:01,286 - httpx - INFO - HTTP Request: POST https://api.telegram.org/bot8229132294:AAGIgDjK-q5AdTQyQQ9RplbJYkW3zvaFVdQ/getUpdates "HTTP/1.1 200 OK"
2025-10-30 11:11:11,450 - httpx - INFO - HTTP Request: POST https://api.telegram.org/bot8229132294:AAGIgDjK-q5AdTQyQQ9RplbJYkW3zvaFVdQ/getUpdates "HTTP/1.1 200 OK"
2025-10-30 11:11:21,620 - httpx - INFO - HTTP Request: POST https://api.telegram.org/bot8229132294:AAGIgDjK-q5AdTQyQQ9RplbJYkW3zvaFVdQ/getUpdates "HTTP/1.1 200 OK"
2025-10-30 11:11:31,796 - httpx - INFO - HTTP Request: POST https://api.telegram.org/bot8229132294:AAGIgDjK-q5AdTQyQQ9RplbJYkW3zvaFVdQ/getUpdates "HTTP/1.1 200 OK"
2025-10-30 11:11:41,961 - httpx - INFO - HTTP Request: POST https://api.telegram.org/bot8229132294:AAGIgDjK-q5AdTQyQQ9RplbJYkW3zvaFVdQ/getUpdates "HTTP/1.1 200 OK"
2025-10-30 11:11:52,126 - httpx - INFO - HTTP Request: POST https://api.telegram.org/bot8229132294:AAGIgDjK-q5AdTQyQQ9RplbJYkW3zvaFVdQ/getUpdates "HTTP/1.1 200 OK"
2025-10-30 11:12:02,294 - httpx - INFO - HTTP Request: POST https://api.telegram.org/bot8229132294:AAGIgDjK-q5AdTQyQQ9RplbJYkW3zvaFVdQ/getUpdates "HTTP/1.1 200 OK"
2025-10-30 11:12:12,464 - httpx - INFO - HTTP Request: POST https://api.telegram.org/bot8229132294:AAGIgDjK-q5AdTQyQQ9RplbJYkW3zvaFVdQ/getUpdates "HTTP/1.1 200 OK"
2025-10-30 11:12:22,630 - httpx - INFO - HTTP Request: POST https://api.telegram.org/bot8229132294:AAGIgDjK-q5AdTQyQQ9RplbJYkW3zvaFVdQ/getUpdates "HTTP/1.1 200 OK"
2025-10-30 11:12:32,796 - httpx - INFO - HTTP Request: POST https://api.telegram.org/bot8229132294:AAGIgDjK-q5AdTQyQQ9RplbJYkW3zvaFVdQ/getUpdates "HTTP/1.1 200 OK"
2025-10-30 11:12:42,959 - httpx - INFO - HTTP Request: POST https://api.telegram.org/bot8229132294:AAGIgDjK-q5AdTQyQQ9RplbJYkW3zvaFVdQ/getUpdates "HTTP/1.1 200 OK"
2025-10-30 11:12:53,123 - httpx - INFO - HTTP Request: POST https://api.telegram.org/bot8229132294:AAGIgDjK-q5AdTQyQQ9RplbJYkW3zvaFVdQ/getUpdates "HTTP/1.1 200 OK"
2025-10-30 11:13:03,291 - httpx - INFO - HTTP Request: POST https://api.telegram.org/bot8229132294:AAGIgDjK-q5AdTQyQQ9RplbJYkW3zvaFVdQ/getUpdates "HTTP/1.1 200 OK"
2025-10-30 11:13:13,782 - httpx - INFO - HTTP Request: POST https://api.telegram.org/bot8229132294:AAGIgDjK-q5AdTQyQQ9RplbJYkW3zvaFVdQ/getUpdates "HTTP/1.1 200 OK"
2025-10-30 11:13:23,944 - httpx - INFO - HTTP Request: POST https://api.telegram.org/bot8229132294:AAGIgDjK-q5AdTQyQQ9RplbJYkW3zvaFVdQ/getUpdates "HTTP/1.1 200 OK"
2025-10-30 11:13:34,107 - httpx - INFO - HTTP Request: POST https://api.telegram.org/bot8229132294:AAGIgDjK-q5AdTQyQQ9RplbJYkW3zvaFVdQ/getUpdates "HTTP/1.1 200 OK"
2025-10-30 11:13:44,271 - httpx - INFO - HTTP Request: POST https://api.telegram.org/bot8229132294:AAGIgDjK-q5AdTQyQQ9RplbJYkW3zvaFVdQ/getUpdates "HTTP/1.1 200 OK"
